Log file open, 03/17/19 17:02:45
LogWindows: Failed to load 'aqProf.dll' (GetLastError=126)
LogWindows: File 'aqProf.dll' does not exist
LogWindows: Failed to load 'VtuneApi.dll' (GetLastError=126)
LogWindows: File 'VtuneApi.dll' does not exist
LogWindows: Failed to load 'VtuneApi32e.dll' (GetLastError=126)
LogWindows: File 'VtuneApi32e.dll' does not exist
LogInit: Display: Running engine for game: GoTLegends
LogPlatformFile: Not using cached read wrapper
LogTaskGraph: Started task graph with 5 named threads and 23 total threads with 3 sets of task threads.
LogStats: Stats thread started at 0.264653
LogD3D11RHI: Loaded GFSDK_Aftermath_Lib.x64.dll
LogICUInternationalization: Display: ICU TimeZone Detection - Raw Offset: -5:00, Platform Override: ''
LogPluginManager: Mounting plugin Paper2D
LogPluginManager: Mounting plugin AISupport
LogPluginManager: Mounting plugin LightPropagationVolume
LogPluginManager: Mounting plugin CLionSourceCodeAccess
LogPluginManager: Mounting plugin CodeLiteSourceCodeAccess
LogPluginManager: Mounting plugin GitSourceControl
LogPluginManager: Mounting plugin KDevelopSourceCodeAccess
LogPluginManager: Mounting plugin NullSourceCodeAccess
LogPluginManager: Mounting plugin PerforceSourceControl
LogPluginManager: Mounting plugin SubversionSourceControl
LogPluginManager: Mounting plugin UObjectPlugin
LogPluginManager: Mounting plugin VisualStudioCodeSourceCodeAccess
LogPluginManager: Mounting plugin VisualStudioSourceCodeAccess
LogPluginManager: Mounting plugin XCodeSourceCodeAccess
LogPluginManager: Mounting plugin AssetManagerEditor
LogPluginManager: Mounting plugin CryptoKeys
LogPluginManager: Mounting plugin DataValidation
LogPluginManager: Mounting plugin FacialAnimation
LogPluginManager: Mounting plugin GameplayTagsEditor
LogPluginManager: Mounting plugin MacGraphicsSwitching
LogPluginManager: Mounting plugin MeshEditor
LogPluginManager: Mounting plugin MobileLauncherProfileWizard
LogPluginManager: Mounting plugin PluginBrowser
LogPluginManager: Mounting plugin SpeedTreeImporter
LogPluginManager: Mounting plugin DatasmithContent
LogPluginManager: Mounting plugin AlembicImporter
LogPluginManager: Mounting plugin AppleImageUtils
LogPluginManager: Mounting plugin AppleVision
LogPluginManager: Mounting plugin BackChannel
LogPluginManager: Mounting plugin CharacterAI
LogPluginManager: Mounting plugin GeometryCache
LogPluginManager: Mounting plugin HTML5Networking
LogPluginManager: Mounting plugin ProxyLODPlugin
LogPluginManager: Mounting plugin GameSparks
LogPluginManager: Mounting plugin MagicLeap
LogPluginManager: Mounting plugin MagicLeapEmulator
LogPluginManager: Mounting plugin MagicLeapMedia
LogPluginManager: Mounting plugin AndroidMedia
LogPluginManager: Mounting plugin AvfMedia
LogPluginManager: Mounting plugin ImgMedia
LogPluginManager: Mounting plugin LinearTimecode
LogPluginManager: Mounting plugin MediaCompositing
LogPluginManager: Mounting plugin MediaPlayerEditor
LogPluginManager: Mounting plugin WmfMedia
LogPluginManager: Mounting plugin TcpMessaging
LogPluginManager: Mounting plugin UdpMessaging
LogPluginManager: Mounting plugin ActorSequence
LogPluginManager: Mounting plugin LevelSequenceEditor
LogPluginManager: Mounting plugin MatineeToLevelSequence
LogPluginManager: Mounting plugin NetcodeUnitTest
LogPluginManager: Mounting plugin NUTUnrealEngine4
LogPluginManager: Mounting plugin OnlineSubsystemGooglePlay
LogPluginManager: Mounting plugin OnlineSubsystemIOS
LogPluginManager: Mounting plugin OnlineSubsystem
LogPluginManager: Mounting plugin OnlineSubsystemNull
LogPluginManager: Mounting plugin OnlineSubsystemUtils
LogPluginManager: Mounting plugin LauncherChunkInstaller
LogPluginManager: Mounting plugin AndroidDeviceProfileSelector
LogPluginManager: Mounting plugin AndroidMoviePlayer
LogPluginManager: Mounting plugin AndroidPermission
LogPluginManager: Mounting plugin AppleMoviePlayer
LogPluginManager: Mounting plugin ArchVisCharacter
LogPluginManager: Mounting plugin AudioCapture
LogPluginManager: Mounting plugin CableComponent
LogPluginManager: Mounting plugin CustomMeshComponent
LogPluginManager: Mounting plugin EditableMesh
LogPluginManager: Mounting plugin ExampleDeviceProfileSelector
LogPluginManager: Mounting plugin GoogleCloudMessaging
LogPluginManager: Mounting plugin ImmediatePhysics
LogPluginManager: Mounting plugin IOSDeviceProfileSelector
LogPluginManager: Mounting plugin LinuxDeviceProfileSelector
LogPluginManager: Mounting plugin LocationServicesBPLibrary
LogPluginManager: Mounting plugin MobilePatchingUtils
LogPluginManager: Mounting plugin OculusVR
LogPluginManager: Plugin shader directory ../../../Engine/Plugins/Runtime/Oculus/OculusVR/Shaders found
LogPluginManager: Mapping shader source directory ../../../Engine/Plugins/Runtime/Oculus/OculusVR/Shaders to virtual directory /Plugin/OculusVR
LogPluginManager: Mounting plugin PhysXVehicles
LogPluginManager: Mounting plugin ProceduralMeshComponent
LogPluginManager: Mounting plugin RuntimePhysXCooking
LogPluginManager: Mounting plugin SteamVR
LogPluginManager: Mounting plugin WindowsMoviePlayer
LogStreaming: Display: Took  0.032s to configure plugins.
LogInit: Using libcurl 7.55.1-DEV
LogInit:  - built for x86_64-pc-win32
LogInit:  - supports SSL with OpenSSL/1.0.2h
LogInit:  - supports HTTP deflate (compression) using libz 1.2.8
LogInit:  - other features:
LogInit:      CURL_VERSION_SSL
LogInit:      CURL_VERSION_LIBZ
LogInit:      CURL_VERSION_IPV6
LogInit:      CURL_VERSION_ASYNCHDNS
LogInit:      CURL_VERSION_LARGEFILE
LogInit:      CURL_VERSION_IDN
LogInit:  CurlRequestOptions (configurable via config and command line):
LogInit:  - bVerifyPeer = false  - Libcurl will NOT verify peer certificate
LogInit:  - bUseHttpProxy = false  - Libcurl will NOT use HTTP proxy
LogInit:  - bDontReuseConnections = false  - Libcurl will reuse connections
LogInit:  - CertBundlePath = nullptr  - Libcurl will use whatever was configured at build time.
LogInit:  - MaxHostConnections = 16  - Libcurl will limit the number of connections to a host
LogInit:  - LocalHostAddr = Default
LogInit:  - BufferSize = 65536
LogInit: WinSock: version 1.1 (2.2), MaxSocks=32767, MaxUdp=65467
LogInit: Build: ++UE4+Release-4.20-CL-4369336
LogInit: Engine Version: 4.20.3-4369336+++UE4+Release-4.20
LogInit: Compatible Engine Version: 4.20.0-4212847+++UE4+Release-4.20
LogInit: Net CL: 4212847
LogInit: OS: Windows 10 (), CPU: Intel(R) Core(TM) i7-7700K CPU @ 4.20GHz, GPU: NVIDIA GeForce GTX 1080
LogInit: Compiled (64-bit): Sep 17 2018 12:26:19
LogInit: Compiled with Visual C++: 19.13.26129.00
LogInit: Build Configuration: Development
LogInit: Branch Name: ++UE4+Release-4.20
LogInit: Command Line:  /Game/Core/Maps/TopDownExampleMap -game -PIEVIACONSOLE -ResX=1280 -ResY=720  -Multiprocess -messaging -SessionName="Play in Standalone Game" -featureleveles2 -faketouches -windowed 
LogInit: Base Directory: D:/Program Files (x86)/Epic Games/UE_4.20/Engine/Binaries/Win64/
LogInit: Installed Engine Build: 1
LogDevObjectVersion: Number of dev versions registered: 20
LogDevObjectVersion:   Dev-Blueprints (B0D832E4-1F89-4F0D-ACCF-7EB736FD4AA2): 10
LogDevObjectVersion:   Dev-Build (E1C64328-A22C-4D53-A36C-8E866417BD8C): 0
LogDevObjectVersion:   Dev-Core (375EC13C-06E4-48FB-B500-84F0262A717E): 2
LogDevObjectVersion:   Dev-Editor (E4B068ED-F494-42E9-A231-DA0B2E46BB41): 24
LogDevObjectVersion:   Dev-Framework (CFFC743F-43B0-4480-9391-14DF171D2073): 34
LogDevObjectVersion:   Dev-Mobile (B02B49B5-BB20-44E9-A304-32B752E40360): 2
LogDevObjectVersion:   Dev-Networking (A4E4105C-59A1-49B5-A7C5-40C4547EDFEE): 0
LogDevObjectVersion:   Dev-Online (39C831C9-5AE6-47DC-9A44-9C173E1C8E7C): 0
LogDevObjectVersion:   Dev-Physics (78F01B33-EBEA-4F98-B9B4-84EACCB95AA2): 0
LogDevObjectVersion:   Dev-Platform (6631380F-2D4D-43E0-8009-CF276956A95A): 0
LogDevObjectVersion:   Dev-Rendering (12F88B9F-8875-4AFC-A67C-D90C383ABD29): 26
LogDevObjectVersion:   Dev-Sequencer (7B5AE74C-D270-4C10-A958-57980B212A5A): 9
LogDevObjectVersion:   Dev-VR (D7296918-1DD6-4BDD-9DE2-64A83CC13884): 2
LogDevObjectVersion:   Dev-LoadTimes (C2A15278-BFE7-4AFE-6C17-90FF531DF755): 1
LogDevObjectVersion:   Private-Geometry (6EACA3D4-40EC-4CC1-B786-8BED09428FC5): 3
LogDevObjectVersion:   Dev-AnimPhys (29E575DD-E0A3-4627-9D10-D276232CDCEA): 17
LogDevObjectVersion:   Dev-ReflectionCapture (6B266CEC-1EC7-4B8F-A30B-E4D90942FC07): 1
LogDevObjectVersion:   Dev-Automation (0DF73D61-A23F-47EA-B727-89E90C41499A): 1
LogDevObjectVersion:   FortniteMain (601D1886-AC64-4F84-AA16-D3DE0DEAC7D6): 12
LogDevObjectVersion:   Dev-Enterprise (9DFFBCD6-494F-0158-E221-12823C92A888): 1
LogStreaming: Display: Took  0.001s to delete old logs.
LogInit: Presizing for max 8388607 objects, including 0 objects not considered by GC, pre-allocating 0 bytes for permanent pool.
LogInit: Object subsystem initialized
[2019.03.17-21.02.46:158][  0]LogInit: Selected Device Profile: [Windows]
[2019.03.17-21.02.46:158][  0]LogInit: Applying CVar settings loaded from the selected device profile: [Windows]
[2019.03.17-21.02.46:160][  0]LogHAL: Display: Platform has ~ 32 GB [34286739456 / 34359738368 / 32], which maps to Largest [LargestMinGB=32, LargerMinGB=12, DefaultMinGB=8, SmallerMinGB=6, SmallestMinGB=0)
[2019.03.17-21.02.46:160][  0]LogInit: Setting Device Profile CVar: [[r.Vulkan.UseRealUBs:1]]
[2019.03.17-21.02.46:160][  0]LogInit: Going up to parent DeviceProfile []
[2019.03.17-21.02.46:160][  0]LogInit: Computer: DESKTOP-JPO613A
[2019.03.17-21.02.46:160][  0]LogInit: User: tonym
[2019.03.17-21.02.46:160][  0]LogInit: CPU Page size=4096, Cores=4
[2019.03.17-21.02.46:160][  0]LogInit: High frequency timer resolution =4.101564 MHz
[2019.03.17-21.02.46:160][  0]LogMemory: Memory total: Physical=31.9GB (32GB approx)
[2019.03.17-21.02.46:160][  0]LogMemory: Platform Memory Stats for Windows
[2019.03.17-21.02.46:160][  0]LogMemory: Process Physical Memory: 100.79 MB used, 100.79 MB peak
[2019.03.17-21.02.46:160][  0]LogMemory: Process Virtual Memory: 89.51 MB used, 89.51 MB peak
[2019.03.17-21.02.46:160][  0]LogMemory: Physical Memory: 12265.13 MB used,  20433.25 MB free, 32698.38 MB total
[2019.03.17-21.02.46:160][  0]LogMemory: Virtual Memory: 4643.96 MB used,  20433.25 MB free, 134217728.00 MB total
[2019.03.17-21.02.47:151][  0]LogInit: Using OS detected language (en-US).
[2019.03.17-21.02.47:151][  0]LogInit: Using OS detected locale (en-US).
[2019.03.17-21.02.47:152][  0]LogTextLocalizationManager: No specific localization for 'en-US' exists, so the 'en' localization will be used.
[2019.03.17-21.02.47:426][  0]LogStreaming: Display: Took  0.274s to InitEngineTextLocalization.
[2019.03.17-21.02.47:450][  0]LogSlate: New Slate User Created.  User Index 0, Is Virtual User: 0
[2019.03.17-21.02.47:450][  0]LogSlate: Slate User Registered.  User Index 0, Is Virtual User: 0
[2019.03.17-21.02.47:458][  0]LogHMD: Failed to initialize OpenVR with code 110
[2019.03.17-21.02.47:458][  0]LogD3D11RHI: D3D11 adapters:
[2019.03.17-21.02.47:504][  0]LogD3D11RHI:    0. 'NVIDIA GeForce GTX 1080' (Feature Level 11_0)
[2019.03.17-21.02.47:504][  0]LogD3D11RHI:       8079/0/16349 MB DedicatedVideo/DedicatedSystem/SharedSystem, Outputs:2, VendorId:0x10de
[2019.03.17-21.02.47:552][  0]LogD3D11RHI:    1. 'NVIDIA GeForce GTX 1080' (Feature Level 11_0)
[2019.03.17-21.02.47:552][  0]LogD3D11RHI:       8079/0/16349 MB DedicatedVideo/DedicatedSystem/SharedSystem, Outputs:0, VendorId:0x10de
[2019.03.17-21.02.47:553][  0]LogD3D11RHI:    2. 'Microsoft Basic Render Driver' (Feature Level 11_0)
[2019.03.17-21.02.47:553][  0]LogD3D11RHI:       0/0/16349 MB DedicatedVideo/DedicatedSystem/SharedSystem, Outputs:0, VendorId:0x1414
[2019.03.17-21.02.47:553][  0]LogD3D11RHI: Chosen D3D11 Adapter: 0
[2019.03.17-21.02.47:565][  0]LogD3D11RHI: Creating new Direct3DDevice
[2019.03.17-21.02.47:565][  0]LogD3D11RHI:     GPU DeviceId: 0x1b80 (for the marketing name, search the web for "GPU Device Id")
[2019.03.17-21.02.47:565][  0]LogWindows: EnumDisplayDevices:
[2019.03.17-21.02.47:565][  0]LogWindows:    0. 'NVIDIA GeForce GTX 1080' (P:0 D:1)
[2019.03.17-21.02.47:565][  0]LogWindows:    1. 'NVIDIA GeForce GTX 1080' (P:1 D:1)
[2019.03.17-21.02.47:565][  0]LogWindows:    2. 'NVIDIA GeForce GTX 1080' (P:0 D:0)
[2019.03.17-21.02.47:565][  0]LogWindows:    3. 'NVIDIA GeForce GTX 1080' (P:0 D:0)
[2019.03.17-21.02.47:566][  0]LogWindows:    4. 'NVIDIA GeForce GTX 1080' (P:0 D:0)
[2019.03.17-21.02.47:566][  0]LogWindows:    5. 'NVIDIA GeForce GTX 1080' (P:0 D:0)
[2019.03.17-21.02.47:566][  0]LogWindows:    6. 'NVIDIA GeForce GTX 1080' (P:0 D:0)
[2019.03.17-21.02.47:566][  0]LogWindows:    7. 'NVIDIA GeForce GTX 1080' (P:0 D:0)
[2019.03.17-21.02.47:566][  0]LogWindows: DebugString: FoundDriverCount:8 
[2019.03.17-21.02.47:566][  0]LogD3D11RHI:     Adapter Name: NVIDIA GeForce GTX 1080
[2019.03.17-21.02.47:566][  0]LogD3D11RHI:   Driver Version: 417.71 (internal:25.21.14.1771, unified:417.71)
[2019.03.17-21.02.47:566][  0]LogD3D11RHI:      Driver Date: 1-11-2019
[2019.03.17-21.02.47:566][  0]LogRHI: Texture pool is 5655 MB (70% of 8079 MB)
[2019.03.17-21.02.47:597][  0]LogD3D11RHI: Async texture creation enabled
[2019.03.17-21.02.47:625][  0]LogD3D11RHI: GPU Timing Frequency: 1000.000000 (Debug: 2 2)
[2019.03.17-21.02.47:718][  0]LogShaderCompilers: Guid format shader working directory is 21 characters bigger than the processId version (E:/GoTLegends/GoTLegends/Intermediate/Shaders/WorkingDirectory/38452/).
[2019.03.17-21.02.47:718][  0]LogShaderCompilers: Cleaned the shader compiler working directory 'C:/Users/tonym/AppData/Local/Temp/UnrealShaderWorkingDir/21224FFB4A17587D6197C1A0227CE9EB/'.
[2019.03.17-21.02.47:902][  0]LogTemp: Display: Loaded TP WindowsClientTargetPlatform
[2019.03.17-21.02.47:911][  0]LogTemp: Display: Loaded TP WindowsNoEditorTargetPlatform
[2019.03.17-21.02.47:920][  0]LogTemp: Display: Loaded TP WindowsServerTargetPlatform
[2019.03.17-21.02.47:924][  0]LogTemp: Display: Loaded TP WindowsTargetPlatform
[2019.03.17-21.02.47:924][  0]LogTargetPlatformManager: Display: Building Assets For Windows
[2019.03.17-21.02.47:955][  0]LogXGEController: Cannot use XGE Controller as Incredibuild is not installed on this machine.
[2019.03.17-21.02.47:955][  0]LogShaderCompilers: Cannot use XGE Shader Compiler as Incredibuild is not installed on this machine.
[2019.03.17-21.02.47:955][  0]LogShaderCompilers: Display: Using Local Shader Compiler.
[2019.03.17-21.02.48:396][  0]LogDerivedDataCache: Display: Max Cache Size: 512 MB
[2019.03.17-21.02.48:435][  0]LogDerivedDataCache: Loaded boot cache 0.04s 71MB C:/Users/tonym/AppData/Local/UnrealEngine/4.20/DerivedDataCache/Boot.ddc.
[2019.03.17-21.02.48:435][  0]LogDerivedDataCache: Display: Loaded Boot cache: C:/Users/tonym/AppData/Local/UnrealEngine/4.20/DerivedDataCache/Boot.ddc
[2019.03.17-21.02.48:436][  0]LogDerivedDataCache: FDerivedDataBackendGraph:  Pak pak cache file E:/GoTLegends/GoTLegends/DerivedDataCache/DDC.ddp not found, will not use a pak cache.
[2019.03.17-21.02.48:436][  0]LogDerivedDataCache: Unable to find inner node Pak for hierarchical cache Hierarchy.
[2019.03.17-21.02.48:436][  0]LogDerivedDataCache: FDerivedDataBackendGraph:  CompressedPak pak cache file E:/GoTLegends/GoTLegends/DerivedDataCache/Compressed.ddp not found, will not use a pak cache.
[2019.03.17-21.02.48:436][  0]LogDerivedDataCache: Unable to find inner node CompressedPak for hierarchical cache Hierarchy.
[2019.03.17-21.02.48:446][  0]LogDerivedDataCache: Display: Pak cache opened for reading ../../../Engine/DerivedDataCache/Compressed.ddp.
[2019.03.17-21.02.48:458][  0]LogDerivedDataCache: Using Local data cache path C:/Users/tonym/AppData/Local/UnrealEngine/Common/DerivedDataCache: Writable
[2019.03.17-21.02.48:458][  0]LogDerivedDataCache: Shared data cache path not found in *engine.ini, will not use an Shared cache.
[2019.03.17-21.02.48:458][  0]LogDerivedDataCache: Unable to find inner node Shared for hierarchical cache Hierarchy.
[2019.03.17-21.02.48:465][  0]LogMaterial: Verifying Global Shaders for PCD3D_ES2
[2019.03.17-21.02.48:466][  0]LogSlate: Using FreeType 2.6.0
[2019.03.17-21.02.48:466][  0]LogSlate: SlateFontServices - WITH_FREETYPE: 1, WITH_HARFBUZZ: 1
[2019.03.17-21.02.48:495][  0]LogInit: Using OS detected language (en-US).
[2019.03.17-21.02.48:495][  0]LogInit: Using OS detected locale (en-US).
[2019.03.17-21.02.48:496][  0]LogTextLocalizationManager: No localization for 'en-US' exists, so 'en' will be used for the language.
[2019.03.17-21.02.48:496][  0]LogTextLocalizationManager: No localization for 'en-US' exists, so 'en' will be used for the locale.
[2019.03.17-21.02.48:721][  0]LogStreaming: Display: Took  0.226s to InitGameTextLocalization.
[2019.03.17-21.02.48:725][  0]LogAssetRegistry: FAssetRegistry took 0.0030 seconds to start up
[2019.03.17-21.02.48:860][  0]LogPackageLocalizationCache: Processed 12 localized package path(s) for 1 prioritized culture(s) in 0.009534 seconds
[2019.03.17-21.02.48:929][  0]LogInit: Selected Device Profile: [Windows]
[2019.03.17-21.02.49:022][  0]LogSimplygon: Simplygon DLL not present - disabling.
[2019.03.17-21.02.49:024][  0]LogMeshReduction: Using SimplygonSwarm for distributed automatic mesh merging
[2019.03.17-21.02.49:024][  0]LogMeshReduction: Using ProxyLODMeshReduction for automatic mesh merging
[2019.03.17-21.02.49:024][  0]LogMeshReduction: Using QuadricMeshReduction for automatic static mesh reduction
[2019.03.17-21.02.49:024][  0]LogMeshReduction: No automatic skeletal mesh reduction module available
[2019.03.17-21.02.49:037][  0]LogNetVersion: GoTLegends 1.0.0, NetCL: 4212847, EngineNetVer: 5, GameNetVer: 0 (Checksum: 3235657948)
[2019.03.17-21.02.49:409][  0]LogMoviePlayer: Initializing movie player
[2019.03.17-21.02.49:555][  0]UGameSparksModuleLog: Warning: GameSparks::StartupModule
[2019.03.17-21.02.49:557][  0]LogTcpMessaging: Initializing TcpMessaging bridge
[2019.03.17-21.02.49:569][  0]LogUdpMessaging: Initializing bridge on interface 0.0.0.0:0 to multicast group 230.0.0.1:6666.
[2019.03.17-21.02.49:648][  0]SourceControl: Source control is disabled
[2019.03.17-21.02.49:648][  0]SourceControl: Source control is disabled
[2019.03.17-21.02.49:649][  0]SourceControl: Source control is disabled
[2019.03.17-21.02.49:762][  0]LogAndroidPermission: UAndroidPermissionCallbackProxy::GetInstance
[2019.03.17-21.02.49:800][  0]LogOcInput: OculusInput pre-init called
[2019.03.17-21.02.49:806][  0]LogUObjectArray: 46706 objects as part of root set at end of initial load.
[2019.03.17-21.02.49:806][  0]LogUObjectAllocator: 8160960 out of 0 bytes used by permanent object pool.
[2019.03.17-21.02.49:806][  0]LogUObjectArray: CloseDisregardForGC: 0/0 objects in disregard for GC pool
[2019.03.17-21.02.49:856][  0]LogEngine: Initializing Engine...
[2019.03.17-21.02.49:857][  0]LogHMD: Failed to initialize OpenVR with code 110
[2019.03.17-21.02.49:869][  0]LogStats: UGameplayTagsManager::ConstructGameplayTagTree: ImportINI prefixes -  0.000 s
[2019.03.17-21.02.49:869][  0]LogStats: UGameplayTagsManager::ConstructGameplayTagTree: Construct from data asset -  0.000 s
[2019.03.17-21.02.49:869][  0]LogStats: UGameplayTagsManager::ConstructGameplayTagTree: ImportINI -  0.000 s
[2019.03.17-21.02.49:869][  0]LogStats: UGameplayTagsManager::ConstructGameplayTagTree: GameplayTagTreeChangedEvent.Broadcast -  0.000 s
[2019.03.17-21.02.50:058][  0]LogInit: Initializing FReadOnlyCVARCache
[2019.03.17-21.02.50:068][  0]LogInit: XAudio2 using 'U28E590 (NVIDIA High Definition Audio)' : 2 channels at 48 kHz using 16 bits per sample (channel mask 0x3)
[2019.03.17-21.02.50:078][  0]LogInit: FAudioDevice initialized.
[2019.03.17-21.02.50:089][  0]LogNetVersion: Set ProjectVersion to 1.0.0.0. Version Checksum will be recalculated on next use.
[2019.03.17-21.02.50:100][  0]LogInit: Texture streaming: Enabled
[2019.03.17-21.02.50:257][  0]LogSlate: Updating window title bar state: overlay mode, drag disabled, window buttons hidden, title bar hidden
[2019.03.17-21.02.50:257][  0]LogInit: Display: Game Engine Initialized.
[2019.03.17-21.02.50:257][  0]LogGameplayTags: Display: UGameplayTagsManager::DoneAddingNativeTags. DelegateIsBound: 0
[2019.03.17-21.02.50:257][  0]LogStats: UGameplayTagsManager::ConstructGameplayTagTree: ImportINI prefixes -  0.000 s
[2019.03.17-21.02.50:257][  0]LogStats: UGameplayTagsManager::ConstructGameplayTagTree: Construct from data asset -  0.000 s
[2019.03.17-21.02.50:257][  0]LogStats: UGameplayTagsManager::ConstructGameplayTagTree: ImportINI -  0.000 s
[2019.03.17-21.02.50:257][  0]LogStats: UGameplayTagsManager::ConstructGameplayTagTree: GameplayTagTreeChangedEvent.Broadcast -  0.000 s
[2019.03.17-21.02.50:265][  0]LogInit: Display: Starting Game.
[2019.03.17-21.02.50:265][  0]LogNet: Browse: /Game/Core/Maps/TopDownExampleMap?Name=Player
[2019.03.17-21.02.50:265][  0]LogLoad: LoadMap: /Game/Core/Maps/TopDownExampleMap?Name=Player
[2019.03.17-21.02.51:092][  0]LogAIModule: Creating AISystem for world TopDownExampleMap
[2019.03.17-21.02.51:092][  0]LogLoad: Game class is 'GOTGameMode_C'
[2019.03.17-21.02.51:099][  0]LogWorld: Bringing World /Game/Core/Maps/TopDownExampleMap.TopDownExampleMap up for play (max tick rate 0) at 2019.03.17-17.02.51
[2019.03.17-21.02.51:099][  0]LogWorld: Bringing up level for play took: 0.005726
[2019.03.17-21.02.51:101][  0]UGameSparksModuleLog: Warning: GameSparks::Initialize
[2019.03.17-21.02.51:102][  0]UGameSparksModuleLog: Initialized
[2019.03.17-21.02.51:105][  0]LogLoad: Took 0.840277 seconds to LoadMap(/Game/Core/Maps/TopDownExampleMap)
[2019.03.17-21.02.51:107][  0]LogSlate: Took 0.000145 seconds to synchronously load lazily loaded font '../../../Engine/Content/Slate/Fonts/Roboto-Regular.ttf' (155K)
[2019.03.17-21.02.51:168][  0]LogRenderer: Reallocating scene render targets to support 1280x720 Format 10 NumSamples 1 (Frame:1).
[2019.03.17-21.02.51:168][  0]LogLoad: (Engine Initialization) Total time: 6.14 seconds
[2019.03.17-21.02.51:168][  0]LogLoad: (Engine Initialization) Total Blueprint compile time: 0.00 seconds
[2019.03.17-21.02.51:186][  0]LogWindowsTextInputMethodSystem: Display: IME system now deactivated.
[2019.03.17-21.02.51:188][  0]LogContentStreaming: Texture pool size now 1000 MB
[2019.03.17-21.02.51:798][ 36]UGameSparksModuleLog: WebSocket callback: {"@class": ".AuthenticatedConnectResponse","connectUrl": "wss://gsp-auw000-se12.gamesparks.net/ws/device/p378145LFUDz","requestId": "0"}
[2019.03.17-21.02.51:798][ 36]UGameSparksModuleLog: Received new connection url from gamesparks backend. Establishing new connection now.
[2019.03.17-21.02.51:798][ 36]UGameSparksModuleLog: Create new connection
[2019.03.17-21.02.51:799][ 36]UGameSparksModuleLog: Handle authentication connect response with immediate handshake
[2019.03.17-21.02.51:800][ 36]UGameSparksModuleLog: Connection stopped, deleting it
[2019.03.17-21.02.51:800][ 36]UGameSparksModuleLog: WebSocket closed
[2019.03.17-21.02.52:475][ 78]UGameSparksModuleLog: WebSocket callback: {"@class":".AuthenticatedConnectResponse","nonce":"1853396d-46e2-4166-b5af-910da1d48d69","requestId":"0"}
[2019.03.17-21.02.52:475][ 78]UGameSparksModuleLog: Handle authentication connect response with immediate handshake
[2019.03.17-21.02.52:476][ 78]UGameSparksModuleLog: Send immediate request: {
	"@class":	".AuthenticatedConnectRequest",
	"hmac":	"h5PMAgRUHVGRbxWes4WlXCK0UoW4Fq7OCBzo9h2OdHs=",
	"os":	"Windows",
	"platform":	"Windows",
	"deviceId":	"bef00ac472659f9cca6543a66f0b02fd",
	"deviceStats":	{
		"cpu.cores":	"8",
		"cpu.vendor":	"Intel(R) Core(TM) i7-7700K CPU @ 4.20GHz",
		"engine":	"Unreal Engine",
		"engine.version":	"4.20.0",
		"manufacturer":	"Microsoft",
		"memory":	"32698 MB",
		"model":	"PC",
		"os.name":	"Windows",
		"os.version":	"10.0.17134.648",
		"os.version.major":	"10",
		"os.version.major.minor":	"10.0",
		"resolution":	"2194x1234",
		"gssdk":	"1.1.23.0"
	}
}
[2019.03.17-21.02.52:476][ 78]UGameSparksModuleLog: Handshake request sent
[2019.03.17-21.02.52:589][ 85]UGameSparksModuleLog: WebSocket callback: {"@class":".AuthenticatedConnectResponse","requestId":"0","sessionId":"1853396d-46e2-4166-b5af-910da1d48d69"}
[2019.03.17-21.02.52:589][ 85]UGameSparksModuleLog: Handle authentication connect response with immediate handshake
[2019.03.17-21.02.52:589][ 85]UGameSparksModuleLog: Warning: GameSparks::GameSparksAvailable_Static
[2019.03.17-21.02.52:589][ 85]LogBlueprintUserMessages: [GOTGameMode_C_0] Server Status: Available
[2019.03.17-21.02.57:992][420]LogSlate: FSceneViewport::OnFocusLost() reason 0
[2019.03.17-21.03.00:152][552]LogRenderer: Reallocating scene render targets to support 2196x1236 Format 10 NumSamples 1 (Frame:553).
[2019.03.17-21.03.05:395][877]UGameSparksModuleLog: Send immediate request: {
	"@class":	".AuthenticationRequest",
	"password":	"Sweeps0508",
	"userName":	"tonymorgan92",
	"requestId":	"1552856585_0"
}
[2019.03.17-21.03.05:525][885]UGameSparksModuleLog: WebSocket callback: {"@class":".AuthenticationResponse","authToken":"63a06180-8e49-45e9-ab48-e428f1af15c8","displayName":"tonymorgan92","newPlayer":false,"requestId":"1552856585_0","userId":"5c8ac6976379c8469eef7c87"}
[2019.03.17-21.03.05:525][885]UGameSparksModuleLog: Received auth token
[2019.03.17-21.03.05:528][885]LogBlueprintUserMessages: [GameSparksLogin_C_0] Welcome back tonymorgan92
[2019.03.17-21.03.05:528][885]UGameSparksModuleLog: New UserId init persistent queue
[2019.03.17-21.03.05:637][892]UGameSparksModuleLog: Send immediate request: {
	"@class":	".GetMyTeamsRequest",
	"requestId":	"1552856585_1"
}
[2019.03.17-21.03.05:751][899]UGameSparksModuleLog: WebSocket callback: {"@class":".GetMyTeamsResponse","requestId":"1552856585_1","teams":[{"members":[{"displayName":"tonymorgan92","externalIds":{ },"id":"5c8ac6976379c8469eef7c87","online":true},{"displayName":"naddax","externalIds":{ },"id":"5c8acd8947eb4e1e9842a355","online":false},{"displayName":"Jackimedes","externalIds":{ },"id":"5c8ac68b47eb4e1e983f1e89","online":false}],"owner":{"displayName":"tonymorgan92","externalIds":{ },"id":"5c8ac6976379c8469eef7c87","online":true},"teamId":"1","teamName":"Development Test Guild","teamType":"GUILD"}]}
[2019.03.17-21.03.07:960][ 36]LogSlate: FSceneViewport::OnFocusLost() reason 0
[2019.03.17-21.03.09:202][113]LogSlate: FSceneViewport::OnFocusLost() reason 0
[2019.03.17-21.03.23:945][ 27]UGameSparksModuleLog: Send immediate request: {
	"@class":	".GetMyTeamsRequest",
	"requestId":	"1552856603_2"
}
[2019.03.17-21.03.23:945][ 27]UGameSparksModuleLog: Send immediate request: {
	"@class":	".ListTeamChatRequest",
	"entryCount":	50,
	"ownerId":	"5c8ac6976379c8469eef7c87",
	"teamId":	"1",
	"teamType":	"GUILD",
	"scriptData":	{
},
	"requestId":	"1552856603_3"
}
[2019.03.17-21.03.24:042][ 33]UGameSparksModuleLog: WebSocket callback: {"@class":".GetMyTeamsResponse","requestId":"1552856603_2","teams":[{"members":[{"displayName":"tonymorgan92","externalIds":{ },"id":"5c8ac6976379c8469eef7c87","online":true},{"displayName":"naddax","externalIds":{ },"id":"5c8acd8947eb4e1e9842a355","online":false},{"displayName":"Jackimedes","externalIds":{ },"id":"5c8ac68b47eb4e1e983f1e89","online":false}],"owner":{"displayName":"tonymorgan92","externalIds":{ },"id":"5c8ac6976379c8469eef7c87","online":true},"teamId":"1","teamName":"Development Test Guild","teamType":"GUILD"}]}
[2019.03.17-21.03.24:058][ 34]UGameSparksModuleLog: WebSocket callback: {"@class":".ListTeamChatResponse","messages":[{"fromId":"5c8ac6976379c8469eef7c87","id":"5c8d3f9db4d7620517e93bfc","message":"the website","when":1552760733421,"who":"tonymorgan92"},{"fromId":"5c8ac6976379c8469eef7c87","id":"5c8d3f9ab4d7620517e93b61","message":"as of right now they were created through","when":1552760730448,"who":"tonymorgan92"},{"fromId":"5c8ac6976379c8469eef7c87","id":"5c8d3f90b4d7620517e9397e","message":"actually creating a guild","when":1552760720100,"who":"tonymorgan92"},{"fromId":"5c8ac6976379c8469eef7c87","id":"5c8d3f8bb4d7620517e938ad","message":"now i need to make the widget for","when":1552760715674,"who":"tonymorgan92"},{"fromId":"5c8ac6976379c8469eef7c87","id":"5c8d3f7eb4d7620517e9336e","message":"sweet","when":1552760702755,"who":"tonymorgan92"},{"fromId":"5c8ac68b47eb4e1e983f1e89","id":"5c8d3f7ab4d7620517e92bd2","message":"seems to!","when":1552760698891,"who":"Jackimedes"},{"fromId":"5c8ac6976379c8469eef7c87","id":"5c8d3f65b4d7620517e92558","message":"it should remember what guild youre in","when":1552760677519,"who":"tonymorgan92"},{"fromId":"5c8ac6976379c8469eef7c87","id":"5c8d3f5eb4d7620517e923df","message":"log out and log back in","when":1552760670426,"who":"tonymorgan92"},{"fromId":"5c8ac6976379c8469eef7c87","id":"5c8d3f59b4d7620517e9230a","message":"now","when":1552760665325,"who":"tonymorgan92"},{"fromId":"5c8ac6976379c8469eef7c87","id":"5c8d3f53b4d7620517e921b0","message":"yep i was just thinking that too lmao","when":1552760659254,"who":"tonymorgan92"},{"fromId":"5c8ac68b47eb4e1e983f1e89","id":"5c8d3f50a13e19051358c8fe","message":"mm :)","when":1552760656053,"who":"Jackimedes"},{"fromId":"5c8ac6976379c8469eef7c87","id":"5c8d3f49b4d7620517e91fda","message":"to make sure it works","when":1552760649511,"who":"tonymorgan92"},{"fromId":"5c8ac68b47eb4e1e983f1e89","id":"5c8d3f48a13e19051358c716","message":"and auto return to the chat box on enter","when":1552760648062,"who":"Jackimedes"},{"fromId":"5c8ac6976379c8469eef7c87","id":"5c8d3f45b4d7620517e91eb7","message":"this was just a rough setup","when":1552760645254,"who":"tonymorgan92"},{"fromId":"5c8ac6976379c8469eef7c87","id":"5c8d3f3eb4d7620517e913f9","message":"yeah i plan on it","when":1552760638712,"who":"tonymorgan92"},{"fromId":"5c8ac68b47eb4e1e983f1e89","id":"5c8d3f3ba13e19051358baaa","message":"background with transparency","when":1552760635260,"who":"Jackimedes"},{"fromId":"5c8ac68b47eb4e1e983f1e89","id":"5c8d3f32a13e19051358b918","message":"you should probably put the chat box in a black","when":1552760626083,"who":"Jackimedes"},{"fromId":"5c8ac6976379c8469eef7c87","id":"5c8d3f30b4d7620517e91103","message":"sweet","when":1552760624302,"who":"tonymorgan92"},{"fromId":"5c8ac68b47eb4e1e983f1e89","id":"5c8d3f1ca13e19051358b64c","message":"yep it's just done that for me","when":1552760604367,"who":"Jackimedes"},{"fromId":"5c8ac6976379c8469eef7c87","id":"5c8d3f19b4d7620517e90d6e","message":"fuck i need to wrap text","when":1552760601110,"who":"tonymorgan92"},{"fromId":"5c8ac6976379c8469eef7c87","id":"5c8d3f11b4d7620517e90b79","message":"once it gets low enough it should automatically scroll","when":1552760593972,"who":"tonymorgan92"},{"fromId":"5c8ac68b47eb4e1e983f1e89","id":"5c8d3f10a13e19051358b408","message":"nice work","when":1552760592911,"who":"Jackimedes"},{"fromId":"5c8ac6976379c8469eef7c87","id":"5c8d3f04b4d7620517e90096","message":":D","when":1552760580240,"who":"tonymorgan92"},{"fromId":"5c8ac68b47eb4e1e983f1e89","id":"5c8d3efaa13e19051358a574","message":"ooooo real time","when":1552760570974,"who":"Jackimedes"},{"fromId":"5c8ac6976379c8469eef7c87","id":"5c8d3efab4d7620517e8fdf9","message":"this is cool af","when":1552760570437,"who":"tonymorgan92"},{"fromId":"5c8ac6976379c8469eef7c87","id":"5c8d3ef3b4d7620517e8fca1","message":"sick","when":1552760563792,"who":"tonymorgan92"},{"fromId":"5c8ac68b47eb4e1e983f1e89","id":"5c8d3eeea13e19051358a266","message":"I can see it","when":1552760558182,"who":"Jackimedes"},{"fromId":"5c8ac6976379c8469eef7c87","id":"5c8d3e3cb4d7620517e8bd24","message":"jack if you can see this let me know","when":1552760380786,"who":"tonymorgan92"},{"fromId":"5c8acd8947eb4e1e9842a355","id":"5c8cd002a13e1905133630e5","message":"chat is working","when":1552732162822,"who":"naddax"},{"fromId":"5c8ac6976379c8469eef7c87","id":"5c8ccfe71566940530649f23","message":"testing to make sure chat works","when":1552732135507,"who":"tonymorgan92"}],"requestId":"1552856603_3"}
[2019.03.17-21.03.31:010][465]LogSlate: FSceneViewport::OnFocusLost() reason 0
[2019.03.17-21.03.36:430][801]LogBlueprintUserMessages: [Widget_LootChestRewards_C_0] Daenerys Targaryen
[2019.03.17-21.03.38:607][936]LogBlueprintUserMessages: [Widget_LootChestRewards_C_1] Jaime Lannister
[2019.03.17-21.03.40:591][ 59]LogBlueprintUserMessages: [Widget_LootChestRewards_C_2] Cersei Lannister
[2019.03.17-21.03.42:479][176]LogBlueprintUserMessages: [Widget_LootChestRewards_C_3] Jaime Lannister
[2019.03.17-21.03.43:220][222]LogSlate: FSceneViewport::OnFocusLost() reason 0
[2019.03.17-21.03.44:608][308]LogBlueprintUserMessages: [Widget_LootChestRewards_C_4] Cersei Lannister
[2019.03.17-21.03.46:592][431]LogBlueprintUserMessages: [Widget_LootChestRewards_C_5] Daenerys Targaryen
[2019.03.17-21.03.48:317][538]LogBlueprintUserMessages: [Widget_LootChestRewards_C_6] Daenerys Targaryen
[2019.03.17-21.03.50:253][658]LogBlueprintUserMessages: [Widget_LootChestRewards_C_7] Jaime Lannister
[2019.03.17-21.03.52:027][768]LogBlueprintUserMessages: [Widget_LootChestRewards_C_8] Hand of the King Eddard Stark
[2019.03.17-21.03.52:753][813]LogSlate: FSceneViewport::OnFocusLost() reason 0
[2019.03.17-21.03.54:270][907]LogBlueprintUserMessages: [Widget_LootChestRewards_C_9] Cersei Lannister
[2019.03.17-21.03.55:495][983]LogSlate: FSceneViewport::OnFocusLost() reason 0
[2019.03.17-21.04.07:706][740]LogSlate: FSceneViewport::OnFocusLost() reason 0
[2019.03.17-21.04.09:980][881]LogSlate: FSceneViewport::OnFocusLost() reason 0
[2019.03.17-21.04.17:029][318]LogBlueprintUserMessages: [GOTGameMode_C_0] Row Found
[2019.03.17-21.04.17:029][318]LogBlueprintUserMessages: [CharDataHolder_CerceiLannister_C_0] 2 Stars 
[2019.03.17-21.04.17:029][318]LogScript: Warning: Accessed None trying to read property RosterIconRef
	CharDataHolder_CerceiLannister_C /Game/Core/Maps/TopDownExampleMap.TopDownExampleMap:PersistentLevel.CharDataHolder_CerceiLannister_C_0
	Function /Game/Core/MasterClassBPs/CharDataHolder_MasterClass.CharDataHolder_MasterClass_C:Add Stars:016F
[2019.03.17-21.04.17:029][318]LogScript: Warning: Script call stack:
	Function /Game/Core/UI/Widgets_Roster/Widget_MainMenu_CharScreen.Widget_MainMenu_CharScreen_C:BndEvt__FindRankupButton_K2Node_ComponentBoundEvent_1_OnButtonClickedEvent__DelegateSignature
	Function /Game/Core/UI/Widgets_Roster/Widget_MainMenu_CharScreen.Widget_MainMenu_CharScreen_C:ExecuteUbergraph_Widget_MainMenu_CharScreen
	Function /Game/Core/UI/Widgets_Roster/Widget_MainMenu_CharScreen.Widget_MainMenu_CharScreen_C:RankUpFunction
	Function /Game/Core/MasterClassBPs/CharDataHolder_MasterClass.CharDataHolder_MasterClass_C:Add Stars

[2019.03.17-21.04.23:029][690]LogBlueprintUserMessages: [Widget_LootChestRewards_C_20] Daenerys Targaryen
[2019.03.17-21.04.24:900][806]LogBlueprintUserMessages: [Widget_LootChestRewards_C_21] Jaime Lannister
[2019.03.17-21.04.26:788][923]LogBlueprintUserMessages: [Widget_LootChestRewards_C_22] Cersei Lannister
[2019.03.17-21.04.28:578][ 34]LogBlueprintUserMessages: [Widget_LootChestRewards_C_23] Khal Drogo
[2019.03.17-21.04.30:368][145]LogBlueprintUserMessages: [Widget_LootChestRewards_C_24] Khal Drogo
[2019.03.17-21.04.31:078][189]LogSlate: FSceneViewport::OnFocusLost() reason 0
[2019.03.17-21.04.32:321][266]LogBlueprintUserMessages: [Widget_LootChestRewards_C_25] Grenn
[2019.03.17-21.04.33:739][354]LogSlate: FSceneViewport::OnFocusLost() reason 0
[2019.03.17-21.04.34:449][398]LogBlueprintUserMessages: [Widget_LootChestRewards_C_26] Alliser Thorne
[2019.03.17-21.04.36:386][518]LogBlueprintUserMessages: [Widget_LootChestRewards_C_27] Alliser Thorne
[2019.03.17-21.04.38:063][622]LogBlueprintUserMessages: [Widget_LootChestRewards_C_28] Khal Drogo
[2019.03.17-21.04.39:288][698]LogSlate: FSceneViewport::OnFocusLost() reason 0
[2019.03.17-21.04.39:982][741]LogBlueprintUserMessages: [Widget_LootChestRewards_C_29] Darrio Naharis
[2019.03.17-21.04.43:352][950]LogBlueprintUserMessages: [GOTGameMode_C_0] Row Found
[2019.03.17-21.04.43:352][950]LogBlueprintUserMessages: [CharDataHolder_KhalDrogo_C_0] 1 Star
[2019.03.17-21.04.43:352][950]LogScript: Warning: Accessed None trying to read property RosterIconRef
	CharDataHolder_KhalDrogo_C /Game/Core/Maps/TopDownExampleMap.TopDownExampleMap:PersistentLevel.CharDataHolder_KhalDrogo_C_0
	Function /Game/Core/MasterClassBPs/CharDataHolder_MasterClass.CharDataHolder_MasterClass_C:Add Stars:016F
[2019.03.17-21.04.43:352][950]LogScript: Warning: Script call stack:
	Function /Game/Core/UI/Widgets_Roster/Widget_MainMenu_CharScreen.Widget_MainMenu_CharScreen_C:BndEvt__FindRankupButton_K2Node_ComponentBoundEvent_1_OnButtonClickedEvent__DelegateSignature
	Function /Game/Core/UI/Widgets_Roster/Widget_MainMenu_CharScreen.Widget_MainMenu_CharScreen_C:ExecuteUbergraph_Widget_MainMenu_CharScreen
	Function /Game/Core/UI/Widgets_Roster/Widget_MainMenu_CharScreen.Widget_MainMenu_CharScreen_C:RankUpFunction
	Function /Game/Core/MasterClassBPs/CharDataHolder_MasterClass.CharDataHolder_MasterClass_C:Add Stars

[2019.03.17-21.04.43:885][983]LogBlueprintUserMessages: [GOTGameMode_C_0] Row Found
[2019.03.17-21.04.43:885][983]LogBlueprintUserMessages: [CharDataHolder_KhalDrogo_C_0] 2 Stars 
[2019.03.17-21.04.46:982][175]LogBlueprintUserMessages: [GOTGameMode_C_0] Row Found
[2019.03.17-21.04.46:982][175]LogBlueprintUserMessages: [CharDataHolder_AlliserThorne_C_0] 2 Stars 
[2019.03.17-21.04.46:982][175]LogScript: Warning: Accessed None trying to read property RosterIconRef
	CharDataHolder_AlliserThorne_C /Game/Core/Maps/TopDownExampleMap.TopDownExampleMap:PersistentLevel.CharDataHolder_AlliserThorne_C_0
	Function /Game/Core/MasterClassBPs/CharDataHolder_MasterClass.CharDataHolder_MasterClass_C:Add Stars:016F
[2019.03.17-21.04.46:982][175]LogScript: Warning: Script call stack:
	Function /Game/Core/UI/Widgets_Roster/Widget_MainMenu_CharScreen.Widget_MainMenu_CharScreen_C:BndEvt__FindRankupButton_K2Node_ComponentBoundEvent_1_OnButtonClickedEvent__DelegateSignature
	Function /Game/Core/UI/Widgets_Roster/Widget_MainMenu_CharScreen.Widget_MainMenu_CharScreen_C:ExecuteUbergraph_Widget_MainMenu_CharScreen
	Function /Game/Core/UI/Widgets_Roster/Widget_MainMenu_CharScreen.Widget_MainMenu_CharScreen_C:RankUpFunction
	Function /Game/Core/MasterClassBPs/CharDataHolder_MasterClass.CharDataHolder_MasterClass_C:Add Stars

[2019.03.17-21.04.50:208][375]LogBlueprintUserMessages: [GOTGameMode_C_0] Row Found
[2019.03.17-21.04.50:208][375]LogBlueprintUserMessages: [CharDataHolder_DaenerysTargaryen_C_0] 3 Stars
[2019.03.17-21.04.50:208][375]LogScript: Warning: Accessed None trying to read property RosterIconRef
	CharDataHolder_DaenerysTargaryen_C /Game/Core/Maps/TopDownExampleMap.TopDownExampleMap:PersistentLevel.CharDataHolder_DaenerysTargaryen_C_0
	Function /Game/Core/MasterClassBPs/CharDataHolder_MasterClass.CharDataHolder_MasterClass_C:Add Stars:016F
[2019.03.17-21.04.50:208][375]LogScript: Warning: Script call stack:
	Function /Game/Core/UI/Widgets_Roster/Widget_MainMenu_CharScreen.Widget_MainMenu_CharScreen_C:BndEvt__FindRankupButton_K2Node_ComponentBoundEvent_1_OnButtonClickedEvent__DelegateSignature
	Function /Game/Core/UI/Widgets_Roster/Widget_MainMenu_CharScreen.Widget_MainMenu_CharScreen_C:ExecuteUbergraph_Widget_MainMenu_CharScreen
	Function /Game/Core/UI/Widgets_Roster/Widget_MainMenu_CharScreen.Widget_MainMenu_CharScreen_C:RankUpFunction
	Function /Game/Core/MasterClassBPs/CharDataHolder_MasterClass.CharDataHolder_MasterClass_C:Add Stars

[2019.03.17-21.04.55:324][692]LogBlueprintUserMessages: [GOTGameMode_C_0] Row Found
[2019.03.17-21.04.55:324][692]LogBlueprintUserMessages: [CharDataHolder_CerceiLannister_C_0] 3 Stars
[2019.03.17-21.04.58:696][901]LogBlueprintUserMessages: [GOTGameMode_C_0] Row Found
[2019.03.17-21.04.58:696][901]LogBlueprintUserMessages: [CharDataHolder_JaimeLannister_C_0] 3 Stars
[2019.03.17-21.04.58:696][901]LogScript: Warning: Accessed None trying to read property RosterIconRef
	CharDataHolder_JaimeLannister_C /Game/Core/Maps/TopDownExampleMap.TopDownExampleMap:PersistentLevel.CharDataHolder_JaimeLannister_C_0
	Function /Game/Core/MasterClassBPs/CharDataHolder_MasterClass.CharDataHolder_MasterClass_C:Add Stars:016F
[2019.03.17-21.04.58:696][901]LogScript: Warning: Script call stack:
	Function /Game/Core/UI/Widgets_Roster/Widget_MainMenu_CharScreen.Widget_MainMenu_CharScreen_C:BndEvt__FindRankupButton_K2Node_ComponentBoundEvent_1_OnButtonClickedEvent__DelegateSignature
	Function /Game/Core/UI/Widgets_Roster/Widget_MainMenu_CharScreen.Widget_MainMenu_CharScreen_C:ExecuteUbergraph_Widget_MainMenu_CharScreen
	Function /Game/Core/UI/Widgets_Roster/Widget_MainMenu_CharScreen.Widget_MainMenu_CharScreen_C:RankUpFunction
	Function /Game/Core/MasterClassBPs/CharDataHolder_MasterClass.CharDataHolder_MasterClass_C:Add Stars

[2019.03.17-21.05.14:842][902]LogSlate: FSceneViewport::OnFocusLost() reason 0
[2019.03.17-21.05.27:035][658]LogSlate: FSceneViewport::OnFocusLost() reason 0
[2019.03.17-21.05.29:956][839]LogSlate: FSceneViewport::OnFocusLost() reason 0
[2019.03.17-21.05.34:004][ 90]LogSlate: FSceneViewport::OnFocusLost() reason 0
[2019.03.17-21.05.34:697][133]LogSlate: FSceneViewport::OnFocusLost() reason 0
[2019.03.17-21.05.35:246][167]UGameSparksModuleLog: Send immediate request: {
	"@class":	".GetMyTeamsRequest",
	"requestId":	"1552856735_4"
}
[2019.03.17-21.05.35:246][167]UGameSparksModuleLog: Send immediate request: {
	"@class":	".ListTeamChatRequest",
	"entryCount":	50,
	"ownerId":	"5c8ac6976379c8469eef7c87",
	"teamId":	"1",
	"teamType":	"GUILD",
	"scriptData":	{
},
	"requestId":	"1552856735_5"
}
[2019.03.17-21.05.35:359][174]UGameSparksModuleLog: WebSocket callback: {"@class":".GetMyTeamsResponse","requestId":"1552856735_4","teams":[{"members":[{"displayName":"tonymorgan92","externalIds":{ },"id":"5c8ac6976379c8469eef7c87","online":true},{"displayName":"naddax","externalIds":{ },"id":"5c8acd8947eb4e1e9842a355","online":false},{"displayName":"Jackimedes","externalIds":{ },"id":"5c8ac68b47eb4e1e983f1e89","online":false}],"owner":{"displayName":"tonymorgan92","externalIds":{ },"id":"5c8ac6976379c8469eef7c87","online":true},"teamId":"1","teamName":"Development Test Guild","teamType":"GUILD"}]}
[2019.03.17-21.05.35:375][175]UGameSparksModuleLog: WebSocket callback: {"@class":".ListTeamChatResponse","messages":[{"fromId":"5c8ac6976379c8469eef7c87","id":"5c8d3f9db4d7620517e93bfc","message":"the website","when":1552760733421,"who":"tonymorgan92"},{"fromId":"5c8ac6976379c8469eef7c87","id":"5c8d3f9ab4d7620517e93b61","message":"as of right now they were created through","when":1552760730448,"who":"tonymorgan92"},{"fromId":"5c8ac6976379c8469eef7c87","id":"5c8d3f90b4d7620517e9397e","message":"actually creating a guild","when":1552760720100,"who":"tonymorgan92"},{"fromId":"5c8ac6976379c8469eef7c87","id":"5c8d3f8bb4d7620517e938ad","message":"now i need to make the widget for","when":1552760715674,"who":"tonymorgan92"},{"fromId":"5c8ac6976379c8469eef7c87","id":"5c8d3f7eb4d7620517e9336e","message":"sweet","when":1552760702755,"who":"tonymorgan92"},{"fromId":"5c8ac68b47eb4e1e983f1e89","id":"5c8d3f7ab4d7620517e92bd2","message":"seems to!","when":1552760698891,"who":"Jackimedes"},{"fromId":"5c8ac6976379c8469eef7c87","id":"5c8d3f65b4d7620517e92558","message":"it should remember what guild youre in","when":1552760677519,"who":"tonymorgan92"},{"fromId":"5c8ac6976379c8469eef7c87","id":"5c8d3f5eb4d7620517e923df","message":"log out and log back in","when":1552760670426,"who":"tonymorgan92"},{"fromId":"5c8ac6976379c8469eef7c87","id":"5c8d3f59b4d7620517e9230a","message":"now","when":1552760665325,"who":"tonymorgan92"},{"fromId":"5c8ac6976379c8469eef7c87","id":"5c8d3f53b4d7620517e921b0","message":"yep i was just thinking that too lmao","when":1552760659254,"who":"tonymorgan92"},{"fromId":"5c8ac68b47eb4e1e983f1e89","id":"5c8d3f50a13e19051358c8fe","message":"mm :)","when":1552760656053,"who":"Jackimedes"},{"fromId":"5c8ac6976379c8469eef7c87","id":"5c8d3f49b4d7620517e91fda","message":"to make sure it works","when":1552760649511,"who":"tonymorgan92"},{"fromId":"5c8ac68b47eb4e1e983f1e89","id":"5c8d3f48a13e19051358c716","message":"and auto return to the chat box on enter","when":1552760648062,"who":"Jackimedes"},{"fromId":"5c8ac6976379c8469eef7c87","id":"5c8d3f45b4d7620517e91eb7","message":"this was just a rough setup","when":1552760645254,"who":"tonymorgan92"},{"fromId":"5c8ac6976379c8469eef7c87","id":"5c8d3f3eb4d7620517e913f9","message":"yeah i plan on it","when":1552760638712,"who":"tonymorgan92"},{"fromId":"5c8ac68b47eb4e1e983f1e89","id":"5c8d3f3ba13e19051358baaa","message":"background with transparency","when":1552760635260,"who":"Jackimedes"},{"fromId":"5c8ac68b47eb4e1e983f1e89","id":"5c8d3f32a13e19051358b918","message":"you should probably put the chat box in a black","when":1552760626083,"who":"Jackimedes"},{"fromId":"5c8ac6976379c8469eef7c87","id":"5c8d3f30b4d7620517e91103","message":"sweet","when":1552760624302,"who":"tonymorgan92"},{"fromId":"5c8ac68b47eb4e1e983f1e89","id":"5c8d3f1ca13e19051358b64c","message":"yep it's just done that for me","when":1552760604367,"who":"Jackimedes"},{"fromId":"5c8ac6976379c8469eef7c87","id":"5c8d3f19b4d7620517e90d6e","message":"fuck i need to wrap text","when":1552760601110,"who":"tonymorgan92"},{"fromId":"5c8ac6976379c8469eef7c87","id":"5c8d3f11b4d7620517e90b79","message":"once it gets low enough it should automatically scroll","when":1552760593972,"who":"tonymorgan92"},{"fromId":"5c8ac68b47eb4e1e983f1e89","id":"5c8d3f10a13e19051358b408","message":"nice work","when":1552760592911,"who":"Jackimedes"},{"fromId":"5c8ac6976379c8469eef7c87","id":"5c8d3f04b4d7620517e90096","message":":D","when":1552760580240,"who":"tonymorgan92"},{"fromId":"5c8ac68b47eb4e1e983f1e89","id":"5c8d3efaa13e19051358a574","message":"ooooo real time","when":1552760570974,"who":"Jackimedes"},{"fromId":"5c8ac6976379c8469eef7c87","id":"5c8d3efab4d7620517e8fdf9","message":"this is cool af","when":1552760570437,"who":"tonymorgan92"},{"fromId":"5c8ac6976379c8469eef7c87","id":"5c8d3ef3b4d7620517e8fca1","message":"sick","when":1552760563792,"who":"tonymorgan92"},{"fromId":"5c8ac68b47eb4e1e983f1e89","id":"5c8d3eeea13e19051358a266","message":"I can see it","when":1552760558182,"who":"Jackimedes"},{"fromId":"5c8ac6976379c8469eef7c87","id":"5c8d3e3cb4d7620517e8bd24","message":"jack if you can see this let me know","when":1552760380786,"who":"tonymorgan92"},{"fromId":"5c8acd8947eb4e1e9842a355","id":"5c8cd002a13e1905133630e5","message":"chat is working","when":1552732162822,"who":"naddax"},{"fromId":"5c8ac6976379c8469eef7c87","id":"5c8ccfe71566940530649f23","message":"testing to make sure chat works","when":1552732135507,"who":"tonymorgan92"}],"requestId":"1552856735_5"}
[2019.03.17-21.05.43:810][698]LogSlate: FSceneViewport::OnFocusLost() reason 0
[2019.03.17-21.05.58:297][596]LogSlate: FSceneViewport::OnFocusLost() reason 0
[2019.03.17-21.06.02:007][826]LogSlate: FSceneViewport::OnFocusLost() reason 0
[2019.03.17-21.06.02:072][830]UGameSparksModuleLog: Send immediate request: {
	"@class":	".GetMyTeamsRequest",
	"requestId":	"1552856762_6"
}
[2019.03.17-21.06.02:072][830]UGameSparksModuleLog: Send immediate request: {
	"@class":	".ListTeamChatRequest",
	"entryCount":	50,
	"ownerId":	"5c8ac6976379c8469eef7c87",
	"teamId":	"1",
	"teamType":	"GUILD",
	"scriptData":	{
},
	"requestId":	"1552856762_7"
}
[2019.03.17-21.06.02:169][836]UGameSparksModuleLog: WebSocket callback: {"@class":".GetMyTeamsResponse","requestId":"1552856762_6","teams":[{"members":[{"displayName":"tonymorgan92","externalIds":{ },"id":"5c8ac6976379c8469eef7c87","online":true},{"displayName":"naddax","externalIds":{ },"id":"5c8acd8947eb4e1e9842a355","online":false},{"displayName":"Jackimedes","externalIds":{ },"id":"5c8ac68b47eb4e1e983f1e89","online":false}],"owner":{"displayName":"tonymorgan92","externalIds":{ },"id":"5c8ac6976379c8469eef7c87","online":true},"teamId":"1","teamName":"Development Test Guild","teamType":"GUILD"}]}
[2019.03.17-21.06.02:185][837]UGameSparksModuleLog: WebSocket callback: {"@class":".ListTeamChatResponse","messages":[{"fromId":"5c8ac6976379c8469eef7c87","id":"5c8d3f9db4d7620517e93bfc","message":"the website","when":1552760733421,"who":"tonymorgan92"},{"fromId":"5c8ac6976379c8469eef7c87","id":"5c8d3f9ab4d7620517e93b61","message":"as of right now they were created through","when":1552760730448,"who":"tonymorgan92"},{"fromId":"5c8ac6976379c8469eef7c87","id":"5c8d3f90b4d7620517e9397e","message":"actually creating a guild","when":1552760720100,"who":"tonymorgan92"},{"fromId":"5c8ac6976379c8469eef7c87","id":"5c8d3f8bb4d7620517e938ad","message":"now i need to make the widget for","when":1552760715674,"who":"tonymorgan92"},{"fromId":"5c8ac6976379c8469eef7c87","id":"5c8d3f7eb4d7620517e9336e","message":"sweet","when":1552760702755,"who":"tonymorgan92"},{"fromId":"5c8ac68b47eb4e1e983f1e89","id":"5c8d3f7ab4d7620517e92bd2","message":"seems to!","when":1552760698891,"who":"Jackimedes"},{"fromId":"5c8ac6976379c8469eef7c87","id":"5c8d3f65b4d7620517e92558","message":"it should remember what guild youre in","when":1552760677519,"who":"tonymorgan92"},{"fromId":"5c8ac6976379c8469eef7c87","id":"5c8d3f5eb4d7620517e923df","message":"log out and log back in","when":1552760670426,"who":"tonymorgan92"},{"fromId":"5c8ac6976379c8469eef7c87","id":"5c8d3f59b4d7620517e9230a","message":"now","when":1552760665325,"who":"tonymorgan92"},{"fromId":"5c8ac6976379c8469eef7c87","id":"5c8d3f53b4d7620517e921b0","message":"yep i was just thinking that too lmao","when":1552760659254,"who":"tonymorgan92"},{"fromId":"5c8ac68b47eb4e1e983f1e89","id":"5c8d3f50a13e19051358c8fe","message":"mm :)","when":1552760656053,"who":"Jackimedes"},{"fromId":"5c8ac6976379c8469eef7c87","id":"5c8d3f49b4d7620517e91fda","message":"to make sure it works","when":1552760649511,"who":"tonymorgan92"},{"fromId":"5c8ac68b47eb4e1e983f1e89","id":"5c8d3f48a13e19051358c716","message":"and auto return to the chat box on enter","when":1552760648062,"who":"Jackimedes"},{"fromId":"5c8ac6976379c8469eef7c87","id":"5c8d3f45b4d7620517e91eb7","message":"this was just a rough setup","when":1552760645254,"who":"tonymorgan92"},{"fromId":"5c8ac6976379c8469eef7c87","id":"5c8d3f3eb4d7620517e913f9","message":"yeah i plan on it","when":1552760638712,"who":"tonymorgan92"},{"fromId":"5c8ac68b47eb4e1e983f1e89","id":"5c8d3f3ba13e19051358baaa","message":"background with transparency","when":1552760635260,"who":"Jackimedes"},{"fromId":"5c8ac68b47eb4e1e983f1e89","id":"5c8d3f32a13e19051358b918","message":"you should probably put the chat box in a black","when":1552760626083,"who":"Jackimedes"},{"fromId":"5c8ac6976379c8469eef7c87","id":"5c8d3f30b4d7620517e91103","message":"sweet","when":1552760624302,"who":"tonymorgan92"},{"fromId":"5c8ac68b47eb4e1e983f1e89","id":"5c8d3f1ca13e19051358b64c","message":"yep it's just done that for me","when":1552760604367,"who":"Jackimedes"},{"fromId":"5c8ac6976379c8469eef7c87","id":"5c8d3f19b4d7620517e90d6e","message":"fuck i need to wrap text","when":1552760601110,"who":"tonymorgan92"},{"fromId":"5c8ac6976379c8469eef7c87","id":"5c8d3f11b4d7620517e90b79","message":"once it gets low enough it should automatically scroll","when":1552760593972,"who":"tonymorgan92"},{"fromId":"5c8ac68b47eb4e1e983f1e89","id":"5c8d3f10a13e19051358b408","message":"nice work","when":1552760592911,"who":"Jackimedes"},{"fromId":"5c8ac6976379c8469eef7c87","id":"5c8d3f04b4d7620517e90096","message":":D","when":1552760580240,"who":"tonymorgan92"},{"fromId":"5c8ac68b47eb4e1e983f1e89","id":"5c8d3efaa13e19051358a574","message":"ooooo real time","when":1552760570974,"who":"Jackimedes"},{"fromId":"5c8ac6976379c8469eef7c87","id":"5c8d3efab4d7620517e8fdf9","message":"this is cool af","when":1552760570437,"who":"tonymorgan92"},{"fromId":"5c8ac6976379c8469eef7c87","id":"5c8d3ef3b4d7620517e8fca1","message":"sick","when":1552760563792,"who":"tonymorgan92"},{"fromId":"5c8ac68b47eb4e1e983f1e89","id":"5c8d3eeea13e19051358a266","message":"I can see it","when":1552760558182,"who":"Jackimedes"},{"fromId":"5c8ac6976379c8469eef7c87","id":"5c8d3e3cb4d7620517e8bd24","message":"jack if you can see this let me know","when":1552760380786,"who":"tonymorgan92"},{"fromId":"5c8acd8947eb4e1e9842a355","id":"5c8cd002a13e1905133630e5","message":"chat is working","when":1552732162822,"who":"naddax"},{"fromId":"5c8ac6976379c8469eef7c87","id":"5c8ccfe71566940530649f23","message":"testing to make sure chat works","when":1552732135507,"who":"tonymorgan92"}],"requestId":"1552856762_7"}
[2019.03.17-21.06.04:087][955]LogSlate: FSceneViewport::OnFocusLost() reason 0
[2019.03.17-21.06.07:508][167]LogSlate: FSceneViewport::OnFocusLost() reason 0
[2019.03.17-21.06.10:701][365]LogSlate: FSceneViewport::OnFocusLost() reason 0
[2019.03.17-21.06.14:486][597]LogRenderer: Reallocating scene render targets to support 1280x720 Format 10 NumSamples 1 (Frame:12600).
[2019.03.17-21.06.17:927][805]LogSlate: Window 'GoTLegends (64-bit Development PCD3D_ES2) ' being destroyed
[2019.03.17-21.06.17:934][805]LogSlate: Updating window title bar state: overlay mode, drag disabled, window buttons hidden, title bar hidden
[2019.03.17-21.06.17:934][805]LogEngine: All Windows Closed
[2019.03.17-21.06.17:934][805]LogWindows: FPlatformMisc::RequestExit(0)
[2019.03.17-21.06.17:975][806]LogExit: Preparing to exit.
[2019.03.17-21.06.17:975][806]LogMoviePlayer: Shutting down movie player
[2019.03.17-21.06.18:680][806]LogSlate: Updating window title bar state: overlay mode, drag disabled, window buttons hidden, title bar hidden
[2019.03.17-21.06.18:693][806]LogExit: Game engine shut down
[2019.03.17-21.06.19:091][806]LogExit: Object subsystem successfully closed.
[2019.03.17-21.06.19:106][806]LogShaderCompilers: Display: Shaders left to compile 0
[2019.03.17-21.06.19:107][806]LogD3D11RHI: Shutdown
[2019.03.17-21.06.19:107][806]LogD3D11RHI: CleanupD3DDevice
[2019.03.17-21.06.19:134][806]LogD3D11RHI: ~FD3D11DynamicRHI
[2019.03.17-21.06.19:142][806]LogModuleManager: Shutting down and abandoning module SequenceRecorderSections (382)
[2019.03.17-21.06.19:142][806]LogModuleManager: Shutting down and abandoning module SequenceRecorder (380)
[2019.03.17-21.06.19:142][806]LogModuleManager: Shutting down and abandoning module AutomationController (378)
[2019.03.17-21.06.19:142][806]LogModuleManager: Shutting down and abandoning module AutomationWorker (376)
[2019.03.17-21.06.19:142][806]LogModuleManager: Shutting down and abandoning module Voice (374)
[2019.03.17-21.06.19:142][806]LogModuleManager: Shutting down and abandoning module AIModule (372)
[2019.03.17-21.06.19:142][806]LogModuleManager: Shutting down and abandoning module GameplayDebugger (371)
[2019.03.17-21.06.19:142][806]LogModuleManager: Shutting down and abandoning module AITestSuite (369)
[2019.03.17-21.06.19:143][806]LogModuleManager: Shutting down and abandoning module NavigationSystem (367)
[2019.03.17-21.06.19:143][806]LogModuleManager: Shutting down and abandoning module WmfMediaFactory (364)
[2019.03.17-21.06.19:143][806]LogModuleManager: Shutting down and abandoning module OpenExrWrapper (362)
[2019.03.17-21.06.19:143][806]LogModuleManager: Shutting down and abandoning module ImgMediaFactory (360)
[2019.03.17-21.06.19:143][806]LogModuleManager: Shutting down and abandoning module AvfMediaFactory (358)
[2019.03.17-21.06.19:143][806]LogModuleManager: Shutting down and abandoning module MagicLeapCameraPreviewFactory (356)
[2019.03.17-21.06.19:143][806]LogModuleManager: Shutting down and abandoning module MagicLeapMediaFactory (354)
[2019.03.17-21.06.19:143][806]LogModuleManager: Shutting down and abandoning module CharacterAI (352)
[2019.03.17-21.06.19:143][806]LogModuleManager: Shutting down and abandoning module SessionServices (350)
[2019.03.17-21.06.19:143][806]LogModuleManager: Shutting down and abandoning module MovieSceneCapture (348)
[2019.03.17-21.06.19:143][806]LogModuleManager: Shutting down and abandoning module MovieSceneTracks (346)
[2019.03.17-21.06.19:143][806]LogModuleManager: Shutting down and abandoning module MovieScene (344)
[2019.03.17-21.06.19:143][806]LogModuleManager: Shutting down and abandoning module StreamingPauseRendering (342)
[2019.03.17-21.06.19:143][806]LogModuleManager: Shutting down and abandoning module PortalServices (340)
[2019.03.17-21.06.19:143][806]LogModuleManager: Shutting down and abandoning module PortalRpc (338)
[2019.03.17-21.06.19:143][806]LogModuleManager: Shutting down and abandoning module MessagingRpc (336)
[2019.03.17-21.06.19:143][806]LogModuleManager: Shutting down and abandoning module ProfilerService (334)
[2019.03.17-21.06.19:155][806]LogModuleManager: Shutting down and abandoning module TaskGraph (332)
[2019.03.17-21.06.19:155][806]LogModuleManager: Shutting down and abandoning module SteamVRController (330)
[2019.03.17-21.06.19:155][806]LogModuleManager: Shutting down and abandoning module ProceduralMeshComponent (328)
[2019.03.17-21.06.19:155][806]LogModuleManager: Shutting down and abandoning module OculusInput (326)
[2019.03.17-21.06.19:155][806]LogModuleManager: Shutting down and abandoning module MobilePatchingUtils (324)
[2019.03.17-21.06.19:155][806]LogModuleManager: Shutting down and abandoning module EditableMesh (322)
[2019.03.17-21.06.19:155][806]LogModuleManager: Shutting down and abandoning module CustomMeshComponent (320)
[2019.03.17-21.06.19:155][806]LogModuleManager: Shutting down and abandoning module CableComponent (318)
[2019.03.17-21.06.19:155][806]LogModuleManager: Shutting down and abandoning module AudioCapture (316)
[2019.03.17-21.06.19:155][806]LogModuleManager: Shutting down and abandoning module ArchVisCharacter (314)
[2019.03.17-21.06.19:155][806]LogModuleManager: Shutting down and abandoning module AndroidPermission (312)
[2019.03.17-21.06.19:155][806]LogModuleManager: Shutting down and abandoning module NUTUnrealEngine4 (310)
[2019.03.17-21.06.19:155][806]LogModuleManager: Shutting down and abandoning module NetcodeUnitTest (308)
[2019.03.17-21.06.19:155][806]LogModuleManager: Shutting down and abandoning module MediaCompositing (306)
[2019.03.17-21.06.19:155][806]LogModuleManager: Shutting down and abandoning module LinearTimecode (304)
[2019.03.17-21.06.19:155][806]LogModuleManager: Shutting down and abandoning module ImgMedia (302)
[2019.03.17-21.06.19:156][806]LogModuleManager: Shutting down and abandoning module HTML5Networking (298)
[2019.03.17-21.06.19:156][806]LogModuleManager: Shutting down and abandoning module GeometryCacheTracks (296)
[2019.03.17-21.06.19:156][806]LogModuleManager: Shutting down and abandoning module GeometryCacheSequencer (295)
[2019.03.17-21.06.19:156][806]LogModuleManager: Shutting down and abandoning module GeometryCache (292)
[2019.03.17-21.06.19:156][806]LogModuleManager: Shutting down and abandoning module GeometryCacheEd (291)
[2019.03.17-21.06.19:156][806]LogModuleManager: Shutting down and abandoning module BackChannel (288)
[2019.03.17-21.06.19:156][806]LogModuleManager: Shutting down and abandoning module AppleVision (286)
[2019.03.17-21.06.19:156][806]LogModuleManager: Shutting down and abandoning module AppleImageUtils (284)
[2019.03.17-21.06.19:157][806]LogModuleManager: Shutting down and abandoning module DatasmithContent (282)
[2019.03.17-21.06.19:157][806]LogModuleManager: Shutting down and abandoning module CryptoKeysOpenSSL (280)
[2019.03.17-21.06.19:157][806]LogModuleManager: Shutting down and abandoning module CryptoKeys (278)
[2019.03.17-21.06.19:157][806]LogModuleManager: Shutting down and abandoning module VisualStudioSourceCodeAccess (276)
[2019.03.17-21.06.19:157][806]LogModuleManager: Shutting down and abandoning module HotReload (275)
[2019.03.17-21.06.19:157][806]LogModuleManager: Shutting down and abandoning module DirectoryWatcher (274)
[2019.03.17-21.06.19:157][806]LogModuleManager: Shutting down and abandoning module VisualStudioCodeSourceCodeAccess (270)
[2019.03.17-21.06.19:157][806]LogModuleManager: Shutting down and abandoning module UObjectPlugin (268)
[2019.03.17-21.06.19:157][806]LogModuleManager: Shutting down and abandoning module SubversionSourceControl (266)
[2019.03.17-21.06.19:157][806]LogModuleManager: Shutting down and abandoning module PerforceSourceControl (264)
[2019.03.17-21.06.19:157][806]LogModuleManager: Shutting down and abandoning module SourceControl (263)
[2019.03.17-21.06.19:157][806]LogModuleManager: Shutting down and abandoning module CLionSourceCodeAccess (260)
[2019.03.17-21.06.19:157][806]LogModuleManager: Shutting down and abandoning module GoTLegends (258)
[2019.03.17-21.06.19:157][806]LogModuleManager: Shutting down and abandoning module RuntimePhysXCooking (256)
[2019.03.17-21.06.19:157][806]LogModuleManager: Shutting down and abandoning module PhysXVehiclesEditor (254)
[2019.03.17-21.06.19:157][806]LogModuleManager: Shutting down and abandoning module PhysXVehicles (252)
[2019.03.17-21.06.19:157][806]LogModuleManager: Shutting down and abandoning module LocationServicesBPLibrary (250)
[2019.03.17-21.06.19:157][806]LogModuleManager: Shutting down and abandoning module ImmediatePhysicsEditor (248)
[2019.03.17-21.06.19:157][806]LogModuleManager: Shutting down and abandoning module ImmediatePhysics (246)
[2019.03.17-21.06.19:157][806]LogModuleManager: Shutting down and abandoning module ActorSequence (244)
[2019.03.17-21.06.19:157][806]LogModuleManager: Shutting down and abandoning module UdpMessaging (242)
[2019.03.17-21.06.19:257][806]LogModuleManager: Shutting down and abandoning module TcpMessaging (240)
[2019.03.17-21.06.19:358][806]LogModuleManager: Shutting down and abandoning module MagicLeapAudio (238)
[2019.03.17-21.06.19:358][806]LogModuleManager: Shutting down and abandoning module GameSparks (236)
[2019.03.17-21.06.19:358][806]UGameSparksModuleLog: Starting connection terminate
[2019.03.17-21.06.19:358][806]UGameSparksModuleLog: WebSocket closed
[2019.03.17-21.06.19:358][806]UGameSparksModuleLog: Connection terminated
[2019.03.17-21.06.19:358][806]UGameSparksModuleLog: Warning: GameSparks::GameSparksAvailable_Static
[2019.03.17-21.06.19:358][806]LogModuleManager: Shutting down and abandoning module GameplayTagsEditor (234)
[2019.03.17-21.06.19:358][806]LogModuleManager: Shutting down and abandoning module FacialAnimation (232)
[2019.03.17-21.06.19:358][806]LogModuleManager: Shutting down and abandoning module DataValidation (230)
[2019.03.17-21.06.19:358][806]LogModuleManager: Shutting down and abandoning module AssetManagerEditor (228)
[2019.03.17-21.06.19:358][806]LogModuleManager: Shutting down and abandoning module TreeMap (227)
[2019.03.17-21.06.19:358][806]LogModuleManager: Shutting down and abandoning module LightPropagationVolumeRuntime (224)
[2019.03.17-21.06.19:358][806]LogModuleManager: Shutting down and abandoning module AISupportModule (222)
[2019.03.17-21.06.19:358][806]LogModuleManager: Shutting down and abandoning module Paper2D (220)
[2019.03.17-21.06.19:358][806]LogModuleManager: Shutting down and abandoning module PIEPreviewDeviceProfileSelector (218)
[2019.03.17-21.06.19:358][806]LogModuleManager: Shutting down and abandoning module WindowsMoviePlayer (216)
[2019.03.17-21.06.19:358][806]LogModuleManager: Shutting down and abandoning module WmfMedia (214)
[2019.03.17-21.06.19:359][806]LogModuleManager: Shutting down and abandoning module Media (213)
[2019.03.17-21.06.19:365][806]LogModuleManager: Shutting down and abandoning module PacketHandler (210)
[2019.03.17-21.06.19:365][806]LogModuleManager: Shutting down and abandoning module ClothingSystemEditor (208)
[2019.03.17-21.06.19:365][806]LogModuleManager: Shutting down and abandoning module ClothingSystemRuntime (206)
[2019.03.17-21.06.19:365][806]LogModuleManager: Shutting down and abandoning module MediaAssets (204)
[2019.03.17-21.06.19:365][806]LogModuleManager: Shutting down and abandoning module Overlay (202)
[2019.03.17-21.06.19:365][806]LogModuleManager: Shutting down and abandoning module OverlayEditor (201)
[2019.03.17-21.06.19:365][806]LogModuleManager: Shutting down and abandoning module VREditor (198)
[2019.03.17-21.06.19:365][806]LogModuleManager: Shutting down and abandoning module StringTableEditor (196)
[2019.03.17-21.06.19:365][806]LogModuleManager: Shutting down and abandoning module GameplayTasksEditor (194)
[2019.03.17-21.06.19:365][806]LogModuleManager: Shutting down and abandoning module BehaviorTreeEditor (192)
[2019.03.17-21.06.19:365][806]LogModuleManager: Shutting down and abandoning module FunctionalTesting (190)
[2019.03.17-21.06.19:365][806]LogModuleManager: Shutting down and abandoning module CollisionAnalyzer (188)
[2019.03.17-21.06.19:365][806]LogModuleManager: Shutting down and abandoning module WorkspaceMenuStructure (187)
[2019.03.17-21.06.19:365][806]LogModuleManager: Shutting down and abandoning module UMG (184)
[2019.03.17-21.06.19:365][806]LogModuleManager: Shutting down and abandoning module UMGEditor (183)
[2019.03.17-21.06.19:365][806]LogModuleManager: Shutting down and abandoning module Sequencer (182)
[2019.03.17-21.06.19:365][806]LogModuleManager: Shutting down and abandoning module MessageLog (179)
[2019.03.17-21.06.19:365][806]LogModuleManager: Shutting down and abandoning module SlateReflector (174)
[2019.03.17-21.06.19:365][806]LogModuleManager: Shutting down and abandoning module Slate (172)
[2019.03.17-21.06.19:365][806]LogModuleManager: Shutting down and abandoning module EditorStyle (170)
[2019.03.17-21.06.19:366][806]LogModuleManager: Shutting down and abandoning module MRMesh (168)
[2019.03.17-21.06.19:366][806]LogModuleManager: Shutting down and abandoning module Messaging (166)
[2019.03.17-21.06.19:366][806]LogModuleManager: Shutting down and abandoning module SourceCodeAccess (164)
[2019.03.17-21.06.19:366][806]LogModuleManager: Shutting down and abandoning module HeadMountedDisplay (162)
[2019.03.17-21.06.19:366][806]LogModuleManager: Shutting down and abandoning module XAudio2 (160)
[2019.03.17-21.06.19:366][806]LogModuleManager: Shutting down and abandoning module Networking (158)
[2019.03.17-21.06.19:366][806]LogModuleManager: Shutting down and abandoning module Core (156)
[2019.03.17-21.06.19:366][806]LogModuleManager: Shutting down and abandoning module LevelSequence (154)
[2019.03.17-21.06.19:366][806]LogModuleManager: Shutting down and abandoning module KismetCompiler (152)
[2019.03.17-21.06.19:366][806]LogModuleManager: Shutting down and abandoning module MeshUtilities (150)
[2019.03.17-21.06.19:366][806]LogModuleManager: Shutting down and abandoning module MeshMergeUtilities (149)
[2019.03.17-21.06.19:366][806]LogModuleManager: Shutting down and abandoning module MeshReductionInterface (148)
[2019.03.17-21.06.19:366][806]LogModuleManager: Shutting down and abandoning module SimplygonSwarm (147)
[2019.03.17-21.06.19:366][806]LogModuleManager: Shutting down and abandoning module ProxyLODMeshReduction (145)
[2019.03.17-21.06.19:366][806]LogModuleManager: Shutting down and abandoning module SimplygonMeshReduction (143)
[2019.03.17-21.06.19:366][806]LogModuleManager: Shutting down and abandoning module QuadricMeshReduction (141)
[2019.03.17-21.06.19:366][806]LogModuleManager: Shutting down and abandoning module MaterialBaking (137)
[2019.03.17-21.06.19:366][806]LogModuleManager: Shutting down and abandoning module DerivedDataCache (132)
[2019.03.17-21.06.19:408][806]LogDerivedDataCache: Shutdown
[2019.03.17-21.06.19:408][806]LogModuleManager: Shutting down and abandoning module XGEController (130)
[2019.03.17-21.06.19:408][806]LogModuleManager: Shutting down and abandoning module TargetPlatform (128)
[2019.03.17-21.06.19:408][806]LogModuleManager: Shutting down and abandoning module VulkanShaderFormat (127)
[2019.03.17-21.06.19:408][806]LogModuleManager: Shutting down and abandoning module ShaderFormatVectorVM (125)
[2019.03.17-21.06.19:408][806]LogModuleManager: Shutting down and abandoning module ShaderFormatOpenGL (123)
[2019.03.17-21.06.19:408][806]LogModuleManager: Shutting down and abandoning module ShaderFormatD3D (121)
[2019.03.17-21.06.19:408][806]LogModuleManager: Shutting down and abandoning module MetalShaderFormat (119)
[2019.03.17-21.06.19:408][806]LogModuleManager: Shutting down and abandoning module TextureFormatUncompressed (117)
[2019.03.17-21.06.19:408][806]LogModuleManager: Shutting down and abandoning module TextureFormatPVR (115)
[2019.03.17-21.06.19:408][806]LogModuleManager: Shutting down and abandoning module TextureFormatDXT (113)
[2019.03.17-21.06.19:408][806]LogModuleManager: Shutting down and abandoning module TextureFormatIntelISPCTexComp (111)
[2019.03.17-21.06.19:408][806]LogModuleManager: Shutting down and abandoning module TextureFormatASTC (109)
[2019.03.17-21.06.19:408][806]LogModuleManager: Shutting down and abandoning module ImageWrapper (108)
[2019.03.17-21.06.19:408][806]LogModuleManager: Shutting down and abandoning module TextureFormatAndroid (105)
[2019.03.17-21.06.19:408][806]LogModuleManager: Shutting down and abandoning module AudioFormatOpus (103)
[2019.03.17-21.06.19:408][806]LogModuleManager: Shutting down and abandoning module AudioFormatOgg (101)
[2019.03.17-21.06.19:408][806]LogModuleManager: Shutting down and abandoning module AudioFormatADPCM (99)
[2019.03.17-21.06.19:408][806]LogModuleManager: Shutting down and abandoning module WindowsTargetPlatform (97)
[2019.03.17-21.06.19:408][806]LogModuleManager: Shutting down and abandoning module WindowsServerTargetPlatform (95)
[2019.03.17-21.06.19:408][806]LogModuleManager: Shutting down and abandoning module WindowsNoEditorTargetPlatform (93)
[2019.03.17-21.06.19:408][806]LogModuleManager: Shutting down and abandoning module WindowsClientTargetPlatform (91)
[2019.03.17-21.06.19:408][806]LogModuleManager: Shutting down and abandoning module InputCore (88)
[2019.03.17-21.06.19:408][806]LogModuleManager: Shutting down and abandoning module Settings (86)
[2019.03.17-21.06.19:408][806]LogModuleManager: Shutting down and abandoning module PhysXCooking (84)
[2019.03.17-21.06.19:408][806]LogModuleManager: Shutting down and abandoning module SteamVR (82)
[2019.03.17-21.06.19:408][806]LogModuleManager: Shutting down and abandoning module OculusHMD (80)
[2019.03.17-21.06.19:408][806]LogModuleManager: Shutting down and abandoning module ExampleDeviceProfileSelector (78)
[2019.03.17-21.06.19:408][806]LogModuleManager: Shutting down and abandoning module LauncherChunkInstaller (76)
[2019.03.17-21.06.19:408][806]LogModuleManager: Shutting down and abandoning module OnlineBlueprintSupport (74)
[2019.03.17-21.06.19:408][806]LogModuleManager: Shutting down and abandoning module OnlineSubsystem (70)
[2019.03.17-21.06.19:409][806]LogModuleManager: Shutting down and abandoning module XMPP (65)
[2019.03.17-21.06.19:409][806]LogModuleManager: Shutting down and abandoning module WebSockets (64)
[2019.03.17-21.06.19:418][806]LogModuleManager: Shutting down and abandoning module HTTP (61)
[2019.03.17-21.06.19:434][806]LogModuleManager: Shutting down and abandoning module SSL (60)
[2019.03.17-21.06.19:435][806]LogModuleManager: Shutting down and abandoning module MagicLeapEmulator (56)
[2019.03.17-21.06.19:435][806]LogModuleManager: Shutting down and abandoning module MagicLeapPrivileges (54)
[2019.03.17-21.06.19:435][806]LogModuleManager: Shutting down and abandoning module MagicLeapIdentity (52)
[2019.03.17-21.06.19:435][806]LogModuleManager: Shutting down and abandoning module MagicLeapHelperVulkan (50)
[2019.03.17-21.06.19:435][806]LogModuleManager: Shutting down and abandoning module MagicLeapHelperOpenGL (48)
[2019.03.17-21.06.19:435][806]LogModuleManager: Shutting down and abandoning module MagicLeapSecureStorage (46)
[2019.03.17-21.06.19:435][806]LogModuleManager: Shutting down and abandoning module MagicLeapGestures (44)
[2019.03.17-21.06.19:435][806]LogModuleManager: Shutting down and abandoning module MagicLeapEyeTracker (42)
[2019.03.17-21.06.19:435][806]LogModuleManager: Shutting down and abandoning module MagicLeapController (40)
[2019.03.17-21.06.19:435][806]LogSlate: Slate User Destroyed.  User Index 0, Is Virtual User: 0
[2019.03.17-21.06.19:435][806]LogModuleManager: Shutting down and abandoning module MagicLeap (38)
[2019.03.17-21.06.19:435][806]LogModuleManager: Shutting down and abandoning module AnimationModifiers (36)
[2019.03.17-21.06.19:435][806]LogModuleManager: Shutting down and abandoning module PropertyEditor (35)
[2019.03.17-21.06.19:435][806]LogModuleManager: Shutting down and abandoning module AudioEditor (32)
[2019.03.17-21.06.19:435][806]LogModuleManager: Shutting down and abandoning module TextureCompressor (30)
[2019.03.17-21.06.19:435][806]LogModuleManager: Shutting down and abandoning module ShaderCore (28)
[2019.03.17-21.06.19:435][806]LogModuleManager: Shutting down and abandoning module Landscape (26)
[2019.03.17-21.06.19:435][806]LogModuleManager: Shutting down and abandoning module SlateRHIRenderer (24)
[2019.03.17-21.06.19:435][806]LogModuleManager: Shutting down and abandoning module OpenGLDrv (22)
[2019.03.17-21.06.19:435][806]LogModuleManager: Shutting down and abandoning module D3D11RHI (20)
[2019.03.17-21.06.19:435][806]LogModuleManager: Shutting down and abandoning module AnimGraphRuntime (18)
[2019.03.17-21.06.19:435][806]LogModuleManager: Shutting down and abandoning module Renderer (16)
[2019.03.17-21.06.19:435][806]LogModuleManager: Shutting down and abandoning module Engine (14)
[2019.03.17-21.06.19:435][806]LogModuleManager: Shutting down and abandoning module CoreUObject (12)
[2019.03.17-21.06.19:435][806]LogModuleManager: Shutting down and abandoning module NetworkFile (10)
[2019.03.17-21.06.19:435][806]LogModuleManager: Shutting down and abandoning module CookedIterativeFile (8)
[2019.03.17-21.06.19:435][806]LogModuleManager: Shutting down and abandoning module StreamingFile (6)
[2019.03.17-21.06.19:435][806]LogModuleManager: Shutting down and abandoning module SandboxFile (4)
[2019.03.17-21.06.19:435][806]LogModuleManager: Shutting down and abandoning module PakFile (2)
[2019.03.17-21.06.19:439][806]LogExit: Exiting.
[2019.03.17-21.06.19:444][806]Log file closed, 03/17/19 17:06:19
