Log file open, 03/16/19 19:14:34
LogWindows: Failed to load 'aqProf.dll' (GetLastError=126)
LogWindows: File 'aqProf.dll' does not exist
LogWindows: Failed to load 'VtuneApi.dll' (GetLastError=126)
LogWindows: File 'VtuneApi.dll' does not exist
LogWindows: Failed to load 'VtuneApi32e.dll' (GetLastError=126)
LogWindows: File 'VtuneApi32e.dll' does not exist
LogInit: Display: Running engine for game: GoTLegends
LogPlatformFile: Not using cached read wrapper
LogTaskGraph: Started task graph with 5 named threads and 23 total threads with 3 sets of task threads.
LogStats: Stats thread started at 0.267504
LogD3D11RHI: Loaded GFSDK_Aftermath_Lib.x64.dll
LogICUInternationalization: Display: ICU TimeZone Detection - Raw Offset: -5:00, Platform Override: ''
LogPluginManager: Mounting plugin Paper2D
LogPluginManager: Mounting plugin AISupport
LogPluginManager: Mounting plugin LightPropagationVolume
LogPluginManager: Mounting plugin CLionSourceCodeAccess
LogPluginManager: Mounting plugin CodeLiteSourceCodeAccess
LogPluginManager: Mounting plugin GitSourceControl
LogPluginManager: Mounting plugin KDevelopSourceCodeAccess
LogPluginManager: Mounting plugin NullSourceCodeAccess
LogPluginManager: Mounting plugin PerforceSourceControl
LogPluginManager: Mounting plugin SubversionSourceControl
LogPluginManager: Mounting plugin UObjectPlugin
LogPluginManager: Mounting plugin VisualStudioCodeSourceCodeAccess
LogPluginManager: Mounting plugin VisualStudioSourceCodeAccess
LogPluginManager: Mounting plugin XCodeSourceCodeAccess
LogPluginManager: Mounting plugin AssetManagerEditor
LogPluginManager: Mounting plugin CryptoKeys
LogPluginManager: Mounting plugin DataValidation
LogPluginManager: Mounting plugin FacialAnimation
LogPluginManager: Mounting plugin GameplayTagsEditor
LogPluginManager: Mounting plugin MacGraphicsSwitching
LogPluginManager: Mounting plugin MeshEditor
LogPluginManager: Mounting plugin MobileLauncherProfileWizard
LogPluginManager: Mounting plugin PluginBrowser
LogPluginManager: Mounting plugin SpeedTreeImporter
LogPluginManager: Mounting plugin DatasmithContent
LogPluginManager: Mounting plugin AlembicImporter
LogPluginManager: Mounting plugin AppleImageUtils
LogPluginManager: Mounting plugin AppleVision
LogPluginManager: Mounting plugin BackChannel
LogPluginManager: Mounting plugin CharacterAI
LogPluginManager: Mounting plugin GeometryCache
LogPluginManager: Mounting plugin HTML5Networking
LogPluginManager: Mounting plugin ProxyLODPlugin
LogPluginManager: Mounting plugin GameSparks
LogPluginManager: Mounting plugin MagicLeap
LogPluginManager: Mounting plugin MagicLeapEmulator
LogPluginManager: Mounting plugin MagicLeapMedia
LogPluginManager: Mounting plugin AndroidMedia
LogPluginManager: Mounting plugin AvfMedia
LogPluginManager: Mounting plugin ImgMedia
LogPluginManager: Mounting plugin LinearTimecode
LogPluginManager: Mounting plugin MediaCompositing
LogPluginManager: Mounting plugin MediaPlayerEditor
LogPluginManager: Mounting plugin WmfMedia
LogPluginManager: Mounting plugin TcpMessaging
LogPluginManager: Mounting plugin UdpMessaging
LogPluginManager: Mounting plugin ActorSequence
LogPluginManager: Mounting plugin LevelSequenceEditor
LogPluginManager: Mounting plugin MatineeToLevelSequence
LogPluginManager: Mounting plugin NetcodeUnitTest
LogPluginManager: Mounting plugin NUTUnrealEngine4
LogPluginManager: Mounting plugin OnlineSubsystemGooglePlay
LogPluginManager: Mounting plugin OnlineSubsystemIOS
LogPluginManager: Mounting plugin OnlineSubsystem
LogPluginManager: Mounting plugin OnlineSubsystemNull
LogPluginManager: Mounting plugin OnlineSubsystemUtils
LogPluginManager: Mounting plugin LauncherChunkInstaller
LogPluginManager: Mounting plugin AndroidDeviceProfileSelector
LogPluginManager: Mounting plugin AndroidMoviePlayer
LogPluginManager: Mounting plugin AndroidPermission
LogPluginManager: Mounting plugin AppleMoviePlayer
LogPluginManager: Mounting plugin ArchVisCharacter
LogPluginManager: Mounting plugin AudioCapture
LogPluginManager: Mounting plugin CableComponent
LogPluginManager: Mounting plugin CustomMeshComponent
LogPluginManager: Mounting plugin EditableMesh
LogPluginManager: Mounting plugin ExampleDeviceProfileSelector
LogPluginManager: Mounting plugin GoogleCloudMessaging
LogPluginManager: Mounting plugin ImmediatePhysics
LogPluginManager: Mounting plugin IOSDeviceProfileSelector
LogPluginManager: Mounting plugin LinuxDeviceProfileSelector
LogPluginManager: Mounting plugin LocationServicesBPLibrary
LogPluginManager: Mounting plugin MobilePatchingUtils
LogPluginManager: Mounting plugin OculusVR
LogPluginManager: Plugin shader directory ../../../Engine/Plugins/Runtime/Oculus/OculusVR/Shaders found
LogPluginManager: Mapping shader source directory ../../../Engine/Plugins/Runtime/Oculus/OculusVR/Shaders to virtual directory /Plugin/OculusVR
LogPluginManager: Mounting plugin PhysXVehicles
LogPluginManager: Mounting plugin ProceduralMeshComponent
LogPluginManager: Mounting plugin RuntimePhysXCooking
LogPluginManager: Mounting plugin SteamVR
LogPluginManager: Mounting plugin WindowsMoviePlayer
LogStreaming: Display: Took  0.035s to configure plugins.
LogInit: Using libcurl 7.55.1-DEV
LogInit:  - built for x86_64-pc-win32
LogInit:  - supports SSL with OpenSSL/1.0.2h
LogInit:  - supports HTTP deflate (compression) using libz 1.2.8
LogInit:  - other features:
LogInit:      CURL_VERSION_SSL
LogInit:      CURL_VERSION_LIBZ
LogInit:      CURL_VERSION_IPV6
LogInit:      CURL_VERSION_ASYNCHDNS
LogInit:      CURL_VERSION_LARGEFILE
LogInit:      CURL_VERSION_IDN
LogInit:  CurlRequestOptions (configurable via config and command line):
LogInit:  - bVerifyPeer = false  - Libcurl will NOT verify peer certificate
LogInit:  - bUseHttpProxy = false  - Libcurl will NOT use HTTP proxy
LogInit:  - bDontReuseConnections = false  - Libcurl will reuse connections
LogInit:  - CertBundlePath = nullptr  - Libcurl will use whatever was configured at build time.
LogInit:  - MaxHostConnections = 16  - Libcurl will limit the number of connections to a host
LogInit:  - LocalHostAddr = Default
LogInit:  - BufferSize = 65536
LogInit: WinSock: version 1.1 (2.2), MaxSocks=32767, MaxUdp=65467
LogInit: Build: ++UE4+Release-4.20-CL-4369336
LogInit: Engine Version: 4.20.3-4369336+++UE4+Release-4.20
LogInit: Compatible Engine Version: 4.20.0-4212847+++UE4+Release-4.20
LogInit: Net CL: 4212847
LogInit: OS: Windows 10 (), CPU: Intel(R) Core(TM) i7-7700K CPU @ 4.20GHz, GPU: NVIDIA GeForce GTX 1080
LogInit: Compiled (64-bit): Sep 17 2018 12:26:19
LogInit: Compiled with Visual C++: 19.13.26129.00
LogInit: Build Configuration: Development
LogInit: Branch Name: ++UE4+Release-4.20
LogInit: Command Line:  /Game/Core/Maps/TopDownExampleMap -game -PIEVIACONSOLE -ResX=1280 -ResY=720  -Multiprocess -messaging -SessionName="Play in Standalone Game" -featureleveles2 -faketouches -windowed 
LogInit: Base Directory: D:/Program Files (x86)/Epic Games/UE_4.20/Engine/Binaries/Win64/
LogInit: Installed Engine Build: 1
LogDevObjectVersion: Number of dev versions registered: 20
LogDevObjectVersion:   Dev-Blueprints (B0D832E4-1F89-4F0D-ACCF-7EB736FD4AA2): 10
LogDevObjectVersion:   Dev-Build (E1C64328-A22C-4D53-A36C-8E866417BD8C): 0
LogDevObjectVersion:   Dev-Core (375EC13C-06E4-48FB-B500-84F0262A717E): 2
LogDevObjectVersion:   Dev-Editor (E4B068ED-F494-42E9-A231-DA0B2E46BB41): 24
LogDevObjectVersion:   Dev-Framework (CFFC743F-43B0-4480-9391-14DF171D2073): 34
LogDevObjectVersion:   Dev-Mobile (B02B49B5-BB20-44E9-A304-32B752E40360): 2
LogDevObjectVersion:   Dev-Networking (A4E4105C-59A1-49B5-A7C5-40C4547EDFEE): 0
LogDevObjectVersion:   Dev-Online (39C831C9-5AE6-47DC-9A44-9C173E1C8E7C): 0
LogDevObjectVersion:   Dev-Physics (78F01B33-EBEA-4F98-B9B4-84EACCB95AA2): 0
LogDevObjectVersion:   Dev-Platform (6631380F-2D4D-43E0-8009-CF276956A95A): 0
LogDevObjectVersion:   Dev-Rendering (12F88B9F-8875-4AFC-A67C-D90C383ABD29): 26
LogDevObjectVersion:   Dev-Sequencer (7B5AE74C-D270-4C10-A958-57980B212A5A): 9
LogDevObjectVersion:   Dev-VR (D7296918-1DD6-4BDD-9DE2-64A83CC13884): 2
LogDevObjectVersion:   Dev-LoadTimes (C2A15278-BFE7-4AFE-6C17-90FF531DF755): 1
LogDevObjectVersion:   Private-Geometry (6EACA3D4-40EC-4CC1-B786-8BED09428FC5): 3
LogDevObjectVersion:   Dev-AnimPhys (29E575DD-E0A3-4627-9D10-D276232CDCEA): 17
LogDevObjectVersion:   Dev-ReflectionCapture (6B266CEC-1EC7-4B8F-A30B-E4D90942FC07): 1
LogDevObjectVersion:   Dev-Automation (0DF73D61-A23F-47EA-B727-89E90C41499A): 1
LogDevObjectVersion:   FortniteMain (601D1886-AC64-4F84-AA16-D3DE0DEAC7D6): 12
LogDevObjectVersion:   Dev-Enterprise (9DFFBCD6-494F-0158-E221-12823C92A888): 1
LogStreaming: Display: Took  0.000s to delete old logs.
LogInit: Presizing for max 8388607 objects, including 0 objects not considered by GC, pre-allocating 0 bytes for permanent pool.
LogInit: Object subsystem initialized
[2019.03.16-23.14.35:081][  0]LogInit: Selected Device Profile: [Windows]
[2019.03.16-23.14.35:081][  0]LogInit: Applying CVar settings loaded from the selected device profile: [Windows]
[2019.03.16-23.14.35:084][  0]LogHAL: Display: Platform has ~ 32 GB [34286739456 / 34359738368 / 32], which maps to Largest [LargestMinGB=32, LargerMinGB=12, DefaultMinGB=8, SmallerMinGB=6, SmallestMinGB=0)
[2019.03.16-23.14.35:084][  0]LogInit: Setting Device Profile CVar: [[r.Vulkan.UseRealUBs:1]]
[2019.03.16-23.14.35:084][  0]LogInit: Going up to parent DeviceProfile []
[2019.03.16-23.14.35:084][  0]LogInit: Computer: DESKTOP-JPO613A
[2019.03.16-23.14.35:084][  0]LogInit: User: tonym
[2019.03.16-23.14.35:084][  0]LogInit: CPU Page size=4096, Cores=4
[2019.03.16-23.14.35:084][  0]LogInit: High frequency timer resolution =4.101564 MHz
[2019.03.16-23.14.35:084][  0]LogMemory: Memory total: Physical=31.9GB (32GB approx)
[2019.03.16-23.14.35:084][  0]LogMemory: Platform Memory Stats for Windows
[2019.03.16-23.14.35:084][  0]LogMemory: Process Physical Memory: 100.61 MB used, 100.61 MB peak
[2019.03.16-23.14.35:084][  0]LogMemory: Process Virtual Memory: 89.53 MB used, 89.53 MB peak
[2019.03.16-23.14.35:084][  0]LogMemory: Physical Memory: 13067.86 MB used,  19630.53 MB free, 32698.38 MB total
[2019.03.16-23.14.35:084][  0]LogMemory: Virtual Memory: 4643.96 MB used,  19630.53 MB free, 134217728.00 MB total
[2019.03.16-23.14.35:755][  0]LogInit: Using OS detected language (en-US).
[2019.03.16-23.14.35:755][  0]LogInit: Using OS detected locale (en-US).
[2019.03.16-23.14.35:755][  0]LogTextLocalizationManager: No specific localization for 'en-US' exists, so the 'en' localization will be used.
[2019.03.16-23.14.36:060][  0]LogStreaming: Display: Took  0.305s to InitEngineTextLocalization.
[2019.03.16-23.14.36:095][  0]LogSlate: New Slate User Created.  User Index 0, Is Virtual User: 0
[2019.03.16-23.14.36:095][  0]LogSlate: Slate User Registered.  User Index 0, Is Virtual User: 0
[2019.03.16-23.14.36:107][  0]LogHMD: Failed to initialize OpenVR with code 110
[2019.03.16-23.14.36:107][  0]LogD3D11RHI: D3D11 adapters:
[2019.03.16-23.14.36:164][  0]LogD3D11RHI:    0. 'NVIDIA GeForce GTX 1080' (Feature Level 11_0)
[2019.03.16-23.14.36:164][  0]LogD3D11RHI:       8079/0/16349 MB DedicatedVideo/DedicatedSystem/SharedSystem, Outputs:2, VendorId:0x10de
[2019.03.16-23.14.36:216][  0]LogD3D11RHI:    1. 'NVIDIA GeForce GTX 1080' (Feature Level 11_0)
[2019.03.16-23.14.36:216][  0]LogD3D11RHI:       8079/0/16349 MB DedicatedVideo/DedicatedSystem/SharedSystem, Outputs:0, VendorId:0x10de
[2019.03.16-23.14.36:218][  0]LogD3D11RHI:    2. 'Microsoft Basic Render Driver' (Feature Level 11_0)
[2019.03.16-23.14.36:218][  0]LogD3D11RHI:       0/0/16349 MB DedicatedVideo/DedicatedSystem/SharedSystem, Outputs:0, VendorId:0x1414
[2019.03.16-23.14.36:218][  0]LogD3D11RHI: Chosen D3D11 Adapter: 0
[2019.03.16-23.14.36:228][  0]LogD3D11RHI: Creating new Direct3DDevice
[2019.03.16-23.14.36:228][  0]LogD3D11RHI:     GPU DeviceId: 0x1b80 (for the marketing name, search the web for "GPU Device Id")
[2019.03.16-23.14.36:228][  0]LogWindows: EnumDisplayDevices:
[2019.03.16-23.14.36:228][  0]LogWindows:    0. 'NVIDIA GeForce GTX 1080' (P:0 D:1)
[2019.03.16-23.14.36:228][  0]LogWindows:    1. 'NVIDIA GeForce GTX 1080' (P:1 D:1)
[2019.03.16-23.14.36:228][  0]LogWindows:    2. 'NVIDIA GeForce GTX 1080' (P:0 D:0)
[2019.03.16-23.14.36:228][  0]LogWindows:    3. 'NVIDIA GeForce GTX 1080' (P:0 D:0)
[2019.03.16-23.14.36:228][  0]LogWindows:    4. 'NVIDIA GeForce GTX 1080' (P:0 D:0)
[2019.03.16-23.14.36:229][  0]LogWindows:    5. 'NVIDIA GeForce GTX 1080' (P:0 D:0)
[2019.03.16-23.14.36:229][  0]LogWindows:    6. 'NVIDIA GeForce GTX 1080' (P:0 D:0)
[2019.03.16-23.14.36:229][  0]LogWindows:    7. 'NVIDIA GeForce GTX 1080' (P:0 D:0)
[2019.03.16-23.14.36:229][  0]LogWindows: DebugString: FoundDriverCount:8 
[2019.03.16-23.14.36:229][  0]LogD3D11RHI:     Adapter Name: NVIDIA GeForce GTX 1080
[2019.03.16-23.14.36:229][  0]LogD3D11RHI:   Driver Version: 417.71 (internal:25.21.14.1771, unified:417.71)
[2019.03.16-23.14.36:229][  0]LogD3D11RHI:      Driver Date: 1-11-2019
[2019.03.16-23.14.36:229][  0]LogRHI: Texture pool is 5655 MB (70% of 8079 MB)
[2019.03.16-23.14.36:268][  0]LogD3D11RHI: Async texture creation enabled
[2019.03.16-23.14.36:296][  0]LogD3D11RHI: GPU Timing Frequency: 1000.000000 (Debug: 2 2)
[2019.03.16-23.14.36:388][  0]LogShaderCompilers: Guid format shader working directory is 22 characters bigger than the processId version (E:/GoTLegends/GoTLegends/Intermediate/Shaders/WorkingDirectory/7632/).
[2019.03.16-23.14.36:388][  0]LogShaderCompilers: Cleaned the shader compiler working directory 'C:/Users/tonym/AppData/Local/Temp/UnrealShaderWorkingDir/6115190C413C0156C736FFA360E7EDFC/'.
[2019.03.16-23.14.36:599][  0]LogTemp: Display: Loaded TP WindowsClientTargetPlatform
[2019.03.16-23.14.36:609][  0]LogTemp: Display: Loaded TP WindowsNoEditorTargetPlatform
[2019.03.16-23.14.36:624][  0]LogTemp: Display: Loaded TP WindowsServerTargetPlatform
[2019.03.16-23.14.36:631][  0]LogTemp: Display: Loaded TP WindowsTargetPlatform
[2019.03.16-23.14.36:631][  0]LogTargetPlatformManager: Display: Building Assets For Windows
[2019.03.16-23.14.36:663][  0]LogXGEController: Cannot use XGE Controller as Incredibuild is not installed on this machine.
[2019.03.16-23.14.36:663][  0]LogShaderCompilers: Cannot use XGE Shader Compiler as Incredibuild is not installed on this machine.
[2019.03.16-23.14.36:663][  0]LogShaderCompilers: Display: Using Local Shader Compiler.
[2019.03.16-23.14.37:167][  0]LogDerivedDataCache: Display: Max Cache Size: 512 MB
[2019.03.16-23.14.37:207][  0]LogDerivedDataCache: Loaded boot cache 0.04s 71MB C:/Users/tonym/AppData/Local/UnrealEngine/4.20/DerivedDataCache/Boot.ddc.
[2019.03.16-23.14.37:207][  0]LogDerivedDataCache: Display: Loaded Boot cache: C:/Users/tonym/AppData/Local/UnrealEngine/4.20/DerivedDataCache/Boot.ddc
[2019.03.16-23.14.37:207][  0]LogDerivedDataCache: FDerivedDataBackendGraph:  Pak pak cache file E:/GoTLegends/GoTLegends/DerivedDataCache/DDC.ddp not found, will not use a pak cache.
[2019.03.16-23.14.37:207][  0]LogDerivedDataCache: Unable to find inner node Pak for hierarchical cache Hierarchy.
[2019.03.16-23.14.37:207][  0]LogDerivedDataCache: FDerivedDataBackendGraph:  CompressedPak pak cache file E:/GoTLegends/GoTLegends/DerivedDataCache/Compressed.ddp not found, will not use a pak cache.
[2019.03.16-23.14.37:207][  0]LogDerivedDataCache: Unable to find inner node CompressedPak for hierarchical cache Hierarchy.
[2019.03.16-23.14.37:218][  0]LogDerivedDataCache: Display: Pak cache opened for reading ../../../Engine/DerivedDataCache/Compressed.ddp.
[2019.03.16-23.14.37:231][  0]LogDerivedDataCache: Using Local data cache path C:/Users/tonym/AppData/Local/UnrealEngine/Common/DerivedDataCache: Writable
[2019.03.16-23.14.37:231][  0]LogDerivedDataCache: Shared data cache path not found in *engine.ini, will not use an Shared cache.
[2019.03.16-23.14.37:231][  0]LogDerivedDataCache: Unable to find inner node Shared for hierarchical cache Hierarchy.
[2019.03.16-23.14.37:235][  0]LogMaterial: Verifying Global Shaders for PCD3D_ES2
[2019.03.16-23.14.37:236][  0]LogSlate: Using FreeType 2.6.0
[2019.03.16-23.14.37:236][  0]LogSlate: SlateFontServices - WITH_FREETYPE: 1, WITH_HARFBUZZ: 1
[2019.03.16-23.14.37:269][  0]LogInit: Using OS detected language (en-US).
[2019.03.16-23.14.37:269][  0]LogInit: Using OS detected locale (en-US).
[2019.03.16-23.14.37:269][  0]LogTextLocalizationManager: No localization for 'en-US' exists, so 'en' will be used for the language.
[2019.03.16-23.14.37:269][  0]LogTextLocalizationManager: No localization for 'en-US' exists, so 'en' will be used for the locale.
[2019.03.16-23.14.37:490][  0]LogStreaming: Display: Took  0.222s to InitGameTextLocalization.
[2019.03.16-23.14.37:495][  0]LogAssetRegistry: FAssetRegistry took 0.0030 seconds to start up
[2019.03.16-23.14.37:661][  0]LogPackageLocalizationCache: Processed 12 localized package path(s) for 1 prioritized culture(s) in 0.015614 seconds
[2019.03.16-23.14.37:736][  0]LogInit: Selected Device Profile: [Windows]
[2019.03.16-23.14.37:818][  0]LogSimplygon: Simplygon DLL not present - disabling.
[2019.03.16-23.14.37:820][  0]LogMeshReduction: Using SimplygonSwarm for distributed automatic mesh merging
[2019.03.16-23.14.37:820][  0]LogMeshReduction: Using ProxyLODMeshReduction for automatic mesh merging
[2019.03.16-23.14.37:820][  0]LogMeshReduction: Using QuadricMeshReduction for automatic static mesh reduction
[2019.03.16-23.14.37:820][  0]LogMeshReduction: No automatic skeletal mesh reduction module available
[2019.03.16-23.14.37:836][  0]LogNetVersion: GoTLegends 1.0.0, NetCL: 4212847, EngineNetVer: 5, GameNetVer: 0 (Checksum: 3235657948)
[2019.03.16-23.14.38:204][  0]LogMoviePlayer: Initializing movie player
[2019.03.16-23.14.38:389][  0]UGameSparksModuleLog: Warning: GameSparks::StartupModule
[2019.03.16-23.14.38:391][  0]LogTcpMessaging: Initializing TcpMessaging bridge
[2019.03.16-23.14.38:401][  0]LogUdpMessaging: Initializing bridge on interface 0.0.0.0:0 to multicast group 230.0.0.1:6666.
[2019.03.16-23.14.38:477][  0]SourceControl: Source control is disabled
[2019.03.16-23.14.38:477][  0]SourceControl: Source control is disabled
[2019.03.16-23.14.38:478][  0]SourceControl: Source control is disabled
[2019.03.16-23.14.38:588][  0]LogAndroidPermission: UAndroidPermissionCallbackProxy::GetInstance
[2019.03.16-23.14.38:632][  0]LogOcInput: OculusInput pre-init called
[2019.03.16-23.14.38:639][  0]LogUObjectArray: 46706 objects as part of root set at end of initial load.
[2019.03.16-23.14.38:639][  0]LogUObjectAllocator: 8160960 out of 0 bytes used by permanent object pool.
[2019.03.16-23.14.38:639][  0]LogUObjectArray: CloseDisregardForGC: 0/0 objects in disregard for GC pool
[2019.03.16-23.14.38:681][  0]LogEngine: Initializing Engine...
[2019.03.16-23.14.38:681][  0]LogHMD: Failed to initialize OpenVR with code 110
[2019.03.16-23.14.38:694][  0]LogStats: UGameplayTagsManager::ConstructGameplayTagTree: ImportINI prefixes -  0.000 s
[2019.03.16-23.14.38:694][  0]LogStats: UGameplayTagsManager::ConstructGameplayTagTree: Construct from data asset -  0.000 s
[2019.03.16-23.14.38:694][  0]LogStats: UGameplayTagsManager::ConstructGameplayTagTree: ImportINI -  0.000 s
[2019.03.16-23.14.38:694][  0]LogStats: UGameplayTagsManager::ConstructGameplayTagTree: GameplayTagTreeChangedEvent.Broadcast -  0.000 s
[2019.03.16-23.14.38:733][  0]LogMaterial: Display: Missing cached shader map for material ShadedLevelColorationLitMaterial, compiling. Is special engine material.
[2019.03.16-23.14.39:001][  0]LogShaderCompilers: Display: Shaders left to compile 604
[2019.03.16-23.14.39:001][  0]LogShaderCompilers: Display: Shaders left to compile 594
[2019.03.16-23.14.39:001][  0]LogShaderCompilers: Display: Shaders left to compile 584
[2019.03.16-23.14.39:001][  0]LogShaderCompilers: Display: Shaders left to compile 574
[2019.03.16-23.14.39:001][  0]LogShaderCompilers: Display: Shaders left to compile 564
[2019.03.16-23.14.39:001][  0]LogMaterial: Display: Missing cached shader map for material ShadedLevelColorationUnlitMateri, compiling. Is special engine material.
[2019.03.16-23.14.39:031][  0]LogMaterial: Display: Missing cached shader map for material VertexColorViewMode_ColorOnly, compiling. 
[2019.03.16-23.14.39:042][  0]LogMaterial: Display: Missing cached shader map for material VertexColorViewMode_RedOnly, compiling. 
[2019.03.16-23.14.39:051][  0]LogMaterial: Display: Missing cached shader map for material VertexColorViewMode_GreenOnly, compiling. 
[2019.03.16-23.14.39:061][  0]LogMaterial: Display: Missing cached shader map for material VertexColorViewMode_BlueOnly, compiling. 
[2019.03.16-23.14.39:071][  0]LogMaterial: Display: Missing cached shader map for material RemoveSurfaceMaterial, compiling. 
[2019.03.16-23.14.39:076][  0]LogMaterial: Display: Missing cached shader map for material DebugMeshMaterial, compiling. 
[2019.03.16-23.14.39:092][  0]LogMaterial: Display: Missing cached shader map for material M_InvalidLightmapSettings, compiling. 
[2019.03.16-23.14.39:131][  0]LogMaterial: Display: Missing cached shader map for material GizmoMaterial, compiling. 
[2019.03.16-23.14.39:139][  0]LogMaterial: Display: Missing cached shader map for material PhAT_JointLimitMaterial, compiling. 
[2019.03.16-23.14.39:182][  0]LogInit: Initializing FReadOnlyCVARCache
[2019.03.16-23.14.39:194][  0]LogInit: XAudio2 using 'U28E590 (NVIDIA High Definition Audio)' : 2 channels at 48 kHz using 16 bits per sample (channel mask 0x3)
[2019.03.16-23.14.39:205][  0]LogInit: FAudioDevice initialized.
[2019.03.16-23.14.39:217][  0]LogNetVersion: Set ProjectVersion to 1.0.0.0. Version Checksum will be recalculated on next use.
[2019.03.16-23.14.39:220][  0]LogInit: Texture streaming: Enabled
[2019.03.16-23.14.39:222][  0]LogMaterial: Display: Missing cached shader map for material BaseColor, compiling. 
[2019.03.16-23.14.39:227][  0]LogMaterial: Display: Missing cached shader map for material CustomDepth, compiling. 
[2019.03.16-23.14.39:239][  0]LogMaterial: Display: Missing cached shader map for material CustomStencil, compiling. 
[2019.03.16-23.14.39:261][  0]LogMaterial: Display: Missing cached shader map for material LightingModel, compiling. 
[2019.03.16-23.14.39:271][  0]LogMaterial: Display: Missing cached shader map for material MaterialAO, compiling. 
[2019.03.16-23.14.39:277][  0]LogMaterial: Display: Missing cached shader map for material Metallic, compiling. 
[2019.03.16-23.14.39:283][  0]LogMaterial: Display: Missing cached shader map for material Opacity, compiling. 
[2019.03.16-23.14.39:290][  0]LogMaterial: Display: Missing cached shader map for material Roughness, compiling. 
[2019.03.16-23.14.39:294][  0]LogMaterial: Display: Missing cached shader map for material SceneColor, compiling. 
[2019.03.16-23.14.39:300][  0]LogMaterial: Display: Missing cached shader map for material SceneDepth, compiling. 
[2019.03.16-23.14.39:311][  0]LogMaterial: Display: Missing cached shader map for material Specular, compiling. 
[2019.03.16-23.14.39:316][  0]LogMaterial: Display: Missing cached shader map for material SubsurfaceColor, compiling. 
[2019.03.16-23.14.39:327][  0]LogMaterial: Display: Missing cached shader map for material AmbientOcclusion, compiling. 
[2019.03.16-23.14.39:352][  0]LogMaterial: Display: Missing cached shader map for material SceneDepthWorldUnits, compiling. 
[2019.03.16-23.14.39:361][  0]LogMaterial: Display: Missing cached shader map for material PreTonemapHDRColor, compiling. 
[2019.03.16-23.14.39:370][  0]LogMaterial: Display: Missing cached shader map for material PostTonemapHDRColor, compiling. 
[2019.03.16-23.14.39:395][  0]LogSlate: Updating window title bar state: overlay mode, drag disabled, window buttons hidden, title bar hidden
[2019.03.16-23.14.39:395][  0]LogInit: Display: Game Engine Initialized.
[2019.03.16-23.14.39:395][  0]LogGameplayTags: Display: UGameplayTagsManager::DoneAddingNativeTags. DelegateIsBound: 0
[2019.03.16-23.14.39:395][  0]LogStats: UGameplayTagsManager::ConstructGameplayTagTree: ImportINI prefixes -  0.000 s
[2019.03.16-23.14.39:395][  0]LogStats: UGameplayTagsManager::ConstructGameplayTagTree: Construct from data asset -  0.000 s
[2019.03.16-23.14.39:395][  0]LogStats: UGameplayTagsManager::ConstructGameplayTagTree: ImportINI -  0.000 s
[2019.03.16-23.14.39:395][  0]LogStats: UGameplayTagsManager::ConstructGameplayTagTree: GameplayTagTreeChangedEvent.Broadcast -  0.000 s
[2019.03.16-23.14.39:410][  0]LogInit: Display: Starting Game.
[2019.03.16-23.14.39:410][  0]LogNet: Browse: /Game/Core/Maps/TopDownExampleMap?Name=Player
[2019.03.16-23.14.39:410][  0]LogLoad: LoadMap: /Game/Core/Maps/TopDownExampleMap?Name=Player
[2019.03.16-23.14.41:200][  0]LogShaderCompilers: Display: Shaders left to compile 827
[2019.03.16-23.14.41:200][  0]LogMaterial: Display: Missing cached shader map for material M_Sky_Panning_Clouds2, compiling. 
[2019.03.16-23.14.41:203][  0]LogShaderCompilers: Display: Shaders left to compile 817
[2019.03.16-23.14.41:219][  0]LogMaterial: Display: Missing cached shader map for material M_Cursor_Decal, compiling. 
[2019.03.16-23.14.41:276][  0]LogMaterial: Display: Missing cached shader map for material CubeMaterial, compiling. 
[2019.03.16-23.14.41:319][  0]LogMaterial: Display: Missing cached shader map for material M_UE4Man_Body, compiling. 
[2019.03.16-23.14.41:399][  0]LogAIModule: Creating AISystem for world TopDownExampleMap
[2019.03.16-23.14.41:399][  0]LogLoad: Game class is 'GOTGameMode_C'
[2019.03.16-23.14.41:409][  0]LogWorld: Bringing World /Game/Core/Maps/TopDownExampleMap.TopDownExampleMap up for play (max tick rate 0) at 2019.03.16-19.14.41
[2019.03.16-23.14.41:409][  0]LogWorld: Bringing up level for play took: 0.009380
[2019.03.16-23.14.41:412][  0]UGameSparksModuleLog: Warning: GameSparks::Initialize
[2019.03.16-23.14.41:413][  0]UGameSparksModuleLog: Initialized
[2019.03.16-23.14.41:420][  0]LogLoad: Took 2.010108 seconds to LoadMap(/Game/Core/Maps/TopDownExampleMap)
[2019.03.16-23.14.41:422][  0]LogSlate: Took 0.000179 seconds to synchronously load lazily loaded font '../../../Engine/Content/Slate/Fonts/Roboto-Regular.ttf' (155K)
[2019.03.16-23.14.41:515][  0]LogRenderer: Reallocating scene render targets to support 1280x720 Format 10 NumSamples 1 (Frame:1).
[2019.03.16-23.14.41:515][  0]LogLoad: (Engine Initialization) Total time: 7.64 seconds
[2019.03.16-23.14.41:515][  0]LogLoad: (Engine Initialization) Total Blueprint compile time: 0.00 seconds
[2019.03.16-23.14.41:657][  0]LogShaderCompilers: Display: Shaders left to compile 994
[2019.03.16-23.14.41:707][  0]LogRenderer: Reallocating scene render targets to support 2196x1236 Format 10 NumSamples 1 (Frame:2).
[2019.03.16-23.14.41:707][  0]LogWindowsTextInputMethodSystem: Display: IME system now deactivated.
[2019.03.16-23.14.41:709][  0]LogContentStreaming: Texture pool size now 1000 MB
[2019.03.16-23.14.41:865][ 11]LogShaderCompilers: Display: Shaders left to compile 984
[2019.03.16-23.14.42:161][ 28]UGameSparksModuleLog: WebSocket callback: {"@class": ".AuthenticatedConnectResponse","connectUrl": "wss://gsp-auw000-se12.gamesparks.net/ws/device/p378145LFUDz","requestId": "0"}
[2019.03.16-23.14.42:161][ 28]UGameSparksModuleLog: Received new connection url from gamesparks backend. Establishing new connection now.
[2019.03.16-23.14.42:161][ 28]UGameSparksModuleLog: Create new connection
[2019.03.16-23.14.42:161][ 28]UGameSparksModuleLog: Handle authentication connect response with immediate handshake
[2019.03.16-23.14.42:163][ 28]UGameSparksModuleLog: Connection stopped, deleting it
[2019.03.16-23.14.42:163][ 28]UGameSparksModuleLog: WebSocket closed
[2019.03.16-23.14.42:851][ 70]UGameSparksModuleLog: WebSocket callback: {"@class":".AuthenticatedConnectResponse","nonce":"2b10ffd5-d73a-47eb-b9d7-2d9192245161","requestId":"0"}
[2019.03.16-23.14.42:851][ 70]UGameSparksModuleLog: Handle authentication connect response with immediate handshake
[2019.03.16-23.14.42:852][ 70]UGameSparksModuleLog: Send immediate request: {
	"@class":	".AuthenticatedConnectRequest",
	"hmac":	"mt99HvvdEMuGOxQCcIIVVGsVNVB5fuLQ0FnoKLhlpx0=",
	"os":	"Windows",
	"platform":	"Windows",
	"deviceId":	"bef00ac472659f9cca6543a66f0b02fd",
	"deviceStats":	{
		"cpu.cores":	"8",
		"cpu.vendor":	"Intel(R) Core(TM) i7-7700K CPU @ 4.20GHz",
		"engine":	"Unreal Engine",
		"engine.version":	"4.20.0",
		"manufacturer":	"Microsoft",
		"memory":	"32698 MB",
		"model":	"PC",
		"os.name":	"Windows",
		"os.version":	"10.0.17134.648",
		"os.version.major":	"10",
		"os.version.major.minor":	"10.0",
		"resolution":	"2194x1234",
		"gssdk":	"1.1.23.0"
	}
}
[2019.03.16-23.14.42:852][ 70]UGameSparksModuleLog: Handshake request sent
[2019.03.16-23.14.42:959][ 77]UGameSparksModuleLog: WebSocket callback: {"@class":".AuthenticatedConnectResponse","requestId":"0","sessionId":"2b10ffd5-d73a-47eb-b9d7-2d9192245161"}
[2019.03.16-23.14.42:959][ 77]UGameSparksModuleLog: Handle authentication connect response with immediate handshake
[2019.03.16-23.14.42:959][ 77]UGameSparksModuleLog: Warning: GameSparks::GameSparksAvailable_Static
[2019.03.16-23.14.42:959][ 77]LogBlueprintUserMessages: [GOTGameMode_C_0] Server Status: Available
[2019.03.16-23.14.43:364][103]LogShaderCompilers: Display: Shaders left to compile 974
[2019.03.16-23.14.43:525][113]LogShaderCompilers: Display: Shaders left to compile 964
[2019.03.16-23.14.43:766][127]LogSlate: FSceneViewport::OnFocusLost() reason 0
[2019.03.16-23.14.43:799][130]LogShaderCompilers: Display: Shaders left to compile 954
[2019.03.16-23.14.44:091][148]LogShaderCompilers: Display: Shaders left to compile 944
[2019.03.16-23.14.45:742][250]LogShaderCompilers: Display: Shaders left to compile 934
[2019.03.16-23.14.45:903][260]LogShaderCompilers: Display: Shaders left to compile 924
[2019.03.16-23.14.45:920][261]LogShaderCompilers: Display: Shaders left to compile 914
[2019.03.16-23.14.45:969][264]LogShaderCompilers: Display: Shaders left to compile 904
[2019.03.16-23.14.47:521][360]LogShaderCompilers: Display: Shaders left to compile 894
[2019.03.16-23.14.47:912][384]LogShaderCompilers: Display: Shaders left to compile 884
[2019.03.16-23.14.48:008][390]LogShaderCompilers: Display: Shaders left to compile 874
[2019.03.16-23.14.48:285][407]LogShaderCompilers: Display: Shaders left to compile 864
[2019.03.16-23.14.48:574][424]UGameSparksModuleLog: Send immediate request: {
	"@class":	".AuthenticationRequest",
	"password":	"Sweeps0508",
	"userName":	"tonymorgan92",
	"requestId":	"1552778088_0"
}
[2019.03.16-23.14.48:688][431]UGameSparksModuleLog: WebSocket callback: {"@class":".AuthenticationResponse","authToken":"5e5aa5c4-9072-4f46-a2a1-dad455686af0","displayName":"tonymorgan92","newPlayer":false,"requestId":"1552778088_0","userId":"5c8ac6976379c8469eef7c87"}
[2019.03.16-23.14.48:688][431]UGameSparksModuleLog: Received auth token
[2019.03.16-23.14.48:692][431]LogBlueprintUserMessages: [GameSparksLogin_C_0] Welcome back tonymorgan92
[2019.03.16-23.14.48:693][431]UGameSparksModuleLog: New UserId init persistent queue
[2019.03.16-23.14.48:881][443]UGameSparksModuleLog: Send immediate request: {
	"@class":	".GetMyTeamsRequest",
	"requestId":	"1552778088_1"
}
[2019.03.16-23.14.48:979][449]UGameSparksModuleLog: WebSocket callback: {"@class":".GetMyTeamsResponse","requestId":"1552778088_1","teams":[{"members":[{"displayName":"tonymorgan92","externalIds":{ },"id":"5c8ac6976379c8469eef7c87","online":true},{"displayName":"naddax","externalIds":{ },"id":"5c8acd8947eb4e1e9842a355","online":false},{"displayName":"tonymorgan","externalIds":{ },"id":"5c8cb6f9a13e1905132f55c8","online":false},{"displayName":"testacc1","externalIds":{ },"id":"5c8cb7fbb4d7620517bf2646","online":false},{"displayName":"testacc2","externalIds":{ },"id":"5c8cb88ca13e1905132fb786","online":false},{"displayName":"testacc3","externalIds":{ },"id":"5c8cb936b4d7620517bf87ce","online":false},{"displayName":"testacc4","externalIds":{ },"id":"5c8cc614a13e19051333726a","online":false},{"displayName":"testacc6","externalIds":{ },"id":"5c8cc669156694053061ea7a","online":false},{"displayName":"tonymorgan1","externalIds":{ },"id":"5c8cc802a13e19051333f153","online":false},{"displayName":"Jackimedes","externalIds":{ },"id":"5c8ac68b47eb4e1e983f1e89","online":false}],"owner":{"displayName":"tonymorgan92","externalIds":{ },"id":"5c8ac6976379c8469eef7c87","online":true},"teamId":"1","teamName":"House Skywalker","teamType":"GUILD"}]}
[2019.03.16-23.14.49:581][487]LogShaderCompilers: Display: Shaders left to compile 854
[2019.03.16-23.14.49:675][493]LogShaderCompilers: Display: Shaders left to compile 844
[2019.03.16-23.14.49:754][497]LogSlate: FSceneViewport::OnFocusLost() reason 0
[2019.03.16-23.14.49:805][500]UGameSparksModuleLog: Send immediate request: {
	"@class":	".GetMyTeamsRequest",
	"requestId":	"1552778089_2"
}
[2019.03.16-23.14.49:805][500]UGameSparksModuleLog: Send immediate request: {
	"@class":	".ListTeamChatRequest",
	"entryCount":	50,
	"ownerId":	"5c8ac6976379c8469eef7c87",
	"teamId":	"1",
	"teamType":	"GUILD",
	"scriptData":	{
},
	"requestId":	"1552778089_3"
}
[2019.03.16-23.14.49:916][507]UGameSparksModuleLog: WebSocket callback: {"@class":".GetMyTeamsResponse","requestId":"1552778089_2","teams":[{"members":[{"displayName":"tonymorgan92","externalIds":{ },"id":"5c8ac6976379c8469eef7c87","online":true},{"displayName":"naddax","externalIds":{ },"id":"5c8acd8947eb4e1e9842a355","online":false},{"displayName":"tonymorgan","externalIds":{ },"id":"5c8cb6f9a13e1905132f55c8","online":false},{"displayName":"testacc1","externalIds":{ },"id":"5c8cb7fbb4d7620517bf2646","online":false},{"displayName":"testacc2","externalIds":{ },"id":"5c8cb88ca13e1905132fb786","online":false},{"displayName":"testacc3","externalIds":{ },"id":"5c8cb936b4d7620517bf87ce","online":false},{"displayName":"testacc4","externalIds":{ },"id":"5c8cc614a13e19051333726a","online":false},{"displayName":"testacc6","externalIds":{ },"id":"5c8cc669156694053061ea7a","online":false},{"displayName":"tonymorgan1","externalIds":{ },"id":"5c8cc802a13e19051333f153","online":false},{"displayName":"Jackimedes","externalIds":{ },"id":"5c8ac68b47eb4e1e983f1e89","online":false}],"owner":{"displayName":"tonymorgan92","externalIds":{ },"id":"5c8ac6976379c8469eef7c87","online":true},"teamId":"1","teamName":"House Skywalker","teamType":"GUILD"}]}
[2019.03.16-23.14.49:933][508]UGameSparksModuleLog: WebSocket callback: {"@class":".ListTeamChatResponse","messages":[{"fromId":"5c8ac6976379c8469eef7c87","id":"5c8d3f9db4d7620517e93bfc","message":"the website","when":1552760733421,"who":"tonymorgan92"},{"fromId":"5c8ac6976379c8469eef7c87","id":"5c8d3f9ab4d7620517e93b61","message":"as of right now they were created through","when":1552760730448,"who":"tonymorgan92"},{"fromId":"5c8ac6976379c8469eef7c87","id":"5c8d3f90b4d7620517e9397e","message":"actually creating a guild","when":1552760720100,"who":"tonymorgan92"},{"fromId":"5c8ac6976379c8469eef7c87","id":"5c8d3f8bb4d7620517e938ad","message":"now i need to make the widget for","when":1552760715674,"who":"tonymorgan92"},{"fromId":"5c8ac6976379c8469eef7c87","id":"5c8d3f7eb4d7620517e9336e","message":"sweet","when":1552760702755,"who":"tonymorgan92"},{"fromId":"5c8ac68b47eb4e1e983f1e89","id":"5c8d3f7ab4d7620517e92bd2","message":"seems to!","when":1552760698891,"who":"Jackimedes"},{"fromId":"5c8ac6976379c8469eef7c87","id":"5c8d3f65b4d7620517e92558","message":"it should remember what guild youre in","when":1552760677519,"who":"tonymorgan92"},{"fromId":"5c8ac6976379c8469eef7c87","id":"5c8d3f5eb4d7620517e923df","message":"log out and log back in","when":1552760670426,"who":"tonymorgan92"},{"fromId":"5c8ac6976379c8469eef7c87","id":"5c8d3f59b4d7620517e9230a","message":"now","when":1552760665325,"who":"tonymorgan92"},{"fromId":"5c8ac6976379c8469eef7c87","id":"5c8d3f53b4d7620517e921b0","message":"yep i was just thinking that too lmao","when":1552760659254,"who":"tonymorgan92"},{"fromId":"5c8ac68b47eb4e1e983f1e89","id":"5c8d3f50a13e19051358c8fe","message":"mm :)","when":1552760656053,"who":"Jackimedes"},{"fromId":"5c8ac6976379c8469eef7c87","id":"5c8d3f49b4d7620517e91fda","message":"to make sure it works","when":1552760649511,"who":"tonymorgan92"},{"fromId":"5c8ac68b47eb4e1e983f1e89","id":"5c8d3f48a13e19051358c716","message":"and auto return to the chat box on enter","when":1552760648062,"who":"Jackimedes"},{"fromId":"5c8ac6976379c8469eef7c87","id":"5c8d3f45b4d7620517e91eb7","message":"this was just a rough setup","when":1552760645254,"who":"tonymorgan92"},{"fromId":"5c8ac6976379c8469eef7c87","id":"5c8d3f3eb4d7620517e913f9","message":"yeah i plan on it","when":1552760638712,"who":"tonymorgan92"},{"fromId":"5c8ac68b47eb4e1e983f1e89","id":"5c8d3f3ba13e19051358baaa","message":"background with transparency","when":1552760635260,"who":"Jackimedes"},{"fromId":"5c8ac68b47eb4e1e983f1e89","id":"5c8d3f32a13e19051358b918","message":"you should probably put the chat box in a black","when":1552760626083,"who":"Jackimedes"},{"fromId":"5c8ac6976379c8469eef7c87","id":"5c8d3f30b4d7620517e91103","message":"sweet","when":1552760624302,"who":"tonymorgan92"},{"fromId":"5c8ac68b47eb4e1e983f1e89","id":"5c8d3f1ca13e19051358b64c","message":"yep it's just done that for me","when":1552760604367,"who":"Jackimedes"},{"fromId":"5c8ac6976379c8469eef7c87","id":"5c8d3f19b4d7620517e90d6e","message":"fuck i need to wrap text","when":1552760601110,"who":"tonymorgan92"},{"fromId":"5c8ac6976379c8469eef7c87","id":"5c8d3f11b4d7620517e90b79","message":"once it gets low enough it should automatically scroll","when":1552760593972,"who":"tonymorgan92"},{"fromId":"5c8ac68b47eb4e1e983f1e89","id":"5c8d3f10a13e19051358b408","message":"nice work","when":1552760592911,"who":"Jackimedes"},{"fromId":"5c8ac6976379c8469eef7c87","id":"5c8d3f04b4d7620517e90096","message":":D","when":1552760580240,"who":"tonymorgan92"},{"fromId":"5c8ac68b47eb4e1e983f1e89","id":"5c8d3efaa13e19051358a574","message":"ooooo real time","when":1552760570974,"who":"Jackimedes"},{"fromId":"5c8ac6976379c8469eef7c87","id":"5c8d3efab4d7620517e8fdf9","message":"this is cool af","when":1552760570437,"who":"tonymorgan92"},{"fromId":"5c8ac6976379c8469eef7c87","id":"5c8d3ef3b4d7620517e8fca1","message":"sick","when":1552760563792,"who":"tonymorgan92"},{"fromId":"5c8ac68b47eb4e1e983f1e89","id":"5c8d3eeea13e19051358a266","message":"I can see it","when":1552760558182,"who":"Jackimedes"},{"fromId":"5c8ac6976379c8469eef7c87","id":"5c8d3e3cb4d7620517e8bd24","message":"jack if you can see this let me know","when":1552760380786,"who":"tonymorgan92"},{"fromId":"5c8acd8947eb4e1e9842a355","id":"5c8cd002a13e1905133630e5","message":"chat is working","when":1552732162822,"who":"naddax"},{"fromId":"5c8ac6976379c8469eef7c87","id":"5c8ccfe71566940530649f23","message":"testing to make sure chat works","when":1552732135507,"who":"tonymorgan92"}],"requestId":"1552778089_3"}
[2019.03.16-23.14.50:055][516]LogShaderCompilers: Display: Shaders left to compile 834
[2019.03.16-23.14.50:312][532]LogShaderCompilers: Display: Shaders left to compile 824
[2019.03.16-23.14.51:849][627]LogShaderCompilers: Display: Shaders left to compile 814
[2019.03.16-23.14.51:865][628]LogShaderCompilers: Display: Shaders left to compile 804
[2019.03.16-23.14.52:417][662]LogShaderCompilers: Display: Shaders left to compile 794
[2019.03.16-23.14.52:642][676]LogShaderCompilers: Display: Shaders left to compile 784
[2019.03.16-23.14.53:839][750]LogShaderCompilers: Display: Shaders left to compile 774
[2019.03.16-23.14.53:839][750]LogShaderCompilers: Display: Shaders left to compile 764
[2019.03.16-23.14.54:162][770]LogShaderCompilers: Display: Shaders left to compile 754
[2019.03.16-23.14.55:020][823]LogShaderCompilers: Display: Shaders left to compile 744
[2019.03.16-23.14.56:185][895]LogShaderCompilers: Display: Shaders left to compile 734
[2019.03.16-23.14.56:460][912]LogShaderCompilers: Display: Shaders left to compile 724
[2019.03.16-23.14.56:508][915]LogShaderCompilers: Display: Shaders left to compile 714
[2019.03.16-23.14.57:397][970]LogShaderCompilers: Display: Shaders left to compile 704
[2019.03.16-23.14.58:160][ 17]LogShaderCompilers: Display: Shaders left to compile 694
[2019.03.16-23.14.58:337][ 28]LogShaderCompilers: Display: Shaders left to compile 684
[2019.03.16-23.14.59:033][ 71]LogShaderCompilers: Display: Shaders left to compile 674
[2019.03.16-23.15.00:051][134]LogShaderCompilers: Display: Shaders left to compile 664
[2019.03.16-23.15.00:493][161]LogShaderCompilers: Display: Shaders left to compile 654
[2019.03.16-23.15.00:494][161]LogShaderCompilers: Display: Shaders left to compile 644
[2019.03.16-23.15.01:589][229]LogShaderCompilers: Display: Shaders left to compile 634
[2019.03.16-23.15.02:138][263]LogShaderCompilers: Display: Shaders left to compile 624
[2019.03.16-23.15.02:802][304]LogShaderCompilers: Display: Shaders left to compile 614
[2019.03.16-23.15.02:835][306]LogShaderCompilers: Display: Shaders left to compile 604
[2019.03.16-23.15.03:822][367]LogShaderCompilers: Display: Shaders left to compile 594
[2019.03.16-23.15.04:388][402]LogShaderCompilers: Display: Shaders left to compile 584
[2019.03.16-23.15.04:777][426]LogShaderCompilers: Display: Shaders left to compile 574
[2019.03.16-23.15.04:906][434]LogShaderCompilers: Display: Shaders left to compile 564
[2019.03.16-23.15.06:005][502]LogShaderCompilers: Display: Shaders left to compile 554
[2019.03.16-23.15.06:748][548]LogShaderCompilers: Display: Shaders left to compile 544
[2019.03.16-23.15.07:248][579]LogShaderCompilers: Display: Shaders left to compile 534
[2019.03.16-23.15.07:330][584]LogShaderCompilers: Display: Shaders left to compile 524
[2019.03.16-23.15.08:477][655]LogShaderCompilers: Display: Shaders left to compile 514
[2019.03.16-23.15.08:897][681]LogShaderCompilers: Display: Shaders left to compile 504
[2019.03.16-23.15.08:946][684]LogShaderCompilers: Display: Shaders left to compile 494
[2019.03.16-23.15.09:755][734]LogShaderCompilers: Display: Shaders left to compile 484
[2019.03.16-23.15.10:918][806]LogShaderCompilers: Display: Shaders left to compile 474
[2019.03.16-23.15.11:322][831]LogShaderCompilers: Display: Shaders left to compile 464
[2019.03.16-23.15.11:694][854]LogShaderCompilers: Display: Shaders left to compile 454
[2019.03.16-23.15.12:308][892]LogShaderCompilers: Display: Shaders left to compile 444
[2019.03.16-23.15.12:663][914]LogShaderCompilers: Display: Shaders left to compile 434
[2019.03.16-23.15.13:077][939]LogShaderCompilers: Display: Shaders left to compile 424
[2019.03.16-23.15.13:157][944]LogShaderCompilers: Display: Shaders left to compile 414
[2019.03.16-23.15.13:609][971]LogShaderCompilers: Display: Shaders left to compile 404
[2019.03.16-23.15.13:949][992]LogShaderCompilers: Display: Shaders left to compile 394
[2019.03.16-23.15.14:337][ 16]LogShaderCompilers: Display: Shaders left to compile 384
[2019.03.16-23.15.14:935][ 53]LogShaderCompilers: Display: Shaders left to compile 374
[2019.03.16-23.15.15:015][ 58]LogShaderCompilers: Display: Shaders left to compile 364
[2019.03.16-23.15.15:322][ 77]LogShaderCompilers: Display: Shaders left to compile 354
[2019.03.16-23.15.15:881][111]LogShaderCompilers: Display: Shaders left to compile 344
[2019.03.16-23.15.16:460][147]LogShaderCompilers: Display: Shaders left to compile 334
[2019.03.16-23.15.16:505][150]LogShaderCompilers: Display: Shaders left to compile 324
[2019.03.16-23.15.16:781][167]LogShaderCompilers: Display: Shaders left to compile 314
[2019.03.16-23.15.17:848][233]LogShaderCompilers: Display: Shaders left to compile 304
[2019.03.16-23.15.18:718][287]LogShaderCompilers: Display: Shaders left to compile 294
[2019.03.16-23.15.18:718][287]LogShaderCompilers: Display: Shaders left to compile 284
[2019.03.16-23.15.18:734][288]LogShaderCompilers: Display: Shaders left to compile 274
[2019.03.16-23.15.20:155][376]LogShaderCompilers: Display: Shaders left to compile 264
[2019.03.16-23.15.20:386][390]LogShaderCompilers: Display: Shaders left to compile 254
[2019.03.16-23.15.20:985][427]LogShaderCompilers: Display: Shaders left to compile 244
[2019.03.16-23.15.21:459][456]LogShaderCompilers: Display: Shaders left to compile 234
[2019.03.16-23.15.21:480][457]LogSlate: FSceneViewport::OnFocusLost() reason 0
[2019.03.16-23.15.21:550][462]LogShaderCompilers: Display: Shaders left to compile 224
[2019.03.16-23.15.21:710][472]LogShaderCompilers: Display: Shaders left to compile 214
[2019.03.16-23.15.22:073][494]LogShaderCompilers: Display: Shaders left to compile 204
[2019.03.16-23.15.22:602][527]LogShaderCompilers: Display: Shaders left to compile 194
[2019.03.16-23.15.22:633][529]LogShaderCompilers: Display: Shaders left to compile 184
[2019.03.16-23.15.22:659][530]LogSlate: FSceneViewport::OnFocusLost() reason 0
[2019.03.16-23.15.22:825][541]LogShaderCompilers: Display: Shaders left to compile 174
[2019.03.16-23.15.23:393][576]LogShaderCompilers: Display: Shaders left to compile 164
[2019.03.16-23.15.23:750][598]LogShaderCompilers: Display: Shaders left to compile 154
[2019.03.16-23.15.25:046][678]LogShaderCompilers: Display: Shaders left to compile 144
[2019.03.16-23.15.25:481][705]LogShaderCompilers: Display: Shaders left to compile 134
[2019.03.16-23.15.25:529][708]LogShaderCompilers: Display: Shaders left to compile 124
[2019.03.16-23.15.26:041][739]LogShaderCompilers: Display: Shaders left to compile 114
[2019.03.16-23.15.27:210][812]LogShaderCompilers: Display: Shaders left to compile 104
[2019.03.16-23.15.27:597][836]LogShaderCompilers: Display: Shaders left to compile 94
[2019.03.16-23.15.27:888][854]LogShaderCompilers: Display: Shaders left to compile 84
[2019.03.16-23.15.28:082][866]LogShaderCompilers: Display: Shaders left to compile 74
[2019.03.16-23.15.29:246][938]LogShaderCompilers: Display: Shaders left to compile 64
[2019.03.16-23.15.29:273][939]LogShaderCompilers: Display: Shaders left to compile 54
[2019.03.16-23.15.30:086][985]LogRenderer: Reallocating scene render targets to support 1280x720 Format 10 NumSamples 1 (Frame:2988).
[2019.03.16-23.15.30:216][994]LogShaderCompilers: Display: Shaders left to compile 44
[2019.03.16-23.15.30:832][ 32]LogShaderCompilers: Display: Shaders left to compile 34
[2019.03.16-23.15.31:396][ 67]LogShaderCompilers: Display: Shaders left to compile 24
[2019.03.16-23.15.31:654][ 83]LogShaderCompilers: Display: Shaders left to compile 14
[2019.03.16-23.15.32:559][139]LogShaderCompilers: Display: Shaders left to compile 4
[2019.03.16-23.15.34:264][238]LogSlate: Window 'GoTLegends (64-bit Development PCD3D_ES2) ' being destroyed
[2019.03.16-23.15.34:270][238]LogSlate: Updating window title bar state: overlay mode, drag disabled, window buttons hidden, title bar hidden
[2019.03.16-23.15.34:270][238]LogEngine: All Windows Closed
[2019.03.16-23.15.34:270][238]LogWindows: FPlatformMisc::RequestExit(0)
[2019.03.16-23.15.34:715][239]LogExit: Preparing to exit.
[2019.03.16-23.15.34:715][239]LogMoviePlayer: Shutting down movie player
