Log file open, 03/19/19 04:01:28
LogWindows: Failed to load 'aqProf.dll' (GetLastError=126)
LogWindows: File 'aqProf.dll' does not exist
LogWindows: Failed to load 'VtuneApi.dll' (GetLastError=126)
LogWindows: File 'VtuneApi.dll' does not exist
LogWindows: Failed to load 'VtuneApi32e.dll' (GetLastError=126)
LogWindows: File 'VtuneApi32e.dll' does not exist
LogInit: Display: Running engine for game: GoTLegends
LogPlatformFile: Not using cached read wrapper
LogTaskGraph: Started task graph with 5 named threads and 35 total threads with 3 sets of task threads.
LogStats: Stats thread started at 0.443221
LogD3D11RHI: Loaded GFSDK_Aftermath_Lib.x64.dll
LogICUInternationalization: Display: ICU TimeZone Detection - Raw Offset: -5:00, Platform Override: ''
LogPluginManager: Mounting plugin Paper2D
LogPluginManager: Mounting plugin AISupport
LogPluginManager: Mounting plugin LightPropagationVolume
LogPluginManager: Mounting plugin CLionSourceCodeAccess
LogPluginManager: Mounting plugin CodeLiteSourceCodeAccess
LogPluginManager: Mounting plugin GitSourceControl
LogPluginManager: Mounting plugin KDevelopSourceCodeAccess
LogPluginManager: Mounting plugin NullSourceCodeAccess
LogPluginManager: Mounting plugin PerforceSourceControl
LogPluginManager: Mounting plugin SubversionSourceControl
LogPluginManager: Mounting plugin UObjectPlugin
LogPluginManager: Mounting plugin VisualStudioCodeSourceCodeAccess
LogPluginManager: Mounting plugin VisualStudioSourceCodeAccess
LogPluginManager: Mounting plugin XCodeSourceCodeAccess
LogPluginManager: Mounting plugin AssetManagerEditor
LogPluginManager: Mounting plugin CryptoKeys
LogPluginManager: Mounting plugin DataValidation
LogPluginManager: Mounting plugin FacialAnimation
LogPluginManager: Mounting plugin GameplayTagsEditor
LogPluginManager: Mounting plugin MacGraphicsSwitching
LogPluginManager: Mounting plugin MeshEditor
LogPluginManager: Mounting plugin MobileLauncherProfileWizard
LogPluginManager: Mounting plugin PluginBrowser
LogPluginManager: Mounting plugin SpeedTreeImporter
LogPluginManager: Mounting plugin DatasmithContent
LogPluginManager: Mounting plugin AlembicImporter
LogPluginManager: Mounting plugin AppleImageUtils
LogPluginManager: Mounting plugin AppleVision
LogPluginManager: Mounting plugin BackChannel
LogPluginManager: Mounting plugin CharacterAI
LogPluginManager: Mounting plugin GeometryCache
LogPluginManager: Mounting plugin HTML5Networking
LogPluginManager: Mounting plugin ProxyLODPlugin
LogPluginManager: Mounting plugin GameSparks
LogPluginManager: Mounting plugin MagicLeap
LogPluginManager: Mounting plugin MagicLeapEmulator
LogPluginManager: Mounting plugin MagicLeapMedia
LogPluginManager: Mounting plugin AndroidMedia
LogPluginManager: Mounting plugin AvfMedia
LogPluginManager: Mounting plugin ImgMedia
LogPluginManager: Mounting plugin LinearTimecode
LogPluginManager: Mounting plugin MediaCompositing
LogPluginManager: Mounting plugin MediaPlayerEditor
LogPluginManager: Mounting plugin WmfMedia
LogPluginManager: Mounting plugin TcpMessaging
LogPluginManager: Mounting plugin UdpMessaging
LogPluginManager: Mounting plugin ActorSequence
LogPluginManager: Mounting plugin LevelSequenceEditor
LogPluginManager: Mounting plugin MatineeToLevelSequence
LogPluginManager: Mounting plugin NetcodeUnitTest
LogPluginManager: Mounting plugin NUTUnrealEngine4
LogPluginManager: Mounting plugin OnlineSubsystemGooglePlay
LogPluginManager: Mounting plugin OnlineSubsystemIOS
LogPluginManager: Mounting plugin OnlineSubsystem
LogPluginManager: Mounting plugin OnlineSubsystemNull
LogPluginManager: Mounting plugin OnlineSubsystemUtils
LogPluginManager: Mounting plugin LauncherChunkInstaller
LogPluginManager: Mounting plugin AndroidDeviceProfileSelector
LogPluginManager: Mounting plugin AndroidMoviePlayer
LogPluginManager: Mounting plugin AndroidPermission
LogPluginManager: Mounting plugin AppleMoviePlayer
LogPluginManager: Mounting plugin ArchVisCharacter
LogPluginManager: Mounting plugin AudioCapture
LogPluginManager: Mounting plugin CableComponent
LogPluginManager: Mounting plugin CustomMeshComponent
LogPluginManager: Mounting plugin EditableMesh
LogPluginManager: Mounting plugin ExampleDeviceProfileSelector
LogPluginManager: Mounting plugin GoogleCloudMessaging
LogPluginManager: Mounting plugin ImmediatePhysics
LogPluginManager: Mounting plugin IOSDeviceProfileSelector
LogPluginManager: Mounting plugin LinuxDeviceProfileSelector
LogPluginManager: Mounting plugin LocationServicesBPLibrary
LogPluginManager: Mounting plugin MobilePatchingUtils
LogPluginManager: Mounting plugin OculusVR
LogPluginManager: Plugin shader directory ../../../Engine/Plugins/Runtime/Oculus/OculusVR/Shaders found
LogPluginManager: Mapping shader source directory ../../../Engine/Plugins/Runtime/Oculus/OculusVR/Shaders to virtual directory /Plugin/OculusVR
LogPluginManager: Mounting plugin PhysXVehicles
LogPluginManager: Mounting plugin ProceduralMeshComponent
LogPluginManager: Mounting plugin RuntimePhysXCooking
LogPluginManager: Mounting plugin SteamVR
LogPluginManager: Mounting plugin WindowsMoviePlayer
LogStreaming: Display: Took  0.154s to configure plugins.
LogInit: Using libcurl 7.55.1-DEV
LogInit:  - built for x86_64-pc-win32
LogInit:  - supports SSL with OpenSSL/1.0.2h
LogInit:  - supports HTTP deflate (compression) using libz 1.2.8
LogInit:  - other features:
LogInit:      CURL_VERSION_SSL
LogInit:      CURL_VERSION_LIBZ
LogInit:      CURL_VERSION_IPV6
LogInit:      CURL_VERSION_ASYNCHDNS
LogInit:      CURL_VERSION_LARGEFILE
LogInit:      CURL_VERSION_IDN
LogInit:  CurlRequestOptions (configurable via config and command line):
LogInit:  - bVerifyPeer = false  - Libcurl will NOT verify peer certificate
LogInit:  - bUseHttpProxy = false  - Libcurl will NOT use HTTP proxy
LogInit:  - bDontReuseConnections = false  - Libcurl will reuse connections
LogInit:  - CertBundlePath = nullptr  - Libcurl will use whatever was configured at build time.
LogInit:  - MaxHostConnections = 16  - Libcurl will limit the number of connections to a host
LogInit:  - LocalHostAddr = Default
LogInit:  - BufferSize = 65536
LogInit: WinSock: version 1.1 (2.2), MaxSocks=32767, MaxUdp=65467
LogInit: Build: ++UE4+Release-4.20-CL-4369336
LogInit: Engine Version: 4.20.3-4369336+++UE4+Release-4.20
LogInit: Compatible Engine Version: 4.20.0-4212847+++UE4+Release-4.20
LogInit: Net CL: 4212847
LogInit: OS: Windows 10 (), CPU: Intel(R) Core(TM) i7-8750H CPU @ 2.20GHz, GPU: Intel(R) UHD Graphics 630
LogInit: Compiled (64-bit): Sep 17 2018 12:26:19
LogInit: Compiled with Visual C++: 19.13.26129.00
LogInit: Build Configuration: Development
LogInit: Branch Name: ++UE4+Release-4.20
LogInit: Command Line:  
LogInit: Base Directory: D:/Program Files/Epic Games/UE_4.20/Engine/Binaries/Win64/
LogInit: Installed Engine Build: 1
LogDevObjectVersion: Number of dev versions registered: 20
LogDevObjectVersion:   Dev-Blueprints (B0D832E4-1F89-4F0D-ACCF-7EB736FD4AA2): 10
LogDevObjectVersion:   Dev-Build (E1C64328-A22C-4D53-A36C-8E866417BD8C): 0
LogDevObjectVersion:   Dev-Core (375EC13C-06E4-48FB-B500-84F0262A717E): 2
LogDevObjectVersion:   Dev-Editor (E4B068ED-F494-42E9-A231-DA0B2E46BB41): 24
LogDevObjectVersion:   Dev-Framework (CFFC743F-43B0-4480-9391-14DF171D2073): 34
LogDevObjectVersion:   Dev-Mobile (B02B49B5-BB20-44E9-A304-32B752E40360): 2
LogDevObjectVersion:   Dev-Networking (A4E4105C-59A1-49B5-A7C5-40C4547EDFEE): 0
LogDevObjectVersion:   Dev-Online (39C831C9-5AE6-47DC-9A44-9C173E1C8E7C): 0
LogDevObjectVersion:   Dev-Physics (78F01B33-EBEA-4F98-B9B4-84EACCB95AA2): 0
LogDevObjectVersion:   Dev-Platform (6631380F-2D4D-43E0-8009-CF276956A95A): 0
LogDevObjectVersion:   Dev-Rendering (12F88B9F-8875-4AFC-A67C-D90C383ABD29): 26
LogDevObjectVersion:   Dev-Sequencer (7B5AE74C-D270-4C10-A958-57980B212A5A): 9
LogDevObjectVersion:   Dev-VR (D7296918-1DD6-4BDD-9DE2-64A83CC13884): 2
LogDevObjectVersion:   Dev-LoadTimes (C2A15278-BFE7-4AFE-6C17-90FF531DF755): 1
LogDevObjectVersion:   Private-Geometry (6EACA3D4-40EC-4CC1-B786-8BED09428FC5): 3
LogDevObjectVersion:   Dev-AnimPhys (29E575DD-E0A3-4627-9D10-D276232CDCEA): 17
LogDevObjectVersion:   Dev-ReflectionCapture (6B266CEC-1EC7-4B8F-A30B-E4D90942FC07): 1
LogDevObjectVersion:   Dev-Automation (0DF73D61-A23F-47EA-B727-89E90C41499A): 1
LogDevObjectVersion:   FortniteMain (601D1886-AC64-4F84-AA16-D3DE0DEAC7D6): 12
LogDevObjectVersion:   Dev-Enterprise (9DFFBCD6-494F-0158-E221-12823C92A888): 1
LogStreaming: Display: Took  0.001s to delete old logs.
LogInit: Presizing for max 8388607 objects, including 0 objects not considered by GC, pre-allocating 0 bytes for permanent pool.
LogInit: Object subsystem initialized
[2019.03.19-08.01.28:805][  0]LogInit: Selected Device Profile: [Windows]
[2019.03.19-08.01.28:805][  0]LogInit: Applying CVar settings loaded from the selected device profile: [Windows]
[2019.03.19-08.01.28:823][  0]LogHAL: Display: Platform has ~ 16 GB [17014509568 / 17179869184 / 16], which maps to Larger [LargestMinGB=32, LargerMinGB=12, DefaultMinGB=8, SmallerMinGB=6, SmallestMinGB=0)
[2019.03.19-08.01.28:823][  0]LogInit: Setting Device Profile CVar: [[r.Vulkan.UseRealUBs:1]]
[2019.03.19-08.01.28:823][  0]LogInit: Going up to parent DeviceProfile []
[2019.03.19-08.01.28:823][  0]LogInit: Computer: LAPTOP-LG71H09L
[2019.03.19-08.01.28:823][  0]LogInit: User: ArchlichStudios
[2019.03.19-08.01.28:823][  0]LogInit: CPU Page size=4096, Cores=6
[2019.03.19-08.01.28:823][  0]LogInit: High frequency timer resolution =2.156251 MHz
[2019.03.19-08.01.28:824][  0]LogMemory: Memory total: Physical=15.8GB (16GB approx)
[2019.03.19-08.01.28:824][  0]LogMemory: Platform Memory Stats for Windows
[2019.03.19-08.01.28:824][  0]LogMemory: Process Physical Memory: 102.05 MB used, 102.05 MB peak
[2019.03.19-08.01.28:824][  0]LogMemory: Process Virtual Memory: 85.95 MB used, 85.95 MB peak
[2019.03.19-08.01.28:824][  0]LogMemory: Physical Memory: 8957.72 MB used,  7268.58 MB free, 16226.30 MB total
[2019.03.19-08.01.28:824][  0]LogMemory: Virtual Memory: 561.34 MB used,  7268.58 MB free, 134217728.00 MB total
[2019.03.19-08.01.28:855][  0]LogInit: Using OS detected language (en-US).
[2019.03.19-08.01.28:855][  0]LogInit: Using OS detected locale (en-US).
[2019.03.19-08.01.28:856][  0]LogTextLocalizationManager: No specific localization for 'en-US' exists, so the 'en' localization will be used.
[2019.03.19-08.01.29:364][  0]LogStreaming: Display: Took  0.509s to InitEngineTextLocalization.
[2019.03.19-08.01.29:364][  0]LogInit: Setting process to per monitor DPI aware
[2019.03.19-08.01.29:405][  0]LogSlate: New Slate User Created.  User Index 0, Is Virtual User: 0
[2019.03.19-08.01.29:405][  0]LogSlate: Slate User Registered.  User Index 0, Is Virtual User: 0
[2019.03.19-08.01.29:691][  0]LogHMD: Failed to initialize OpenVR with code 110
[2019.03.19-08.01.29:691][  0]LogD3D11RHI: D3D11 adapters:
[2019.03.19-08.01.29:789][  0]LogD3D11RHI:    0. 'NVIDIA GeForce GTX 1060' (Feature Level 11_0)
[2019.03.19-08.01.29:789][  0]LogD3D11RHI:       6052/0/8113 MB DedicatedVideo/DedicatedSystem/SharedSystem, Outputs:1, VendorId:0x10de
[2019.03.19-08.01.29:810][  0]LogD3D11RHI:    1. 'Intel(R) UHD Graphics 630' (Feature Level 11_0)
[2019.03.19-08.01.29:810][  0]LogD3D11RHI:       128/0/8113 MB DedicatedVideo/DedicatedSystem/SharedSystem, Outputs:0, VendorId:0x8086
[2019.03.19-08.01.29:814][  0]LogD3D11RHI:    2. 'Microsoft Basic Render Driver' (Feature Level 11_0)
[2019.03.19-08.01.29:814][  0]LogD3D11RHI:       0/0/8113 MB DedicatedVideo/DedicatedSystem/SharedSystem, Outputs:0, VendorId:0x1414
[2019.03.19-08.01.29:814][  0]LogD3D11RHI: Chosen D3D11 Adapter: 0
[2019.03.19-08.01.29:824][  0]LogD3D11RHI: Creating new Direct3DDevice
[2019.03.19-08.01.29:824][  0]LogD3D11RHI:     GPU DeviceId: 0x1c20 (for the marketing name, search the web for "GPU Device Id")
[2019.03.19-08.01.29:824][  0]LogWindows: EnumDisplayDevices:
[2019.03.19-08.01.29:825][  0]LogWindows:    0. 'Intel(R) UHD Graphics 630' (P:1 D:1)
[2019.03.19-08.01.29:825][  0]LogWindows:    1. 'Intel(R) UHD Graphics 630' (P:0 D:0)
[2019.03.19-08.01.29:825][  0]LogWindows:    2. 'Intel(R) UHD Graphics 630' (P:0 D:0)
[2019.03.19-08.01.29:826][  0]LogWindows:    3. 'NVIDIA GeForce GTX 1060' (P:0 D:0)
[2019.03.19-08.01.29:826][  0]LogWindows: DebugString: PrimaryIsNotTheChoosenAdapter PrimaryIsNotTheChoosenAdapter PrimaryIsNotTheChoosenAdapter 
[2019.03.19-08.01.29:826][  0]LogD3D11RHI:     Adapter Name: NVIDIA GeForce GTX 1060
[2019.03.19-08.01.29:826][  0]LogD3D11RHI:   Driver Version: 419.35 (internal:25.21.14.1935, unified:419.35)
[2019.03.19-08.01.29:826][  0]LogD3D11RHI:      Driver Date: 3-1-2019
[2019.03.19-08.01.29:826][  0]LogRHI: Texture pool is 4236 MB (70% of 6052 MB)
[2019.03.19-08.01.29:887][  0]LogD3D11RHI: Async texture creation enabled
[2019.03.19-08.01.29:924][  0]LogD3D11RHI: GPU Timing Frequency: 1000.000000 (Debug: 2 1)
[2019.03.19-08.01.29:926][  0]LogShaderCompilers: Guid format shader working directory is 17 characters bigger than the processId version (../../../../../../GoTLegends/GoTLegends/Intermediate/Shaders/WorkingDirectory/19332/).
[2019.03.19-08.01.29:926][  0]LogShaderCompilers: Cleaned the shader compiler working directory 'C:/Users/Archlich Studios/AppData/Local/Temp/UnrealShaderWorkingDir/6419F3464DDDFDFEB984449FE4FA6836/'.
[2019.03.19-08.01.30:544][  0]LogTemp: Display: Loaded TP AllDesktopTargetPlatform
[2019.03.19-08.01.30:564][  0]LogTemp: Display: Loaded TP MacClientTargetPlatform
[2019.03.19-08.01.30:586][  0]LogTemp: Display: Loaded TP MacNoEditorTargetPlatform
[2019.03.19-08.01.30:605][  0]LogTemp: Display: Loaded TP MacServerTargetPlatform
[2019.03.19-08.01.30:625][  0]LogTemp: Display: Loaded TP MacTargetPlatform
[2019.03.19-08.01.30:645][  0]LogTemp: Display: Loaded TP WindowsClientTargetPlatform
[2019.03.19-08.01.30:665][  0]LogTemp: Display: Loaded TP WindowsNoEditorTargetPlatform
[2019.03.19-08.01.30:685][  0]LogTemp: Display: Loaded TP WindowsServerTargetPlatform
[2019.03.19-08.01.30:694][  0]LogTemp: Display: Loaded TP WindowsTargetPlatform
[2019.03.19-08.01.30:819][  0]LogTemp: Display: Loaded TP AndroidTargetPlatform
[2019.03.19-08.01.30:819][  0]LogTemp: Display: Loaded TP AndroidTargetPlatform
[2019.03.19-08.01.30:819][  0]LogTemp: Display: Loaded TP AndroidTargetPlatform
[2019.03.19-08.01.30:819][  0]LogTemp: Display: Loaded TP AndroidTargetPlatform
[2019.03.19-08.01.30:819][  0]LogTemp: Display: Loaded TP AndroidTargetPlatform
[2019.03.19-08.01.30:819][  0]LogTemp: Display: Loaded TP AndroidTargetPlatform
[2019.03.19-08.01.30:819][  0]LogTemp: Display: Loaded TP AndroidTargetPlatform
[2019.03.19-08.01.30:819][  0]LogTemp: Display: Loaded TP AndroidTargetPlatform
[2019.03.19-08.01.30:819][  0]LogTemp: Display: Loaded TP AndroidTargetPlatform
[2019.03.19-08.01.30:819][  0]LogTemp: Display: Loaded TP AndroidTargetPlatform
[2019.03.19-08.01.30:819][  0]LogTemp: Display: Loaded TP AndroidTargetPlatform
[2019.03.19-08.01.30:819][  0]LogTemp: Display: Loaded TP AndroidTargetPlatform
[2019.03.19-08.01.30:819][  0]LogTemp: Display: Loaded TP AndroidTargetPlatform
[2019.03.19-08.01.30:819][  0]LogTemp: Display: Loaded TP AndroidTargetPlatform
[2019.03.19-08.01.30:819][  0]LogTemp: Display: Loaded TP AndroidTargetPlatform
[2019.03.19-08.01.30:819][  0]LogTemp: Display: Loaded TP AndroidTargetPlatform
[2019.03.19-08.01.30:819][  0]LogTemp: Display: Loaded TP AndroidTargetPlatform
[2019.03.19-08.01.30:819][  0]LogTemp: Display: Loaded TP AndroidTargetPlatform
[2019.03.19-08.01.30:821][  0]LogTemp: Display: Loaded TP HTML5TargetPlatform
[2019.03.19-08.01.30:897][  0]LogTemp: Display: Loaded TP IOSTargetPlatform
[2019.03.19-08.01.30:897][  0]LogTemp: Display: Loaded TP IOSTargetPlatform
[2019.03.19-08.01.30:934][  0]LogTemp: Display: Loaded TP TVOSTargetPlatform
[2019.03.19-08.01.30:934][  0]LogTemp: Display: Loaded TP TVOSTargetPlatform
[2019.03.19-08.01.30:954][  0]LogTemp: Display: Loaded TP LinuxClientTargetPlatform
[2019.03.19-08.01.30:976][  0]LogTemp: Display: Loaded TP LinuxNoEditorTargetPlatform
[2019.03.19-08.01.30:995][  0]LogTemp: Display: Loaded TP LinuxServerTargetPlatform
[2019.03.19-08.01.31:015][  0]LogTemp: Display: Loaded TP LinuxTargetPlatform
[2019.03.19-08.01.31:029][  0]LogTemp: Display: Loaded TP LuminTargetPlatform
[2019.03.19-08.01.31:029][  0]LogTargetPlatformManager: Display: Building Assets For Windows
[2019.03.19-08.01.31:098][  0]LogXGEController: Cleaning working directory: C:/Users/Archlich Studios/AppData/Local/Temp/UnrealXGEWorkingDir/
[2019.03.19-08.01.31:098][  0]LogXGEController: Cannot use XGE Controller as Incredibuild is not installed on this machine.
[2019.03.19-08.01.31:098][  0]LogShaderCompilers: Cannot use XGE Shader Compiler as Incredibuild is not installed on this machine.
[2019.03.19-08.01.31:098][  0]LogShaderCompilers: Display: Using Local Shader Compiler.
[2019.03.19-08.01.32:216][  0]LogDerivedDataCache: Display: Max Cache Size: 512 MB
[2019.03.19-08.01.32:289][  0]LogDerivedDataCache: Loaded boot cache 0.07s 71MB C:/Users/Archlich Studios/AppData/Local/UnrealEngine/4.20/DerivedDataCache/Boot.ddc.
[2019.03.19-08.01.32:289][  0]LogDerivedDataCache: Display: Loaded Boot cache: C:/Users/Archlich Studios/AppData/Local/UnrealEngine/4.20/DerivedDataCache/Boot.ddc
[2019.03.19-08.01.32:289][  0]LogDerivedDataCache: FDerivedDataBackendGraph:  Pak pak cache file ../../../../../../GoTLegends/GoTLegends/DerivedDataCache/DDC.ddp not found, will not use a pak cache.
[2019.03.19-08.01.32:289][  0]LogDerivedDataCache: Unable to find inner node Pak for hierarchical cache Hierarchy.
[2019.03.19-08.01.32:289][  0]LogDerivedDataCache: FDerivedDataBackendGraph:  CompressedPak pak cache file ../../../../../../GoTLegends/GoTLegends/DerivedDataCache/Compressed.ddp not found, will not use a pak cache.
[2019.03.19-08.01.32:289][  0]LogDerivedDataCache: Unable to find inner node CompressedPak for hierarchical cache Hierarchy.
[2019.03.19-08.01.32:314][  0]LogDerivedDataCache: Display: Pak cache opened for reading ../../../Engine/DerivedDataCache/Compressed.ddp.
[2019.03.19-08.01.32:330][  0]LogDerivedDataCache: Using Local data cache path C:/Users/Archlich Studios/AppData/Local/UnrealEngine/Common/DerivedDataCache: Writable
[2019.03.19-08.01.32:330][  0]LogDerivedDataCache: Shared data cache path not found in *engine.ini, will not use an Shared cache.
[2019.03.19-08.01.32:330][  0]LogDerivedDataCache: Unable to find inner node Shared for hierarchical cache Hierarchy.
[2019.03.19-08.01.32:358][  0]LogMaterial: Verifying Global Shaders for PCD3D_SM5
[2019.03.19-08.01.32:360][  0]LogSlate: Using FreeType 2.6.0
[2019.03.19-08.01.32:361][  0]LogSlate: SlateFontServices - WITH_FREETYPE: 1, WITH_HARFBUZZ: 1
[2019.03.19-08.01.32:465][  0]LogAssetRegistry: FAssetRegistry took 0.0291 seconds to start up
[2019.03.19-08.01.32:963][  0]LogInit: Selected Device Profile: [Windows]
[2019.03.19-08.01.33:159][  0]LogSimplygon: Simplygon DLL not present - disabling.
[2019.03.19-08.01.33:164][  0]LogMeshReduction: Using SimplygonSwarm for distributed automatic mesh merging
[2019.03.19-08.01.33:164][  0]LogMeshReduction: Using ProxyLODMeshReduction for automatic mesh merging
[2019.03.19-08.01.33:164][  0]LogMeshReduction: Using QuadricMeshReduction for automatic static mesh reduction
[2019.03.19-08.01.33:164][  0]LogMeshReduction: No automatic skeletal mesh reduction module available
[2019.03.19-08.01.33:192][  0]LogNetVersion: GoTLegends 1.0.0, NetCL: 4212847, EngineNetVer: 5, GameNetVer: 0 (Checksum: 3235657948)
[2019.03.19-08.01.34:005][  0]LogPackageLocalizationCache: Processed 12 localized package path(s) for 2 prioritized culture(s) in 0.197722 seconds
[2019.03.19-08.01.34:013][  0]LogUObjectArray: 38425 objects as part of root set at end of initial load.
[2019.03.19-08.01.34:013][  0]LogUObjectAllocator: 6690872 out of 0 bytes used by permanent object pool.
[2019.03.19-08.01.34:013][  0]LogUObjectArray: CloseDisregardForGC: 0/0 objects in disregard for GC pool
[2019.03.19-08.01.35:650][  0]UGameSparksModuleLog: Warning: GameSparks::StartupModule
[2019.03.19-08.01.35:716][  0]LogTcpMessaging: Initializing TcpMessaging bridge
[2019.03.19-08.01.35:729][  0]LogUdpMessaging: Initializing bridge on interface 0.0.0.0:0 to multicast group 230.0.0.1:6666.
[2019.03.19-08.01.35:908][  0]SourceControl: Source control is disabled
[2019.03.19-08.01.35:908][  0]SourceControl: Source control is disabled
[2019.03.19-08.01.35:910][  0]SourceControl: Source control is disabled
[2019.03.19-08.01.35:912][  0]SourceControl: Source control is disabled
[2019.03.19-08.01.36:133][  0]LogAndroidPermission: UAndroidPermissionCallbackProxy::GetInstance
[2019.03.19-08.01.36:188][  0]LogOcInput: OculusInput pre-init called
[2019.03.19-08.01.36:266][  0]LogEngine: Initializing Engine...
[2019.03.19-08.01.36:267][  0]LogHMD: Failed to initialize OpenVR with code 110
[2019.03.19-08.01.36:270][  0]LogStats: UGameplayTagsManager::ConstructGameplayTagTree: ImportINI prefixes -  0.000 s
[2019.03.19-08.01.36:270][  0]LogStats: UGameplayTagsManager::ConstructGameplayTagTree: Construct from data asset -  0.000 s
[2019.03.19-08.01.36:270][  0]LogStats: UGameplayTagsManager::ConstructGameplayTagTree: ImportINI -  0.000 s
[2019.03.19-08.01.36:270][  0]LogStats: UGameplayTagsManager::ConstructGameplayTagTree: GameplayTagTreeChangedEvent.Broadcast -  0.000 s
[2019.03.19-08.01.36:582][  0]LogInit: Initializing FReadOnlyCVARCache
[2019.03.19-08.01.36:596][  0]LogAIModule: Creating AISystem for world Untitled
[2019.03.19-08.01.36:657][  0]LogInit: XAudio2 using 'Speakers (Realtek High Definition Audio)' : 2 channels at 48 kHz using 32 bits per sample (channel mask 0x3)
[2019.03.19-08.01.36:803][  0]LogInit: FAudioDevice initialized.
[2019.03.19-08.01.36:803][  0]LogNetVersion: Set ProjectVersion to 1.0.0.0. Version Checksum will be recalculated on next use.
[2019.03.19-08.01.36:944][  0]LogDerivedDataCache: Saved boot cache 0.14s 71MB C:/Users/Archlich Studios/AppData/Local/UnrealEngine/4.20/DerivedDataCache/Boot.ddc.
[2019.03.19-08.01.36:948][  0]LogInit: Texture streaming: Enabled
[2019.03.19-08.01.36:968][  0]LogEngineSessionManager: EngineSessionManager initialized
[2019.03.19-08.01.36:986][  0]LogInit: Transaction tracking system initialized
[2019.03.19-08.01.37:011][  0]BlueprintLog: New page: Editor Load
[2019.03.19-08.01.37:108][  0]LocalizationService: Localization service is disabled
[2019.03.19-08.01.37:809][  0]LogCook: Display: Max memory allowance for cook 16384mb min free memory 0mb
[2019.03.19-08.01.37:810][  0]LogCook: Display: Mobile HDR setting 1
[2019.03.19-08.01.37:810][  0]LogGameplayTags: Display: UGameplayTagsManager::DoneAddingNativeTags. DelegateIsBound: 0
[2019.03.19-08.01.37:810][  0]LogStats: UGameplayTagsManager::ConstructGameplayTagTree: ImportINI prefixes -  0.000 s
[2019.03.19-08.01.37:810][  0]LogStats: UGameplayTagsManager::ConstructGameplayTagTree: Construct from data asset -  0.000 s
[2019.03.19-08.01.37:810][  0]LogStats: UGameplayTagsManager::ConstructGameplayTagTree: ImportINI -  0.000 s
[2019.03.19-08.01.37:810][  0]LogStats: UGameplayTagsManager::ConstructGameplayTagTree: GameplayTagTreeChangedEvent.Broadcast -  0.000 s
[2019.03.19-08.01.37:960][  0]LogFileCache: Scanning file cache for directory 'D:/GoTLegends/GoTLegends/Content/' took 0.02s
[2019.03.19-08.01.37:961][  0]SourceControl: Source control is disabled
[2019.03.19-08.01.37:961][  0]Cmd: MAP LOAD FILE="../../../../../../GoTLegends/GoTLegends/Content/Core/Maps/TopDownExampleMap.umap" TEMPLATE=0 SHOWPROGRESS=1 FEATURELEVEL=3
[2019.03.19-08.01.37:961][  0]LightingResults: New page: Lighting Build
[2019.03.19-08.01.37:964][  0]MapCheck: New page: Map Check
[2019.03.19-08.01.37:964][  0]LightingResults: New page: Lighting Build
[2019.03.19-08.01.41:387][  0]LogAIModule: Creating AISystem for world TopDownExampleMap
[2019.03.19-08.01.41:399][  0]LogEditorServer: Finished looking for orphan Actors (0.000 secs)
[2019.03.19-08.01.41:457][  0]Cmd: MAP CHECKDEP NOCLEARLOG
[2019.03.19-08.01.41:581][  0]MapCheck: Map check complete: 0 Error(s), 0 Warning(s), took 123.938ms to complete.
[2019.03.19-08.01.41:581][  0]LogFileHelpers: Loading map 'TopDownExampleMap' took 3.620
[2019.03.19-08.01.41:739][  0]LogSlate: Updating window title bar state: overlay mode, drag disabled, window buttons hidden, title bar hidden
[2019.03.19-08.01.41:750][  0]LogSlate: Updating window title bar state: overlay mode, drag disabled, window buttons hidden, title bar hidden
[2019.03.19-08.01.41:766][  0]LogSlate: Updating window title bar state: overlay mode, drag disabled, window buttons hidden, title bar hidden
[2019.03.19-08.01.41:777][  0]LogSlate: Updating window title bar state: overlay mode, drag disabled, window buttons hidden, title bar hidden
[2019.03.19-08.01.41:784][  0]LogCollectionManager: Loaded 0 collections in 0.001141 seconds
[2019.03.19-08.01.41:830][  0]LogFileCache: Scanning file cache for directory 'D:/GoTLegends/GoTLegends/Saved/Collections/' took 0.01s
[2019.03.19-08.01.41:830][  0]LogFileCache: Scanning file cache for directory 'D:/GoTLegends/GoTLegends/Content/Developers/ArchlichStudios/Collections/' took 0.01s
[2019.03.19-08.01.41:830][  0]LogFileCache: Scanning file cache for directory 'D:/GoTLegends/GoTLegends/Content/Collections/' took 0.01s
[2019.03.19-08.01.41:830][  0]LogCollectionManager: Rebuilt the GUID cache for 0 collections in 0.000000 seconds
[2019.03.19-08.01.41:850][  0]LogContentBrowser: Native class hierarchy populated in 0.0200 seconds. Added 2672 classes and 607 folders.
[2019.03.19-08.01.41:860][  0]LogContentBrowser: Native class hierarchy updated for 'WidgetCarousel' in 0.0006 seconds. Added 0 classes and 0 folders.
[2019.03.19-08.01.41:941][  0]LogContentBrowser: Native class hierarchy updated for 'AddContentDialog' in 0.0004 seconds. Added 0 classes and 0 folders.
[2019.03.19-08.01.41:947][  0]LogContentBrowser: Native class hierarchy updated for 'SceneOutliner' in 0.0005 seconds. Added 1 classes and 2 folders.
[2019.03.19-08.01.41:969][  0]LogSlate: Took 0.000258 seconds to synchronously load lazily loaded font '../../../Engine/Content/Slate/Fonts/Roboto-Regular.ttf' (155K)
[2019.03.19-08.01.41:973][  0]LogSlate: Took 0.000229 seconds to synchronously load lazily loaded font '../../../Engine/Content/Slate/Fonts/Roboto-Bold.ttf' (160K)
[2019.03.19-08.01.41:983][  0]LogSlate: Took 0.000413 seconds to synchronously load lazily loaded font '../../../Engine/Content/Editor/Slate/Fonts/FontAwesome.ttf' (139K)
[2019.03.19-08.01.42:125][  0]LogRenderer: Reallocating scene render targets to support 964x436 Format 10 NumSamples 1 (Frame:1).
[2019.03.19-08.01.42:399][  0]LogContentBrowser: Native class hierarchy updated for 'HierarchicalLODOutliner' in 0.0005 seconds. Added 0 classes and 0 folders.
[2019.03.19-08.01.42:399][  0]LogLoad: (Engine Initialization) Total time: 16.18 seconds
[2019.03.19-08.01.42:399][  0]LogLoad: (Engine Initialization) Total Blueprint compile time: 0.00 seconds
[2019.03.19-08.01.42:464][  0]LogContentStreaming: Texture pool size now 1000 MB
[2019.03.19-08.01.42:477][  0]LogSlate: Took 0.000211 seconds to synchronously load lazily loaded font '../../../Engine/Content/Slate/Fonts/Roboto-Light.ttf' (167K)
[2019.03.19-08.01.42:508][  1]LogAssetRegistry: Asset discovery search completed in 10.0659 seconds
[2019.03.19-08.01.42:511][  1]LogCollectionManager: Rebuilt the object cache for 0 collections in 0.000000 seconds (found 0 objects)
[2019.03.19-08.01.42:511][  1]LogCollectionManager: Fixed up redirectors for 0 collections in 0.000083 seconds (updated 0 objects)
[2019.03.19-08.01.45:927][ 81]LogSlate: FSceneViewport::OnFocusLost() reason 0
[2019.03.19-08.01.45:991][ 83]LogTemp: Repeating last play command: Selected Viewport
[2019.03.19-08.01.46:055][ 83]LogBlueprintUserMessages: Early PlayInEditor Detection: Level '/Game/Core/Maps/TopDownExampleMap.TopDownExampleMap:PersistentLevel' has LevelScriptBlueprint '/Game/Core/Maps/TopDownExampleMap.TopDownExampleMap:PersistentLevel.TopDownExampleMap' with GeneratedClass '/Game/Core/Maps/TopDownExampleMap.TopDownExampleMap_C' with ClassGeneratedBy '/Game/Core/Maps/TopDownExampleMap.TopDownExampleMap:PersistentLevel.TopDownExampleMap'
[2019.03.19-08.01.46:062][ 83]LogPlayLevel: PlayLevel: No blueprints needed recompiling
[2019.03.19-08.01.46:259][ 83]PIE: New page: PIE session: TopDownExampleMap (Mar 19, 2019, 12:01:46 AM)
[2019.03.19-08.01.46:260][ 83]LogPlayLevel: Creating play world package: /Game/Core/Maps/UEDPIE_0_TopDownExampleMap
[2019.03.19-08.01.46:327][ 83]LogPlayLevel: PIE: StaticDuplicateObject took: (0.066605s)
[2019.03.19-08.01.46:328][ 83]LogAIModule: Creating AISystem for world TopDownExampleMap
[2019.03.19-08.01.46:350][ 83]LogPlayLevel: PIE: World Init took: (0.022985s)
[2019.03.19-08.01.46:367][ 83]LogPlayLevel: PIE: Created PIE world by copying editor world from /Game/Core/Maps/TopDownExampleMap.TopDownExampleMap to /Game/Core/Maps/UEDPIE_0_TopDownExampleMap.TopDownExampleMap (0.106300s)
[2019.03.19-08.01.46:454][ 83]LogInit: XAudio2 using 'Speakers (Realtek High Definition Audio)' : 2 channels at 48 kHz using 32 bits per sample (channel mask 0x3)
[2019.03.19-08.01.46:476][ 83]LogInit: FAudioDevice initialized.
[2019.03.19-08.01.46:527][ 83]LogLoad: Game class is 'GOTGameMode_C'
[2019.03.19-08.01.46:677][ 83]LogWorld: Bringing World /Game/Core/Maps/UEDPIE_0_TopDownExampleMap.TopDownExampleMap up for play (max tick rate 60) at 2019.03.19-04.01.46
[2019.03.19-08.01.46:737][ 83]LogWorld: Bringing up level for play took: 0.088306
[2019.03.19-08.01.46:899][ 83]LogContentBrowser: Native class hierarchy updated for 'MovieSceneCapture' in 0.0095 seconds. Added 10 classes and 0 folders.
[2019.03.19-08.01.47:003][ 83]UGameSparksModuleLog: Warning: GameSparks::Initialize
[2019.03.19-08.01.47:154][ 83]UGameSparksModuleLog: Initialized
[2019.03.19-08.01.47:182][ 83]PIE: Play in editor start time for /Game/Core/Maps/UEDPIE_0_TopDownExampleMap 2.073
[2019.03.19-08.01.47:182][ 83]LogBlueprintUserMessages: Late PlayInEditor Detection: Level '/Game/Core/Maps/TopDownExampleMap.TopDownExampleMap:PersistentLevel' has LevelScriptBlueprint '/Game/Core/Maps/TopDownExampleMap.TopDownExampleMap:PersistentLevel.TopDownExampleMap' with GeneratedClass '/Game/Core/Maps/TopDownExampleMap.TopDownExampleMap_C' with ClassGeneratedBy '/Game/Core/Maps/TopDownExampleMap.TopDownExampleMap:PersistentLevel.TopDownExampleMap'
[2019.03.19-08.01.48:962][133]UGameSparksModuleLog: WebSocket callback: {"@class": ".AuthenticatedConnectResponse","connectUrl": "wss://gsp-auw000-se11.gamesparks.net/ws/device/p378145LFUDz","requestId": "0"}
[2019.03.19-08.01.48:963][133]UGameSparksModuleLog: Received new connection url from gamesparks backend. Establishing new connection now.
[2019.03.19-08.01.48:963][133]UGameSparksModuleLog: Create new connection
[2019.03.19-08.01.48:964][133]UGameSparksModuleLog: Handle authentication connect response with immediate handshake
[2019.03.19-08.01.48:971][133]UGameSparksModuleLog: Connection stopped, deleting it
[2019.03.19-08.01.48:971][133]UGameSparksModuleLog: WebSocket closed
[2019.03.19-08.01.49:696][155]UGameSparksModuleLog: WebSocket callback: {"@class":".AuthenticatedConnectResponse","nonce":"76cdbf65-f84f-4e02-988b-bba446766b92","requestId":"0"}
[2019.03.19-08.01.49:697][155]UGameSparksModuleLog: Handle authentication connect response with immediate handshake
[2019.03.19-08.01.49:708][155]UGameSparksModuleLog: Send immediate request: {
	"@class":	".AuthenticatedConnectRequest",
	"hmac":	"FDrgvFBqkXoo/xhWV6edkj6EOkzshmvKaFV8JJfpmhI=",
	"os":	"Windows",
	"platform":	"Windows",
	"deviceId":	"10c8b76bc0af36bde70500ccd4bde996",
	"deviceStats":	{
		"cpu.cores":	"12",
		"cpu.vendor":	"Intel(R) Core(TM) i7-8750H CPU @ 2.20GHz",
		"engine":	"Unreal Engine",
		"engine.version":	"4.20.0",
		"manufacturer":	"Microsoft",
		"memory":	"16226 MB",
		"model":	"PC",
		"os.name":	"Windows",
		"os.version":	"10.0.16299.1029",
		"os.version.major":	"10",
		"os.version.major.minor":	"10.0",
		"resolution":	"1920x1080",
		"gssdk":	"1.1.23.0"
	}
}
[2019.03.19-08.01.49:708][155]UGameSparksModuleLog: Handshake request sent
[2019.03.19-08.01.49:863][160]UGameSparksModuleLog: WebSocket callback: {"@class":".AuthenticatedConnectResponse","requestId":"0","sessionId":"76cdbf65-f84f-4e02-988b-bba446766b92"}
[2019.03.19-08.01.49:863][160]UGameSparksModuleLog: Handle authentication connect response with immediate handshake
[2019.03.19-08.01.49:867][160]UGameSparksModuleLog: Warning: GameSparks::GameSparksAvailable_Static
[2019.03.19-08.01.49:868][160]LogBlueprintUserMessages: [GOTGameMode_C_0] Server Status: Available
[2019.03.19-08.01.55:796][338]LogSlate: FSceneViewport::OnFocusLost() reason 0
[2019.03.19-08.02.09:058][734]UGameSparksModuleLog: Send immediate request: {
	"@class":	".AuthenticationRequest",
	"password":	"Sweeps0508",
	"userName":	"tonymorgan92",
	"requestId":	"1552982529_0"
}
[2019.03.19-08.02.09:196][740]UGameSparksModuleLog: WebSocket callback: {"@class":".AuthenticationResponse","authToken":"20b8803d-0616-4881-80ca-24bddf79f77f","displayName":"tonymorgan92","newPlayer":false,"requestId":"1552982529_0","userId":"5c8ac6976379c8469eef7c87"}
[2019.03.19-08.02.09:196][740]UGameSparksModuleLog: Received auth token
[2019.03.19-08.02.09:290][740]LogBlueprintUserMessages: [GameSparksLogin_C_0] Welcome back tonymorgan92
[2019.03.19-08.02.09:306][740]UGameSparksModuleLog: New UserId init persistent queue
[2019.03.19-08.02.09:441][742]UGameSparksModuleLog: Send immediate request: {
	"@class":	".GetMyTeamsRequest",
	"requestId":	"1552982529_1"
}
[2019.03.19-08.02.09:542][747]UGameSparksModuleLog: WebSocket callback: {"@class":".GetMyTeamsResponse","requestId":"1552982529_1","teams":[{"members":[{"displayName":"tonymorgan92","externalIds":{ },"id":"5c8ac6976379c8469eef7c87","online":true},{"displayName":"naddax","externalIds":{ },"id":"5c8acd8947eb4e1e9842a355","online":false},{"displayName":"Jackimedes","externalIds":{ },"id":"5c8ac68b47eb4e1e983f1e89","online":false}],"owner":{"displayName":"tonymorgan92","externalIds":{ },"id":"5c8ac6976379c8469eef7c87","online":true},"teamId":"1","teamName":"House Skywalker","teamType":"GUILD"}]}
[2019.03.19-08.02.10:341][771]UGameSparksModuleLog: Send immediate request: {
	"@class":	".GetMyTeamsRequest",
	"requestId":	"1552982530_2"
}
[2019.03.19-08.02.10:361][771]UGameSparksModuleLog: Send immediate request: {
	"@class":	".ListTeamChatRequest",
	"entryCount":	50,
	"ownerId":	"5c8ac6976379c8469eef7c87",
	"teamId":	"1",
	"teamType":	"GUILD",
	"scriptData":	{
},
	"requestId":	"1552982530_3"
}
[2019.03.19-08.02.10:507][776]UGameSparksModuleLog: WebSocket callback: {"@class":".GetMyTeamsResponse","requestId":"1552982530_2","teams":[{"members":[{"displayName":"tonymorgan92","externalIds":{ },"id":"5c8ac6976379c8469eef7c87","online":true},{"displayName":"naddax","externalIds":{ },"id":"5c8acd8947eb4e1e9842a355","online":false},{"displayName":"Jackimedes","externalIds":{ },"id":"5c8ac68b47eb4e1e983f1e89","online":false}],"owner":{"displayName":"tonymorgan92","externalIds":{ },"id":"5c8ac6976379c8469eef7c87","online":true},"teamId":"1","teamName":"House Skywalker","teamType":"GUILD"}]}
[2019.03.19-08.02.10:540][777]UGameSparksModuleLog: WebSocket callback: {"@class":".ListTeamChatResponse","messages":[{"fromId":"5c8ac6976379c8469eef7c87","id":"5c8d3f9db4d7620517e93bfc","message":"the website","when":1552760733421,"who":"tonymorgan92"},{"fromId":"5c8ac6976379c8469eef7c87","id":"5c8d3f9ab4d7620517e93b61","message":"as of right now they were created through","when":1552760730448,"who":"tonymorgan92"},{"fromId":"5c8ac6976379c8469eef7c87","id":"5c8d3f90b4d7620517e9397e","message":"actually creating a guild","when":1552760720100,"who":"tonymorgan92"},{"fromId":"5c8ac6976379c8469eef7c87","id":"5c8d3f8bb4d7620517e938ad","message":"now i need to make the widget for","when":1552760715674,"who":"tonymorgan92"},{"fromId":"5c8ac6976379c8469eef7c87","id":"5c8d3f7eb4d7620517e9336e","message":"sweet","when":1552760702755,"who":"tonymorgan92"},{"fromId":"5c8ac68b47eb4e1e983f1e89","id":"5c8d3f7ab4d7620517e92bd2","message":"seems to!","when":1552760698891,"who":"Jackimedes"},{"fromId":"5c8ac6976379c8469eef7c87","id":"5c8d3f65b4d7620517e92558","message":"it should remember what guild youre in","when":1552760677519,"who":"tonymorgan92"},{"fromId":"5c8ac6976379c8469eef7c87","id":"5c8d3f5eb4d7620517e923df","message":"log out and log back in","when":1552760670426,"who":"tonymorgan92"},{"fromId":"5c8ac6976379c8469eef7c87","id":"5c8d3f59b4d7620517e9230a","message":"now","when":1552760665325,"who":"tonymorgan92"},{"fromId":"5c8ac6976379c8469eef7c87","id":"5c8d3f53b4d7620517e921b0","message":"yep i was just thinking that too lmao","when":1552760659254,"who":"tonymorgan92"},{"fromId":"5c8ac68b47eb4e1e983f1e89","id":"5c8d3f50a13e19051358c8fe","message":"mm :)","when":1552760656053,"who":"Jackimedes"},{"fromId":"5c8ac6976379c8469eef7c87","id":"5c8d3f49b4d7620517e91fda","message":"to make sure it works","when":1552760649511,"who":"tonymorgan92"},{"fromId":"5c8ac68b47eb4e1e983f1e89","id":"5c8d3f48a13e19051358c716","message":"and auto return to the chat box on enter","when":1552760648062,"who":"Jackimedes"},{"fromId":"5c8ac6976379c8469eef7c87","id":"5c8d3f45b4d7620517e91eb7","message":"this was just a rough setup","when":1552760645254,"who":"tonymorgan92"},{"fromId":"5c8ac6976379c8469eef7c87","id":"5c8d3f3eb4d7620517e913f9","message":"yeah i plan on it","when":1552760638712,"who":"tonymorgan92"},{"fromId":"5c8ac68b47eb4e1e983f1e89","id":"5c8d3f3ba13e19051358baaa","message":"background with transparency","when":1552760635260,"who":"Jackimedes"},{"fromId":"5c8ac68b47eb4e1e983f1e89","id":"5c8d3f32a13e19051358b918","message":"you should probably put the chat box in a black","when":1552760626083,"who":"Jackimedes"},{"fromId":"5c8ac6976379c8469eef7c87","id":"5c8d3f30b4d7620517e91103","message":"sweet","when":1552760624302,"who":"tonymorgan92"},{"fromId":"5c8ac68b47eb4e1e983f1e89","id":"5c8d3f1ca13e19051358b64c","message":"yep it's just done that for me","when":1552760604367,"who":"Jackimedes"},{"fromId":"5c8ac6976379c8469eef7c87","id":"5c8d3f19b4d7620517e90d6e","message":"fuck i need to wrap text","when":1552760601110,"who":"tonymorgan92"},{"fromId":"5c8ac6976379c8469eef7c87","id":"5c8d3f11b4d7620517e90b79","message":"once it gets low enough it should automatically scroll","when":1552760593972,"who":"tonymorgan92"},{"fromId":"5c8ac68b47eb4e1e983f1e89","id":"5c8d3f10a13e19051358b408","message":"nice work","when":1552760592911,"who":"Jackimedes"},{"fromId":"5c8ac6976379c8469eef7c87","id":"5c8d3f04b4d7620517e90096","message":":D","when":1552760580240,"who":"tonymorgan92"},{"fromId":"5c8ac68b47eb4e1e983f1e89","id":"5c8d3efaa13e19051358a574","message":"ooooo real time","when":1552760570974,"who":"Jackimedes"},{"fromId":"5c8ac6976379c8469eef7c87","id":"5c8d3efab4d7620517e8fdf9","message":"this is cool af","when":1552760570437,"who":"tonymorgan92"},{"fromId":"5c8ac6976379c8469eef7c87","id":"5c8d3ef3b4d7620517e8fca1","message":"sick","when":1552760563792,"who":"tonymorgan92"},{"fromId":"5c8ac68b47eb4e1e983f1e89","id":"5c8d3eeea13e19051358a266","message":"I can see it","when":1552760558182,"who":"Jackimedes"},{"fromId":"5c8ac6976379c8469eef7c87","id":"5c8d3e3cb4d7620517e8bd24","message":"jack if you can see this let me know","when":1552760380786,"who":"tonymorgan92"},{"fromId":"5c8acd8947eb4e1e9842a355","id":"5c8cd002a13e1905133630e5","message":"chat is working","when":1552732162822,"who":"naddax"},{"fromId":"5c8ac6976379c8469eef7c87","id":"5c8ccfe71566940530649f23","message":"testing to make sure chat works","when":1552732135507,"who":"tonymorgan92"}],"requestId":"1552982530_3"}
[2019.03.19-08.02.20:241][ 68]UGameSparksModuleLog: Send immediate request: {
	"@class":	".GetMyTeamsRequest",
	"requestId":	"1552982540_4"
}
[2019.03.19-08.02.20:241][ 68]UGameSparksModuleLog: Send immediate request: {
	"@class":	".ListTeamChatRequest",
	"entryCount":	50,
	"ownerId":	"5c8ac6976379c8469eef7c87",
	"teamId":	"1",
	"teamType":	"GUILD",
	"scriptData":	{
},
	"requestId":	"1552982540_5"
}
[2019.03.19-08.02.20:340][ 71]UGameSparksModuleLog: WebSocket callback: {"@class":".GetMyTeamsResponse","requestId":"1552982540_4","teams":[{"members":[{"displayName":"tonymorgan92","externalIds":{ },"id":"5c8ac6976379c8469eef7c87","online":true},{"displayName":"naddax","externalIds":{ },"id":"5c8acd8947eb4e1e9842a355","online":false},{"displayName":"Jackimedes","externalIds":{ },"id":"5c8ac68b47eb4e1e983f1e89","online":false}],"owner":{"displayName":"tonymorgan92","externalIds":{ },"id":"5c8ac6976379c8469eef7c87","online":true},"teamId":"1","teamName":"House Skywalker","teamType":"GUILD"}]}
[2019.03.19-08.02.20:373][ 72]UGameSparksModuleLog: WebSocket callback: {"@class":".ListTeamChatResponse","messages":[{"fromId":"5c8ac6976379c8469eef7c87","id":"5c8d3f9db4d7620517e93bfc","message":"the website","when":1552760733421,"who":"tonymorgan92"},{"fromId":"5c8ac6976379c8469eef7c87","id":"5c8d3f9ab4d7620517e93b61","message":"as of right now they were created through","when":1552760730448,"who":"tonymorgan92"},{"fromId":"5c8ac6976379c8469eef7c87","id":"5c8d3f90b4d7620517e9397e","message":"actually creating a guild","when":1552760720100,"who":"tonymorgan92"},{"fromId":"5c8ac6976379c8469eef7c87","id":"5c8d3f8bb4d7620517e938ad","message":"now i need to make the widget for","when":1552760715674,"who":"tonymorgan92"},{"fromId":"5c8ac6976379c8469eef7c87","id":"5c8d3f7eb4d7620517e9336e","message":"sweet","when":1552760702755,"who":"tonymorgan92"},{"fromId":"5c8ac68b47eb4e1e983f1e89","id":"5c8d3f7ab4d7620517e92bd2","message":"seems to!","when":1552760698891,"who":"Jackimedes"},{"fromId":"5c8ac6976379c8469eef7c87","id":"5c8d3f65b4d7620517e92558","message":"it should remember what guild youre in","when":1552760677519,"who":"tonymorgan92"},{"fromId":"5c8ac6976379c8469eef7c87","id":"5c8d3f5eb4d7620517e923df","message":"log out and log back in","when":1552760670426,"who":"tonymorgan92"},{"fromId":"5c8ac6976379c8469eef7c87","id":"5c8d3f59b4d7620517e9230a","message":"now","when":1552760665325,"who":"tonymorgan92"},{"fromId":"5c8ac6976379c8469eef7c87","id":"5c8d3f53b4d7620517e921b0","message":"yep i was just thinking that too lmao","when":1552760659254,"who":"tonymorgan92"},{"fromId":"5c8ac68b47eb4e1e983f1e89","id":"5c8d3f50a13e19051358c8fe","message":"mm :)","when":1552760656053,"who":"Jackimedes"},{"fromId":"5c8ac6976379c8469eef7c87","id":"5c8d3f49b4d7620517e91fda","message":"to make sure it works","when":1552760649511,"who":"tonymorgan92"},{"fromId":"5c8ac68b47eb4e1e983f1e89","id":"5c8d3f48a13e19051358c716","message":"and auto return to the chat box on enter","when":1552760648062,"who":"Jackimedes"},{"fromId":"5c8ac6976379c8469eef7c87","id":"5c8d3f45b4d7620517e91eb7","message":"this was just a rough setup","when":1552760645254,"who":"tonymorgan92"},{"fromId":"5c8ac6976379c8469eef7c87","id":"5c8d3f3eb4d7620517e913f9","message":"yeah i plan on it","when":1552760638712,"who":"tonymorgan92"},{"fromId":"5c8ac68b47eb4e1e983f1e89","id":"5c8d3f3ba13e19051358baaa","message":"background with transparency","when":1552760635260,"who":"Jackimedes"},{"fromId":"5c8ac68b47eb4e1e983f1e89","id":"5c8d3f32a13e19051358b918","message":"you should probably put the chat box in a black","when":1552760626083,"who":"Jackimedes"},{"fromId":"5c8ac6976379c8469eef7c87","id":"5c8d3f30b4d7620517e91103","message":"sweet","when":1552760624302,"who":"tonymorgan92"},{"fromId":"5c8ac68b47eb4e1e983f1e89","id":"5c8d3f1ca13e19051358b64c","message":"yep it's just done that for me","when":1552760604367,"who":"Jackimedes"},{"fromId":"5c8ac6976379c8469eef7c87","id":"5c8d3f19b4d7620517e90d6e","message":"fuck i need to wrap text","when":1552760601110,"who":"tonymorgan92"},{"fromId":"5c8ac6976379c8469eef7c87","id":"5c8d3f11b4d7620517e90b79","message":"once it gets low enough it should automatically scroll","when":1552760593972,"who":"tonymorgan92"},{"fromId":"5c8ac68b47eb4e1e983f1e89","id":"5c8d3f10a13e19051358b408","message":"nice work","when":1552760592911,"who":"Jackimedes"},{"fromId":"5c8ac6976379c8469eef7c87","id":"5c8d3f04b4d7620517e90096","message":":D","when":1552760580240,"who":"tonymorgan92"},{"fromId":"5c8ac68b47eb4e1e983f1e89","id":"5c8d3efaa13e19051358a574","message":"ooooo real time","when":1552760570974,"who":"Jackimedes"},{"fromId":"5c8ac6976379c8469eef7c87","id":"5c8d3efab4d7620517e8fdf9","message":"this is cool af","when":1552760570437,"who":"tonymorgan92"},{"fromId":"5c8ac6976379c8469eef7c87","id":"5c8d3ef3b4d7620517e8fca1","message":"sick","when":1552760563792,"who":"tonymorgan92"},{"fromId":"5c8ac68b47eb4e1e983f1e89","id":"5c8d3eeea13e19051358a266","message":"I can see it","when":1552760558182,"who":"Jackimedes"},{"fromId":"5c8ac6976379c8469eef7c87","id":"5c8d3e3cb4d7620517e8bd24","message":"jack if you can see this let me know","when":1552760380786,"who":"tonymorgan92"},{"fromId":"5c8acd8947eb4e1e9842a355","id":"5c8cd002a13e1905133630e5","message":"chat is working","when":1552732162822,"who":"naddax"},{"fromId":"5c8ac6976379c8469eef7c87","id":"5c8ccfe71566940530649f23","message":"testing to make sure chat works","when":1552732135507,"who":"tonymorgan92"}],"requestId":"1552982540_5"}
[2019.03.19-08.02.24:508][190]LogBlueprintUserMessages: Early EndPlayMap Detection: Level '/Game/Core/Maps/TopDownExampleMap.TopDownExampleMap:PersistentLevel' has LevelScriptBlueprint '/Game/Core/Maps/TopDownExampleMap.TopDownExampleMap:PersistentLevel.TopDownExampleMap' with GeneratedClass '/Game/Core/Maps/TopDownExampleMap.TopDownExampleMap_C' with ClassGeneratedBy '/Game/Core/Maps/TopDownExampleMap.TopDownExampleMap:PersistentLevel.TopDownExampleMap'
[2019.03.19-08.02.26:589][190]LogSlate: Updating window title bar state: overlay mode, drag disabled, window buttons hidden, title bar hidden
[2019.03.19-08.02.27:308][190]LogPlayLevel: Display: Shutting down PIE online subsystems
[2019.03.19-08.02.27:309][190]LogBlueprintUserMessages: Late EndPlayMap Detection: Level '/Game/Core/Maps/TopDownExampleMap.TopDownExampleMap:PersistentLevel' has LevelScriptBlueprint '/Game/Core/Maps/TopDownExampleMap.TopDownExampleMap:PersistentLevel.TopDownExampleMap' with GeneratedClass '/Game/Core/Maps/TopDownExampleMap.TopDownExampleMap_C' with ClassGeneratedBy '/Game/Core/Maps/TopDownExampleMap.TopDownExampleMap:PersistentLevel.TopDownExampleMap'
[2019.03.19-08.02.27:453][190]LogSlate: Updating window title bar state: overlay mode, drag disabled, window buttons hidden, title bar hidden
[2019.03.19-08.02.27:483][191]LogPlayLevel: Display: Destroying online subsystem :Context_1
[2019.03.19-08.02.28:335][214]LogSlate: Window 'GoTLegends - Unreal Editor' being destroyed
[2019.03.19-08.02.28:337][214]LogWindowsTextInputMethodSystem: Display: IME system now deactivated.
[2019.03.19-08.02.28:546][215]Cmd: QUIT_EDITOR
[2019.03.19-08.02.29:205][215]LogExit: Preparing to exit.
[2019.03.19-08.02.29:816][215]LogExit: Editor shut down
[2019.03.19-08.02.29:816][215]LogExit: Transaction tracking system shut down
[2019.03.19-08.02.30:383][215]LogExit: Object subsystem successfully closed.
[2019.03.19-08.02.30:413][215]LogShaderCompilers: Display: Shaders left to compile 0
[2019.03.19-08.02.30:416][215]LogD3D11RHI: Shutdown
[2019.03.19-08.02.30:416][215]LogD3D11RHI: CleanupD3DDevice
[2019.03.19-08.02.30:418][215]LogD3D11RHI: ~FD3D11DynamicRHI
[2019.03.19-08.02.30:431][215]LogModuleManager: Shutting down and abandoning module MovieSceneCapture (620)
[2019.03.19-08.02.30:431][215]LogModuleManager: Shutting down and abandoning module Voice (618)
[2019.03.19-08.02.30:431][215]LogModuleManager: Shutting down and abandoning module HierarchicalLODOutliner (616)
[2019.03.19-08.02.30:431][215]LogModuleManager: Shutting down and abandoning module SceneOutliner (614)
[2019.03.19-08.02.30:431][215]LogModuleManager: Shutting down and abandoning module AddContentDialog (612)
[2019.03.19-08.02.30:432][215]LogModuleManager: Shutting down and abandoning module WidgetCarousel (611)
[2019.03.19-08.02.30:432][215]LogModuleManager: Shutting down and abandoning module EditorWidgets (608)
[2019.03.19-08.02.30:432][215]LogModuleManager: Shutting down and abandoning module CollectionManager (606)
[2019.03.19-08.02.30:432][215]LogModuleManager: Shutting down and abandoning module StatsViewer (604)
[2019.03.19-08.02.30:432][215]LogModuleManager: Shutting down and abandoning module FoliageEdit (602)
[2019.03.19-08.02.30:432][215]LogModuleManager: Shutting down and abandoning module LandscapeEditor (600)
[2019.03.19-08.02.30:432][215]LogModuleManager: Shutting down and abandoning module MeshPaintMode (598)
[2019.03.19-08.02.30:432][215]LogModuleManager: Shutting down and abandoning module SceneDepthPickerMode (596)
[2019.03.19-08.02.30:432][215]LogModuleManager: Shutting down and abandoning module ActorPickerMode (594)
[2019.03.19-08.02.30:432][215]LogModuleManager: Shutting down and abandoning module GeometryMode (592)
[2019.03.19-08.02.30:432][215]LogModuleManager: Shutting down and abandoning module TextureAlignMode (590)
[2019.03.19-08.02.30:432][215]LogModuleManager: Shutting down and abandoning module BspMode (588)
[2019.03.19-08.02.30:432][215]LogModuleManager: Shutting down and abandoning module PIEPreviewDeviceProfileSelector (586)
[2019.03.19-08.02.30:432][215]LogModuleManager: Shutting down and abandoning module SequenceRecorderSections (584)
[2019.03.19-08.02.30:432][215]LogModuleManager: Shutting down and abandoning module AutomationWorker (582)
[2019.03.19-08.02.30:432][215]LogModuleManager: Shutting down and abandoning module AudioCaptureEditor (580)
[2019.03.19-08.02.30:432][215]LogModuleManager: Shutting down and abandoning module SequenceRecorder (579)
[2019.03.19-08.02.30:432][215]LogModuleManager: Shutting down and abandoning module MatineeToLevelSequence (576)
[2019.03.19-08.02.30:432][215]LogModuleManager: Shutting down and abandoning module LevelSequenceEditor (574)
[2019.03.19-08.02.30:433][215]LogModuleManager: Shutting down and abandoning module PlacementMode (573)
[2019.03.19-08.02.30:433][215]LogModuleManager: Shutting down and abandoning module MaterialEditor (572)
[2019.03.19-08.02.30:433][215]LogModuleManager: Shutting down and abandoning module WmfMediaFactory (568)
[2019.03.19-08.02.30:433][215]LogModuleManager: Shutting down and abandoning module WmfMediaEditor (566)
[2019.03.19-08.02.30:433][215]LogModuleManager: Shutting down and abandoning module MediaPlayerEditor (564)
[2019.03.19-08.02.30:433][215]LogModuleManager: Shutting down and abandoning module OpenExrWrapper (562)
[2019.03.19-08.02.30:433][215]LogModuleManager: Shutting down and abandoning module ImgMediaFactory (560)
[2019.03.19-08.02.30:433][215]LogModuleManager: Shutting down and abandoning module ImgMediaEditor (558)
[2019.03.19-08.02.30:433][215]LogModuleManager: Shutting down and abandoning module AvfMediaFactory (556)
[2019.03.19-08.02.30:433][215]LogModuleManager: Shutting down and abandoning module AvfMediaEditor (554)
[2019.03.19-08.02.30:433][215]LogModuleManager: Shutting down and abandoning module AndroidMediaFactory (552)
[2019.03.19-08.02.30:433][215]LogModuleManager: Shutting down and abandoning module AndroidMediaEditor (550)
[2019.03.19-08.02.30:433][215]LogModuleManager: Shutting down and abandoning module MagicLeapCameraPreviewFactory (548)
[2019.03.19-08.02.30:433][215]LogModuleManager: Shutting down and abandoning module MagicLeapMediaFactory (546)
[2019.03.19-08.02.30:433][215]LogModuleManager: Shutting down and abandoning module MagicLeapMediaEditor (544)
[2019.03.19-08.02.30:433][215]LogModuleManager: Shutting down and abandoning module CharacterAI (542)
[2019.03.19-08.02.30:433][215]LogModuleManager: Shutting down and abandoning module SmartSnapping (540)
[2019.03.19-08.02.30:433][215]LogModuleManager: Shutting down and abandoning module SessionServices (538)
[2019.03.19-08.02.30:433][215]LogModuleManager: Shutting down and abandoning module ViewportSnapping (536)
[2019.03.19-08.02.30:433][215]LogModuleManager: Shutting down and abandoning module ViewportInteraction (534)
[2019.03.19-08.02.30:433][215]LogModuleManager: Shutting down and abandoning module ClothPainter (532)
[2019.03.19-08.02.30:433][215]LogModuleManager: Shutting down and abandoning module SkeletalMeshEditor (531)
[2019.03.19-08.02.30:433][215]LogModuleManager: Shutting down and abandoning module LogVisualizer (528)
[2019.03.19-08.02.30:433][215]LogModuleManager: Shutting down and abandoning module IntroTutorials (526)
[2019.03.19-08.02.30:433][215]LogModuleManager: Shutting down and abandoning module GameProjectGeneration (525)
[2019.03.19-08.02.30:433][215]LogModuleManager: Shutting down and abandoning module LuminPlatformEditor (522)
[2019.03.19-08.02.30:434][215]LogModuleManager: Shutting down and abandoning module IOSPlatformEditor (520)
[2019.03.19-08.02.30:434][215]LogModuleManager: Shutting down and abandoning module HTML5PlatformEditor (518)
[2019.03.19-08.02.30:434][215]LogModuleManager: Shutting down and abandoning module AndroidPlatformEditor (516)
[2019.03.19-08.02.30:434][215]LogModuleManager: Shutting down and abandoning module AndroidDeviceDetection (515)
[2019.03.19-08.02.31:542][215]LogModuleManager: Shutting down and abandoning module WindowsPlatformEditor (512)
[2019.03.19-08.02.31:542][215]LogModuleManager: Shutting down and abandoning module LuminRuntimeSettings (510)
[2019.03.19-08.02.31:542][215]LogModuleManager: Shutting down and abandoning module IOSRuntimeSettings (508)
[2019.03.19-08.02.31:542][215]LogModuleManager: Shutting down and abandoning module AndroidRuntimeSettings (506)
[2019.03.19-08.02.31:542][215]LogModuleManager: Shutting down and abandoning module InputBindingEditor (504)
[2019.03.19-08.02.31:542][215]LogModuleManager: Shutting down and abandoning module MergeActors (502)
[2019.03.19-08.02.31:542][215]LogModuleManager: Shutting down and abandoning module LocalizationDashboard (500)
[2019.03.19-08.02.31:543][215]LogModuleManager: Shutting down and abandoning module LocalizationService (499)
[2019.03.19-08.02.31:543][215]LogModuleManager: Shutting down and abandoning module HardwareTargeting (496)
[2019.03.19-08.02.31:543][215]LogModuleManager: Shutting down and abandoning module DeviceProfileEditor (494)
[2019.03.19-08.02.31:543][215]LogModuleManager: Shutting down and abandoning module UndoHistory (492)
[2019.03.19-08.02.31:543][215]LogModuleManager: Shutting down and abandoning module XmlParser (490)
[2019.03.19-08.02.31:543][215]LogModuleManager: Shutting down and abandoning module Blutility (488)
[2019.03.19-08.02.31:543][215]LogModuleManager: Shutting down and abandoning module ProjectSettingsViewer (486)
[2019.03.19-08.02.31:543][215]LogModuleManager: Shutting down and abandoning module ProjectTargetPlatformEditor (485)
[2019.03.19-08.02.31:543][215]LogModuleManager: Shutting down and abandoning module EditorSettingsViewer (482)
[2019.03.19-08.02.31:543][215]LogModuleManager: Shutting down and abandoning module SettingsEditor (480)
[2019.03.19-08.02.31:543][215]LogModuleManager: Shutting down and abandoning module ProjectLauncher (478)
[2019.03.19-08.02.31:543][215]LogModuleManager: Shutting down and abandoning module SessionFrontend (476)
[2019.03.19-08.02.31:543][215]LogModuleManager: Shutting down and abandoning module ProfilerClient (474)
[2019.03.19-08.02.31:543][215]LogModuleManager: Shutting down and abandoning module DeviceManager (472)
[2019.03.19-08.02.31:543][215]LogModuleManager: Shutting down and abandoning module TargetDeviceServices (471)
[2019.03.19-08.02.31:608][215]LogModuleManager: Shutting down and abandoning module AutomationController (468)
[2019.03.19-08.02.31:608][215]LogModuleManager: Shutting down and abandoning module AutomationWindow (466)
[2019.03.19-08.02.31:608][215]LogModuleManager: Shutting down and abandoning module Layers (464)
[2019.03.19-08.02.31:608][215]LogModuleManager: Shutting down and abandoning module ComponentVisualizers (462)
[2019.03.19-08.02.31:608][215]LogModuleManager: Shutting down and abandoning module DetailCustomizations (460)
[2019.03.19-08.02.31:608][215]LogModuleManager: Shutting down and abandoning module PackagesDialog (458)
[2019.03.19-08.02.31:608][215]LogModuleManager: Shutting down and abandoning module Persona (456)
[2019.03.19-08.02.31:608][215]LogModuleManager: Shutting down and abandoning module AdvancedPreviewScene (455)
[2019.03.19-08.02.31:608][215]LogModuleManager: Shutting down and abandoning module AnimGraph (453)
[2019.03.19-08.02.31:608][215]LogModuleManager: Shutting down and abandoning module Kismet (450)
[2019.03.19-08.02.31:610][215]LogModuleManager: Shutting down and abandoning module GraphEditor (448)
[2019.03.19-08.02.31:610][215]LogModuleManager: Shutting down and abandoning module ClassViewer (446)
[2019.03.19-08.02.31:610][215]LogModuleManager: Shutting down and abandoning module Toolbox (444)
[2019.03.19-08.02.31:610][215]LogModuleManager: Shutting down and abandoning module DesktopPlatform (443)
[2019.03.19-08.02.31:610][215]LogModuleManager: Shutting down and abandoning module ModuleUI (440)
[2019.03.19-08.02.31:610][215]LogModuleManager: Shutting down and abandoning module MovieSceneTools (438)
[2019.03.19-08.02.31:610][215]LogModuleManager: Shutting down and abandoning module OutputLog (436)
[2019.03.19-08.02.31:610][215]LogModuleManager: Shutting down and abandoning module GammaUI (434)
[2019.03.19-08.02.31:610][215]LogModuleManager: Shutting down and abandoning module Documentation (432)
[2019.03.19-08.02.31:610][215]LogModuleManager: Shutting down and abandoning module MovieSceneTracks (430)
[2019.03.19-08.02.31:610][215]LogModuleManager: Shutting down and abandoning module MovieScene (428)
[2019.03.19-08.02.31:611][215]LogModuleManager: Shutting down and abandoning module StreamingPauseRendering (426)
[2019.03.19-08.02.31:611][215]LogModuleManager: Shutting down and abandoning module LauncherPlatform (424)
[2019.03.19-08.02.31:611][215]LogModuleManager: Shutting down and abandoning module AnalyticsET (422)
[2019.03.19-08.02.31:611][215]LogModuleManager: Shutting down and abandoning module PortalServices (420)
[2019.03.19-08.02.31:611][215]LogModuleManager: Shutting down and abandoning module PortalRpc (418)
[2019.03.19-08.02.31:611][215]LogModuleManager: Shutting down and abandoning module MessagingRpc (416)
[2019.03.19-08.02.31:611][215]LogModuleManager: Shutting down and abandoning module AIModule (414)
[2019.03.19-08.02.31:611][215]LogModuleManager: Shutting down and abandoning module GameplayDebugger (413)
[2019.03.19-08.02.31:611][215]LogModuleManager: Shutting down and abandoning module AITestSuite (411)
[2019.03.19-08.02.31:611][215]LogModuleManager: Shutting down and abandoning module NavigationSystem (409)
[2019.03.19-08.02.31:611][215]LogModuleManager: Shutting down and abandoning module ProfilerService (406)
[2019.03.19-08.02.31:782][215]LogModuleManager: Shutting down and abandoning module TaskGraph (404)
[2019.03.19-08.02.31:782][215]LogModuleManager: Shutting down and abandoning module SteamVRController (402)
[2019.03.19-08.02.31:782][215]LogModuleManager: Shutting down and abandoning module ProceduralMeshComponentEditor (400)
[2019.03.19-08.02.31:782][215]LogModuleManager: Shutting down and abandoning module ProceduralMeshComponent (398)
[2019.03.19-08.02.31:782][215]LogModuleManager: Shutting down and abandoning module OculusInput (396)
[2019.03.19-08.02.31:782][215]LogModuleManager: Shutting down and abandoning module MobilePatchingUtils (394)
[2019.03.19-08.02.31:783][215]LogModuleManager: Shutting down and abandoning module EditableMesh (392)
[2019.03.19-08.02.31:783][215]LogModuleManager: Shutting down and abandoning module CustomMeshComponent (390)
[2019.03.19-08.02.31:783][215]LogModuleManager: Shutting down and abandoning module CableComponent (388)
[2019.03.19-08.02.31:783][215]LogModuleManager: Shutting down and abandoning module AudioCapture (386)
[2019.03.19-08.02.31:783][215]LogModuleManager: Shutting down and abandoning module ArchVisCharacter (384)
[2019.03.19-08.02.31:783][215]LogModuleManager: Shutting down and abandoning module AndroidPermission (382)
[2019.03.19-08.02.31:783][215]LogModuleManager: Shutting down and abandoning module NUTUnrealEngine4 (380)
[2019.03.19-08.02.31:783][215]LogModuleManager: Shutting down and abandoning module NetcodeUnitTest (378)
[2019.03.19-08.02.31:783][215]LogModuleManager: Shutting down and abandoning module MediaCompositingEditor (376)
[2019.03.19-08.02.31:783][215]LogModuleManager: Shutting down and abandoning module MediaCompositing (374)
[2019.03.19-08.02.31:783][215]LogModuleManager: Shutting down and abandoning module LinearTimecode (372)
[2019.03.19-08.02.31:783][215]LogModuleManager: Shutting down and abandoning module ImgMedia (370)
[2019.03.19-08.02.31:787][215]LogModuleManager: Shutting down and abandoning module HTML5Networking (366)
[2019.03.19-08.02.31:787][215]LogModuleManager: Shutting down and abandoning module GeometryCacheTracks (364)
[2019.03.19-08.02.31:787][215]LogModuleManager: Shutting down and abandoning module GeometryCacheSequencer (362)
[2019.03.19-08.02.31:787][215]LogModuleManager: Shutting down and abandoning module BackChannel (360)
[2019.03.19-08.02.31:787][215]LogModuleManager: Shutting down and abandoning module AppleVision (358)
[2019.03.19-08.02.31:787][215]LogModuleManager: Shutting down and abandoning module AppleImageUtils (356)
[2019.03.19-08.02.31:787][215]LogModuleManager: Shutting down and abandoning module AlembicImporter (354)
[2019.03.19-08.02.31:787][215]LogModuleManager: Shutting down and abandoning module AlembicLibrary (353)
[2019.03.19-08.02.31:787][215]LogModuleManager: Shutting down and abandoning module GeometryCache (352)
[2019.03.19-08.02.31:787][215]LogModuleManager: Shutting down and abandoning module GeometryCacheEd (351)
[2019.03.19-08.02.31:787][215]LogModuleManager: Shutting down and abandoning module DatasmithContentEditor (346)
[2019.03.19-08.02.31:787][215]LogModuleManager: Shutting down and abandoning module DatasmithContent (344)
[2019.03.19-08.02.31:788][215]LogModuleManager: Shutting down and abandoning module SpeedTreeImporter (342)
[2019.03.19-08.02.31:788][215]LogModuleManager: Shutting down and abandoning module PluginBrowser (340)
[2019.03.19-08.02.31:788][215]LogModuleManager: Shutting down and abandoning module MobileLauncherProfileWizard (338)
[2019.03.19-08.02.31:788][215]LogModuleManager: Shutting down and abandoning module PolygonModeling (336)
[2019.03.19-08.02.31:788][215]LogModuleManager: Shutting down and abandoning module MeshEditor (334)
[2019.03.19-08.02.31:788][215]LogModuleManager: Shutting down and abandoning module CryptoKeysOpenSSL (332)
[2019.03.19-08.02.31:788][215]LogModuleManager: Shutting down and abandoning module CryptoKeys (330)
[2019.03.19-08.02.31:788][215]LogModuleManager: Shutting down and abandoning module VisualStudioSourceCodeAccess (328)
[2019.03.19-08.02.31:788][215]LogModuleManager: Shutting down and abandoning module VisualStudioCodeSourceCodeAccess (326)
[2019.03.19-08.02.31:788][215]LogModuleManager: Shutting down and abandoning module UObjectPlugin (324)
[2019.03.19-08.02.31:788][215]LogModuleManager: Shutting down and abandoning module SubversionSourceControl (322)
[2019.03.19-08.02.31:788][215]LogModuleManager: Shutting down and abandoning module PerforceSourceControl (320)
[2019.03.19-08.02.31:788][215]LogModuleManager: Shutting down and abandoning module GitSourceControl (318)
[2019.03.19-08.02.31:788][215]LogModuleManager: Shutting down and abandoning module SourceControl (317)
[2019.03.19-08.02.31:788][215]LogModuleManager: Shutting down and abandoning module CLionSourceCodeAccess (314)
[2019.03.19-08.02.31:789][215]LogModuleManager: Shutting down and abandoning module LightPropagationVolumeEditor (312)
[2019.03.19-08.02.31:789][215]LogModuleManager: Shutting down and abandoning module PaperTiledImporter (310)
[2019.03.19-08.02.31:789][215]LogModuleManager: Shutting down and abandoning module PaperSpriteSheetImporter (308)
[2019.03.19-08.02.31:789][215]LogModuleManager: Shutting down and abandoning module Paper2DEditor (306)
[2019.03.19-08.02.31:789][215]LogModuleManager: Shutting down and abandoning module MeshPaint (305)
[2019.03.19-08.02.31:789][215]LogModuleManager: Shutting down and abandoning module GoTLegends (302)
[2019.03.19-08.02.31:789][215]LogModuleManager: Shutting down and abandoning module RuntimePhysXCooking (300)
[2019.03.19-08.02.31:789][215]LogModuleManager: Shutting down and abandoning module PhysXVehiclesEditor (298)
[2019.03.19-08.02.31:789][215]LogModuleManager: Shutting down and abandoning module PhysXVehicles (296)
[2019.03.19-08.02.31:789][215]LogModuleManager: Shutting down and abandoning module OculusEditor (294)
[2019.03.19-08.02.31:789][215]LogModuleManager: Shutting down and abandoning module LocationServicesBPLibrary (292)
[2019.03.19-08.02.31:789][215]LogModuleManager: Shutting down and abandoning module ImmediatePhysicsEditor (290)
[2019.03.19-08.02.31:789][215]LogModuleManager: Shutting down and abandoning module ImmediatePhysics (288)
[2019.03.19-08.02.31:789][215]LogModuleManager: Shutting down and abandoning module ActorSequence (286)
[2019.03.19-08.02.31:789][215]LogModuleManager: Shutting down and abandoning module UdpMessaging (284)
[2019.03.19-08.02.31:890][215]LogModuleManager: Shutting down and abandoning module TcpMessaging (282)
[2019.03.19-08.02.31:991][215]LogModuleManager: Shutting down and abandoning module MagicLeapAudio (280)
[2019.03.19-08.02.31:991][215]LogModuleManager: Shutting down and abandoning module GameSparks (278)
[2019.03.19-08.02.31:991][215]UGameSparksModuleLog: Starting connection terminate
[2019.03.19-08.02.31:991][215]UGameSparksModuleLog: WebSocket closed
[2019.03.19-08.02.31:991][215]UGameSparksModuleLog: Connection terminated
[2019.03.19-08.02.31:991][215]UGameSparksModuleLog: Warning: GameSparks::GameSparksAvailable_Static
[2019.03.19-08.02.32:148][215]LogModuleManager: Shutting down and abandoning module GameplayTagsEditor (276)
[2019.03.19-08.02.32:148][215]LogModuleManager: Shutting down and abandoning module FacialAnimationEditor (274)
[2019.03.19-08.02.32:148][215]LogModuleManager: Shutting down and abandoning module FacialAnimation (272)
[2019.03.19-08.02.32:148][215]LogModuleManager: Shutting down and abandoning module DataValidation (270)
[2019.03.19-08.02.32:148][215]LogModuleManager: Shutting down and abandoning module AssetManagerEditor (268)
[2019.03.19-08.02.32:148][215]LogModuleManager: Shutting down and abandoning module LevelEditor (267)
[2019.03.19-08.02.32:149][215]LogModuleManager: Shutting down and abandoning module PixelInspectorModule (266)
[2019.03.19-08.02.32:149][215]LogModuleManager: Shutting down and abandoning module CommonMenuExtensions (264)
[2019.03.19-08.02.32:149][215]LogModuleManager: Shutting down and abandoning module MainFrame (262)
[2019.03.19-08.02.32:149][215]LogModuleManager: Shutting down and abandoning module HotReload (261)
[2019.03.19-08.02.32:150][215]LogModuleManager: Shutting down and abandoning module ContentBrowser (257)
[2019.03.19-08.02.32:151][215]LogModuleManager: Shutting down and abandoning module TreeMap (255)
[2019.03.19-08.02.32:151][215]LogModuleManager: Shutting down and abandoning module LightPropagationVolumeRuntime (252)
[2019.03.19-08.02.32:151][215]LogModuleManager: Shutting down and abandoning module AISupportModule (250)
[2019.03.19-08.02.32:151][215]LogModuleManager: Shutting down and abandoning module Paper2D (248)
[2019.03.19-08.02.32:151][215]LogModuleManager: Shutting down and abandoning module WindowsMoviePlayer (246)
[2019.03.19-08.02.32:151][215]LogModuleManager: Shutting down and abandoning module WmfMedia (244)
[2019.03.19-08.02.32:153][215]LogModuleManager: Shutting down and abandoning module Media (243)
[2019.03.19-08.02.32:158][215]LogModuleManager: Shutting down and abandoning module PacketHandler (240)
[2019.03.19-08.02.32:158][215]LogModuleManager: Shutting down and abandoning module ClothingSystemEditor (238)
[2019.03.19-08.02.32:158][215]LogModuleManager: Shutting down and abandoning module ClothingSystemRuntime (236)
[2019.03.19-08.02.32:158][215]LogModuleManager: Shutting down and abandoning module MediaAssets (234)
[2019.03.19-08.02.32:158][215]LogModuleManager: Shutting down and abandoning module Overlay (232)
[2019.03.19-08.02.32:158][215]LogModuleManager: Shutting down and abandoning module OverlayEditor (231)
[2019.03.19-08.02.32:158][215]LogModuleManager: Shutting down and abandoning module VREditor (228)
[2019.03.19-08.02.32:159][215]LogModuleManager: Shutting down and abandoning module StringTableEditor (226)
[2019.03.19-08.02.32:159][215]LogModuleManager: Shutting down and abandoning module GameplayTasksEditor (224)
[2019.03.19-08.02.32:159][215]LogModuleManager: Shutting down and abandoning module BehaviorTreeEditor (222)
[2019.03.19-08.02.32:159][215]LogModuleManager: Shutting down and abandoning module FunctionalTesting (220)
[2019.03.19-08.02.32:159][215]LogModuleManager: Shutting down and abandoning module CollisionAnalyzer (218)
[2019.03.19-08.02.32:159][215]LogModuleManager: Shutting down and abandoning module WorkspaceMenuStructure (217)
[2019.03.19-08.02.32:159][215]LogModuleManager: Shutting down and abandoning module UMG (214)
[2019.03.19-08.02.32:159][215]LogModuleManager: Shutting down and abandoning module UMGEditor (213)
[2019.03.19-08.02.32:159][215]LogModuleManager: Shutting down and abandoning module Sequencer (212)
[2019.03.19-08.02.32:159][215]LogModuleManager: Shutting down and abandoning module MessageLog (209)
[2019.03.19-08.02.32:159][215]LogModuleManager: Shutting down and abandoning module SlateReflector (204)
[2019.03.19-08.02.32:159][215]LogModuleManager: Shutting down and abandoning module Slate (202)
[2019.03.19-08.02.32:159][215]LogModuleManager: Shutting down and abandoning module EditorStyle (200)
[2019.03.19-08.02.32:161][215]LogModuleManager: Shutting down and abandoning module MRMesh (198)
[2019.03.19-08.02.32:161][215]LogModuleManager: Shutting down and abandoning module SourceCodeAccess (196)
[2019.03.19-08.02.32:161][215]LogModuleManager: Shutting down and abandoning module HeadMountedDisplay (194)
[2019.03.19-08.02.32:161][215]LogModuleManager: Shutting down and abandoning module XAudio2 (192)
[2019.03.19-08.02.32:161][215]LogModuleManager: Shutting down and abandoning module Networking (190)
[2019.03.19-08.02.32:161][215]LogModuleManager: Shutting down and abandoning module Core (188)
[2019.03.19-08.02.32:161][215]LogModuleManager: Shutting down and abandoning module LevelSequence (186)
[2019.03.19-08.02.32:161][215]LogModuleManager: Shutting down and abandoning module KismetCompiler (184)
[2019.03.19-08.02.32:161][215]LogModuleManager: Shutting down and abandoning module MeshUtilities (182)
[2019.03.19-08.02.32:161][215]LogModuleManager: Shutting down and abandoning module MeshMergeUtilities (181)
[2019.03.19-08.02.32:161][215]LogModuleManager: Shutting down and abandoning module MeshReductionInterface (180)
[2019.03.19-08.02.32:161][215]LogModuleManager: Shutting down and abandoning module SimplygonSwarm (179)
[2019.03.19-08.02.32:161][215]LogModuleManager: Shutting down and abandoning module ProxyLODMeshReduction (177)
[2019.03.19-08.02.32:161][215]LogModuleManager: Shutting down and abandoning module SimplygonMeshReduction (175)
[2019.03.19-08.02.32:161][215]LogModuleManager: Shutting down and abandoning module QuadricMeshReduction (173)
[2019.03.19-08.02.32:161][215]LogModuleManager: Shutting down and abandoning module MaterialBaking (169)
[2019.03.19-08.02.32:161][215]LogModuleManager: Shutting down and abandoning module DirectoryWatcher (165)
[2019.03.19-08.02.32:161][215]LogModuleManager: Shutting down and abandoning module DerivedDataCache (162)
[2019.03.19-08.02.32:376][215]LogDerivedDataCache: Shutdown
[2019.03.19-08.02.32:376][215]LogModuleManager: Shutting down and abandoning module XGEController (160)
[2019.03.19-08.02.32:376][215]LogXGEController: Cleaning working directory: C:/Users/Archlich Studios/AppData/Local/Temp/UnrealXGEWorkingDir/
[2019.03.19-08.02.32:376][215]LogModuleManager: Shutting down and abandoning module TargetPlatform (158)
[2019.03.19-08.02.32:376][215]LogModuleManager: Shutting down and abandoning module VulkanShaderFormat (157)
[2019.03.19-08.02.32:376][215]LogModuleManager: Shutting down and abandoning module ShaderFormatVectorVM (155)
[2019.03.19-08.02.32:376][215]LogModuleManager: Shutting down and abandoning module ShaderFormatOpenGL (153)
[2019.03.19-08.02.32:376][215]LogModuleManager: Shutting down and abandoning module ShaderFormatD3D (151)
[2019.03.19-08.02.32:376][215]LogModuleManager: Shutting down and abandoning module MetalShaderFormat (149)
[2019.03.19-08.02.32:376][215]LogModuleManager: Shutting down and abandoning module TextureFormatUncompressed (147)
[2019.03.19-08.02.32:376][215]LogModuleManager: Shutting down and abandoning module TextureFormatPVR (145)
[2019.03.19-08.02.32:376][215]LogModuleManager: Shutting down and abandoning module TextureFormatDXT (143)
[2019.03.19-08.02.32:376][215]LogModuleManager: Shutting down and abandoning module TextureFormatIntelISPCTexComp (141)
[2019.03.19-08.02.32:376][215]LogModuleManager: Shutting down and abandoning module TextureFormatASTC (139)
[2019.03.19-08.02.32:376][215]LogModuleManager: Shutting down and abandoning module ImageWrapper (138)
[2019.03.19-08.02.32:376][215]LogModuleManager: Shutting down and abandoning module TextureFormatAndroid (135)
[2019.03.19-08.02.32:377][215]LogModuleManager: Shutting down and abandoning module AudioFormatOpus (133)
[2019.03.19-08.02.32:377][215]LogModuleManager: Shutting down and abandoning module AudioFormatOgg (131)
[2019.03.19-08.02.32:377][215]LogModuleManager: Shutting down and abandoning module AudioFormatADPCM (129)
[2019.03.19-08.02.32:377][215]LogModuleManager: Shutting down and abandoning module LuminTargetPlatform (127)
[2019.03.19-08.02.32:377][215]LogModuleManager: Shutting down and abandoning module LinuxTargetPlatform (125)
[2019.03.19-08.02.32:377][215]LogModuleManager: Shutting down and abandoning module LinuxServerTargetPlatform (123)
[2019.03.19-08.02.32:377][215]LogModuleManager: Shutting down and abandoning module LinuxNoEditorTargetPlatform (121)
[2019.03.19-08.02.32:377][215]LogModuleManager: Shutting down and abandoning module LinuxClientTargetPlatform (119)
[2019.03.19-08.02.32:377][215]LogModuleManager: Shutting down and abandoning module TVOSTargetPlatform (117)
[2019.03.19-08.02.32:378][215]LogModuleManager: Shutting down and abandoning module Messaging (115)
[2019.03.19-08.02.32:378][215]LogModuleManager: Shutting down and abandoning module IOSTargetPlatform (113)
[2019.03.19-08.02.32:380][215]LogModuleManager: Shutting down and abandoning module HTML5TargetPlatform (111)
[2019.03.19-08.02.32:380][215]LogModuleManager: Shutting down and abandoning module AndroidTargetPlatform (109)
[2019.03.19-08.02.32:386][215]LogModuleManager: Shutting down and abandoning module WindowsTargetPlatform (107)
[2019.03.19-08.02.32:386][215]LogModuleManager: Shutting down and abandoning module WindowsServerTargetPlatform (105)
[2019.03.19-08.02.32:386][215]LogModuleManager: Shutting down and abandoning module WindowsNoEditorTargetPlatform (103)
[2019.03.19-08.02.32:387][215]LogModuleManager: Shutting down and abandoning module WindowsClientTargetPlatform (101)
[2019.03.19-08.02.32:387][215]LogModuleManager: Shutting down and abandoning module MacTargetPlatform (99)
[2019.03.19-08.02.32:387][215]LogModuleManager: Shutting down and abandoning module MacServerTargetPlatform (97)
[2019.03.19-08.02.32:387][215]LogModuleManager: Shutting down and abandoning module MacNoEditorTargetPlatform (95)
[2019.03.19-08.02.32:387][215]LogModuleManager: Shutting down and abandoning module MacClientTargetPlatform (93)
[2019.03.19-08.02.32:387][215]LogModuleManager: Shutting down and abandoning module AllDesktopTargetPlatform (91)
[2019.03.19-08.02.32:387][215]LogModuleManager: Shutting down and abandoning module InputCore (88)
[2019.03.19-08.02.32:387][215]LogModuleManager: Shutting down and abandoning module Settings (86)
[2019.03.19-08.02.32:387][215]LogModuleManager: Shutting down and abandoning module PhysXCooking (84)
[2019.03.19-08.02.32:387][215]LogModuleManager: Shutting down and abandoning module SteamVR (82)
[2019.03.19-08.02.32:387][215]LogModuleManager: Shutting down and abandoning module OculusHMD (80)
[2019.03.19-08.02.32:387][215]LogModuleManager: Shutting down and abandoning module ExampleDeviceProfileSelector (78)
[2019.03.19-08.02.32:387][215]LogModuleManager: Shutting down and abandoning module LauncherChunkInstaller (76)
[2019.03.19-08.02.32:387][215]LogModuleManager: Shutting down and abandoning module OnlineBlueprintSupport (74)
[2019.03.19-08.02.32:387][215]LogModuleManager: Shutting down and abandoning module OnlineSubsystem (70)
[2019.03.19-08.02.32:467][215]LogModuleManager: Shutting down and abandoning module XMPP (65)
[2019.03.19-08.02.32:467][215]LogModuleManager: Shutting down and abandoning module WebSockets (64)
[2019.03.19-08.02.32:482][215]LogModuleManager: Shutting down and abandoning module HTTP (61)
[2019.03.19-08.02.32:482][215]LogHttp: Display: Http module shutting down, but needs to wait on 1 outstanding Http requests:
[2019.03.19-08.02.32:482][215]LogHttp: Display: 	verb=[POST] url=[https://datarouter.ol.epicgames.com/datarouter/api/v1/public/data?SessionID=%7B0DB9DE04-4190-8F40-6FA7-8DB9E649525C%7D&AppID=UEEditor.Rocket.Release&AppVersion=4.20.3-4369336%2B%2B%2BUE4%2BRelease-4.20&UserID=23a9945d4cf4aa7026ea519349c83a46%7C1b0d1587ca424623a9633c812948354e%7C2f4f4ce3-b2b0-40c5-bd3e-13c83a2fb140&AppEnvironment=datacollector-binary&UploadType=eteventstream] status=Processing
[2019.03.19-08.02.32:484][215]LogModuleManager: Shutting down and abandoning module SSL (60)
[2019.03.19-08.02.32:485][215]LogModuleManager: Shutting down and abandoning module MagicLeapEmulator (56)
[2019.03.19-08.02.32:485][215]LogModuleManager: Shutting down and abandoning module MagicLeapPrivileges (54)
[2019.03.19-08.02.32:485][215]LogModuleManager: Shutting down and abandoning module MagicLeapIdentity (52)
[2019.03.19-08.02.32:485][215]LogModuleManager: Shutting down and abandoning module MagicLeapHelperVulkan (50)
[2019.03.19-08.02.32:485][215]LogModuleManager: Shutting down and abandoning module MagicLeapHelperOpenGL (48)
[2019.03.19-08.02.32:485][215]LogModuleManager: Shutting down and abandoning module MagicLeapSecureStorage (46)
[2019.03.19-08.02.32:485][215]LogModuleManager: Shutting down and abandoning module MagicLeapGestures (44)
[2019.03.19-08.02.32:485][215]LogModuleManager: Shutting down and abandoning module MagicLeapEyeTracker (42)
[2019.03.19-08.02.32:485][215]LogModuleManager: Shutting down and abandoning module MagicLeapController (40)
[2019.03.19-08.02.32:485][215]LogSlate: Slate User Destroyed.  User Index 0, Is Virtual User: 0
[2019.03.19-08.02.32:485][215]LogModuleManager: Shutting down and abandoning module MagicLeap (38)
[2019.03.19-08.02.32:485][215]LogModuleManager: Shutting down and abandoning module AnimationModifiers (36)
[2019.03.19-08.02.32:485][215]LogModuleManager: Shutting down and abandoning module PropertyEditor (35)
[2019.03.19-08.02.32:485][215]LogModuleManager: Shutting down and abandoning module AudioEditor (32)
[2019.03.19-08.02.32:486][215]LogModuleManager: Shutting down and abandoning module TextureCompressor (30)
[2019.03.19-08.02.32:486][215]LogModuleManager: Shutting down and abandoning module ShaderCore (28)
[2019.03.19-08.02.32:486][215]LogModuleManager: Shutting down and abandoning module Landscape (26)
[2019.03.19-08.02.32:486][215]LogModuleManager: Shutting down and abandoning module SlateRHIRenderer (24)
[2019.03.19-08.02.32:486][215]LogModuleManager: Shutting down and abandoning module OpenGLDrv (22)
[2019.03.19-08.02.32:486][215]LogModuleManager: Shutting down and abandoning module D3D11RHI (20)
[2019.03.19-08.02.32:486][215]LogModuleManager: Shutting down and abandoning module AnimGraphRuntime (18)
[2019.03.19-08.02.32:486][215]LogModuleManager: Shutting down and abandoning module Renderer (16)
[2019.03.19-08.02.32:486][215]LogModuleManager: Shutting down and abandoning module Engine (14)
[2019.03.19-08.02.32:486][215]LogModuleManager: Shutting down and abandoning module CoreUObject (12)
[2019.03.19-08.02.32:486][215]LogModuleManager: Shutting down and abandoning module NetworkFile (10)
[2019.03.19-08.02.32:486][215]LogModuleManager: Shutting down and abandoning module CookedIterativeFile (8)
[2019.03.19-08.02.32:486][215]LogModuleManager: Shutting down and abandoning module StreamingFile (6)
[2019.03.19-08.02.32:486][215]LogModuleManager: Shutting down and abandoning module SandboxFile (4)
[2019.03.19-08.02.32:486][215]LogModuleManager: Shutting down and abandoning module PakFile (2)
[2019.03.19-08.02.32:499][215]LogExit: Exiting.
[2019.03.19-08.02.32:505][215]Log file closed, 03/19/19 04:02:32
