Log file open, 03/12/19 01:40:32
LogWindows: Failed to load 'aqProf.dll' (GetLastError=126)
LogWindows: File 'aqProf.dll' does not exist
LogWindows: Failed to load 'VSPerf140.dll' (GetLastError=126)
LogWindows: File 'VSPerf140.dll' does not exist
LogWindows: Failed to load 'VtuneApi.dll' (GetLastError=126)
LogWindows: File 'VtuneApi.dll' does not exist
LogWindows: Failed to load 'VtuneApi32e.dll' (GetLastError=126)
LogWindows: File 'VtuneApi32e.dll' does not exist
LogInit: Display: Running engine for game: GoTLegends
LogPlatformFile: Not using cached read wrapper
LogTaskGraph: Started task graph with 5 named threads and 35 total threads with 3 sets of task threads.
LogStats: Stats thread started at 0.428907
LogD3D11RHI: Loaded GFSDK_Aftermath_Lib.x64.dll
LogICUInternationalization: Display: ICU TimeZone Detection - Raw Offset: -5:00, Platform Override: ''
LogPluginManager: Mounting plugin Paper2D
LogPluginManager: Mounting plugin AISupport
LogPluginManager: Mounting plugin LightPropagationVolume
LogPluginManager: Mounting plugin CLionSourceCodeAccess
LogPluginManager: Mounting plugin CodeLiteSourceCodeAccess
LogPluginManager: Mounting plugin GitSourceControl
LogPluginManager: Mounting plugin KDevelopSourceCodeAccess
LogPluginManager: Mounting plugin NullSourceCodeAccess
LogPluginManager: Mounting plugin PerforceSourceControl
LogPluginManager: Mounting plugin SubversionSourceControl
LogPluginManager: Mounting plugin UObjectPlugin
LogPluginManager: Mounting plugin VisualStudioCodeSourceCodeAccess
LogPluginManager: Mounting plugin VisualStudioSourceCodeAccess
LogPluginManager: Mounting plugin XCodeSourceCodeAccess
LogPluginManager: Mounting plugin AssetManagerEditor
LogPluginManager: Mounting plugin CryptoKeys
LogPluginManager: Mounting plugin DataValidation
LogPluginManager: Mounting plugin FacialAnimation
LogPluginManager: Mounting plugin GameplayTagsEditor
LogPluginManager: Mounting plugin MacGraphicsSwitching
LogPluginManager: Mounting plugin MeshEditor
LogPluginManager: Mounting plugin MobileLauncherProfileWizard
LogPluginManager: Mounting plugin PluginBrowser
LogPluginManager: Mounting plugin SpeedTreeImporter
LogPluginManager: Mounting plugin DatasmithContent
LogPluginManager: Mounting plugin AlembicImporter
LogPluginManager: Mounting plugin AppleImageUtils
LogPluginManager: Mounting plugin AppleVision
LogPluginManager: Mounting plugin BackChannel
LogPluginManager: Mounting plugin CharacterAI
LogPluginManager: Mounting plugin GeometryCache
LogPluginManager: Mounting plugin HTML5Networking
LogPluginManager: Mounting plugin ProxyLODPlugin
LogPluginManager: Mounting plugin GameSparks
LogPluginManager: Mounting plugin MagicLeap
LogPluginManager: Mounting plugin MagicLeapEmulator
LogPluginManager: Mounting plugin MagicLeapMedia
LogPluginManager: Mounting plugin AndroidMedia
LogPluginManager: Mounting plugin AvfMedia
LogPluginManager: Mounting plugin ImgMedia
LogPluginManager: Mounting plugin LinearTimecode
LogPluginManager: Mounting plugin MediaCompositing
LogPluginManager: Mounting plugin MediaPlayerEditor
LogPluginManager: Mounting plugin WmfMedia
LogPluginManager: Mounting plugin TcpMessaging
LogPluginManager: Mounting plugin UdpMessaging
LogPluginManager: Mounting plugin ActorSequence
LogPluginManager: Mounting plugin LevelSequenceEditor
LogPluginManager: Mounting plugin MatineeToLevelSequence
LogPluginManager: Mounting plugin NetcodeUnitTest
LogPluginManager: Mounting plugin NUTUnrealEngine4
LogPluginManager: Mounting plugin OnlineSubsystemGooglePlay
LogPluginManager: Mounting plugin OnlineSubsystemIOS
LogPluginManager: Mounting plugin OnlineSubsystem
LogPluginManager: Mounting plugin OnlineSubsystemNull
LogPluginManager: Mounting plugin OnlineSubsystemUtils
LogPluginManager: Mounting plugin LauncherChunkInstaller
LogPluginManager: Mounting plugin AndroidDeviceProfileSelector
LogPluginManager: Mounting plugin AndroidMoviePlayer
LogPluginManager: Mounting plugin AndroidPermission
LogPluginManager: Mounting plugin AppleMoviePlayer
LogPluginManager: Mounting plugin ArchVisCharacter
LogPluginManager: Mounting plugin AudioCapture
LogPluginManager: Mounting plugin CableComponent
LogPluginManager: Mounting plugin CustomMeshComponent
LogPluginManager: Mounting plugin EditableMesh
LogPluginManager: Mounting plugin ExampleDeviceProfileSelector
LogPluginManager: Mounting plugin GoogleCloudMessaging
LogPluginManager: Mounting plugin ImmediatePhysics
LogPluginManager: Mounting plugin IOSDeviceProfileSelector
LogPluginManager: Mounting plugin LinuxDeviceProfileSelector
LogPluginManager: Mounting plugin LocationServicesBPLibrary
LogPluginManager: Mounting plugin MobilePatchingUtils
LogPluginManager: Mounting plugin OculusVR
LogPluginManager: Plugin shader directory ../../../Engine/Plugins/Runtime/Oculus/OculusVR/Shaders found
LogPluginManager: Mapping shader source directory ../../../Engine/Plugins/Runtime/Oculus/OculusVR/Shaders to virtual directory /Plugin/OculusVR
LogPluginManager: Mounting plugin PhysXVehicles
LogPluginManager: Mounting plugin ProceduralMeshComponent
LogPluginManager: Mounting plugin RuntimePhysXCooking
LogPluginManager: Mounting plugin SteamVR
LogPluginManager: Mounting plugin WindowsMoviePlayer
LogStreaming: Display: Took  0.125s to configure plugins.
LogInit: Using libcurl 7.55.1-DEV
LogInit:  - built for x86_64-pc-win32
LogInit:  - supports SSL with OpenSSL/1.0.2h
LogInit:  - supports HTTP deflate (compression) using libz 1.2.8
LogInit:  - other features:
LogInit:      CURL_VERSION_SSL
LogInit:      CURL_VERSION_LIBZ
LogInit:      CURL_VERSION_IPV6
LogInit:      CURL_VERSION_ASYNCHDNS
LogInit:      CURL_VERSION_LARGEFILE
LogInit:      CURL_VERSION_IDN
LogInit:  CurlRequestOptions (configurable via config and command line):
LogInit:  - bVerifyPeer = false  - Libcurl will NOT verify peer certificate
LogInit:  - bUseHttpProxy = false  - Libcurl will NOT use HTTP proxy
LogInit:  - bDontReuseConnections = false  - Libcurl will reuse connections
LogInit:  - CertBundlePath = nullptr  - Libcurl will use whatever was configured at build time.
LogInit:  - MaxHostConnections = 16  - Libcurl will limit the number of connections to a host
LogInit:  - LocalHostAddr = Default
LogInit:  - BufferSize = 65536
LogInit: WinSock: version 1.1 (2.2), MaxSocks=32767, MaxUdp=65467
LogInit: Build: ++UE4+Release-4.20-CL-4369336
LogInit: Engine Version: 4.20.3-4369336+++UE4+Release-4.20
LogInit: Compatible Engine Version: 4.20.0-4212847+++UE4+Release-4.20
LogInit: Net CL: 4212847
LogInit: OS: Windows 10 (), CPU: Intel(R) Core(TM) i7-8750H CPU @ 2.20GHz, GPU: Intel(R) UHD Graphics 630
LogInit: Compiled (64-bit): Sep 17 2018 12:26:19
LogInit: Compiled with Visual C++: 19.13.26129.00
LogInit: Build Configuration: Development
LogInit: Branch Name: ++UE4+Release-4.20
LogInit: Command Line: 
LogInit: Base Directory: D:/Program Files/Epic Games/UE_4.20/Engine/Binaries/Win64/
LogInit: Installed Engine Build: 1
LogDevObjectVersion: Number of dev versions registered: 20
LogDevObjectVersion:   Dev-Blueprints (B0D832E4-1F89-4F0D-ACCF-7EB736FD4AA2): 10
LogDevObjectVersion:   Dev-Build (E1C64328-A22C-4D53-A36C-8E866417BD8C): 0
LogDevObjectVersion:   Dev-Core (375EC13C-06E4-48FB-B500-84F0262A717E): 2
LogDevObjectVersion:   Dev-Editor (E4B068ED-F494-42E9-A231-DA0B2E46BB41): 24
LogDevObjectVersion:   Dev-Framework (CFFC743F-43B0-4480-9391-14DF171D2073): 34
LogDevObjectVersion:   Dev-Mobile (B02B49B5-BB20-44E9-A304-32B752E40360): 2
LogDevObjectVersion:   Dev-Networking (A4E4105C-59A1-49B5-A7C5-40C4547EDFEE): 0
LogDevObjectVersion:   Dev-Online (39C831C9-5AE6-47DC-9A44-9C173E1C8E7C): 0
LogDevObjectVersion:   Dev-Physics (78F01B33-EBEA-4F98-B9B4-84EACCB95AA2): 0
LogDevObjectVersion:   Dev-Platform (6631380F-2D4D-43E0-8009-CF276956A95A): 0
LogDevObjectVersion:   Dev-Rendering (12F88B9F-8875-4AFC-A67C-D90C383ABD29): 26
LogDevObjectVersion:   Dev-Sequencer (7B5AE74C-D270-4C10-A958-57980B212A5A): 9
LogDevObjectVersion:   Dev-VR (D7296918-1DD6-4BDD-9DE2-64A83CC13884): 2
LogDevObjectVersion:   Dev-LoadTimes (C2A15278-BFE7-4AFE-6C17-90FF531DF755): 1
LogDevObjectVersion:   Private-Geometry (6EACA3D4-40EC-4CC1-B786-8BED09428FC5): 3
LogDevObjectVersion:   Dev-AnimPhys (29E575DD-E0A3-4627-9D10-D276232CDCEA): 17
LogDevObjectVersion:   Dev-ReflectionCapture (6B266CEC-1EC7-4B8F-A30B-E4D90942FC07): 1
LogDevObjectVersion:   Dev-Automation (0DF73D61-A23F-47EA-B727-89E90C41499A): 1
LogDevObjectVersion:   FortniteMain (601D1886-AC64-4F84-AA16-D3DE0DEAC7D6): 12
LogDevObjectVersion:   Dev-Enterprise (9DFFBCD6-494F-0158-E221-12823C92A888): 1
LogStreaming: Display: Took  0.000s to delete old logs.
LogInit: Presizing for max 8388607 objects, including 0 objects not considered by GC, pre-allocating 0 bytes for permanent pool.
LogInit: Object subsystem initialized
[2019.03.12-05.40.33:215][  0]LogInit: Selected Device Profile: [Windows]
[2019.03.12-05.40.33:215][  0]LogInit: Applying CVar settings loaded from the selected device profile: [Windows]
[2019.03.12-05.40.33:227][  0]LogHAL: Display: Platform has ~ 16 GB [17014509568 / 17179869184 / 16], which maps to Larger [LargestMinGB=32, LargerMinGB=12, DefaultMinGB=8, SmallerMinGB=6, SmallestMinGB=0)
[2019.03.12-05.40.33:227][  0]LogInit: Setting Device Profile CVar: [[r.Vulkan.UseRealUBs:1]]
[2019.03.12-05.40.33:227][  0]LogInit: Going up to parent DeviceProfile []
[2019.03.12-05.40.33:228][  0]LogInit: Computer: LAPTOP-LG71H09L
[2019.03.12-05.40.33:228][  0]LogInit: User: ArchlichStudios
[2019.03.12-05.40.33:228][  0]LogInit: CPU Page size=4096, Cores=6
[2019.03.12-05.40.33:228][  0]LogInit: High frequency timer resolution =2.156252 MHz
[2019.03.12-05.40.33:229][  0]LogMemory: Memory total: Physical=15.8GB (16GB approx)
[2019.03.12-05.40.33:229][  0]LogMemory: Platform Memory Stats for Windows
[2019.03.12-05.40.33:229][  0]LogMemory: Process Physical Memory: 101.72 MB used, 101.72 MB peak
[2019.03.12-05.40.33:229][  0]LogMemory: Process Virtual Memory: 85.76 MB used, 85.76 MB peak
[2019.03.12-05.40.33:229][  0]LogMemory: Physical Memory: 5684.42 MB used,  10541.88 MB free, 16226.30 MB total
[2019.03.12-05.40.33:229][  0]LogMemory: Virtual Memory: 561.06 MB used,  10541.88 MB free, 134217728.00 MB total
[2019.03.12-05.40.33:415][  0]LogInit: Using OS detected language (en-US).
[2019.03.12-05.40.33:415][  0]LogInit: Using OS detected locale (en-US).
[2019.03.12-05.40.33:427][  0]LogTextLocalizationManager: No specific localization for 'en-US' exists, so the 'en' localization will be used.
[2019.03.12-05.40.34:277][  0]LogStreaming: Display: Took  0.861s to InitEngineTextLocalization.
[2019.03.12-05.40.34:277][  0]LogInit: Setting process to per monitor DPI aware
[2019.03.12-05.40.34:439][  0]LogSlate: New Slate User Created.  User Index 0, Is Virtual User: 0
[2019.03.12-05.40.34:439][  0]LogSlate: Slate User Registered.  User Index 0, Is Virtual User: 0
[2019.03.12-05.40.35:118][  0]LogHMD: Failed to initialize OpenVR with code 110
[2019.03.12-05.40.35:118][  0]LogD3D11RHI: D3D11 adapters:
[2019.03.12-05.40.35:190][  0]LogD3D11RHI:    0. 'NVIDIA GeForce GTX 1060' (Feature Level 11_0)
[2019.03.12-05.40.35:190][  0]LogD3D11RHI:       6061/0/8113 MB DedicatedVideo/DedicatedSystem/SharedSystem, Outputs:1, VendorId:0x10de
[2019.03.12-05.40.35:209][  0]LogD3D11RHI:    1. 'Intel(R) UHD Graphics 630' (Feature Level 11_0)
[2019.03.12-05.40.35:209][  0]LogD3D11RHI:       128/0/8113 MB DedicatedVideo/DedicatedSystem/SharedSystem, Outputs:0, VendorId:0x8086
[2019.03.12-05.40.35:212][  0]LogD3D11RHI:    2. 'Microsoft Basic Render Driver' (Feature Level 11_0)
[2019.03.12-05.40.35:212][  0]LogD3D11RHI:       0/0/8113 MB DedicatedVideo/DedicatedSystem/SharedSystem, Outputs:0, VendorId:0x1414
[2019.03.12-05.40.35:212][  0]LogD3D11RHI: Chosen D3D11 Adapter: 0
[2019.03.12-05.40.35:220][  0]LogD3D11RHI: Creating new Direct3DDevice
[2019.03.12-05.40.35:220][  0]LogD3D11RHI:     GPU DeviceId: 0x1c20 (for the marketing name, search the web for "GPU Device Id")
[2019.03.12-05.40.35:220][  0]LogWindows: EnumDisplayDevices:
[2019.03.12-05.40.35:220][  0]LogWindows:    0. 'Intel(R) UHD Graphics 630' (P:1 D:1)
[2019.03.12-05.40.35:221][  0]LogWindows:    1. 'Intel(R) UHD Graphics 630' (P:0 D:0)
[2019.03.12-05.40.35:221][  0]LogWindows:    2. 'Intel(R) UHD Graphics 630' (P:0 D:0)
[2019.03.12-05.40.35:221][  0]LogWindows:    3. 'NVIDIA GeForce GTX 1060' (P:0 D:0)
[2019.03.12-05.40.35:222][  0]LogWindows: DebugString: PrimaryIsNotTheChoosenAdapter PrimaryIsNotTheChoosenAdapter PrimaryIsNotTheChoosenAdapter 
[2019.03.12-05.40.35:222][  0]LogD3D11RHI:     Adapter Name: NVIDIA GeForce GTX 1060
[2019.03.12-05.40.35:222][  0]LogD3D11RHI:   Driver Version: 388.73 (internal:23.21.13.8873, unified:388.73)
[2019.03.12-05.40.35:222][  0]LogD3D11RHI:      Driver Date: 12-18-2017
[2019.03.12-05.40.35:222][  0]LogRHI: Texture pool is 4242 MB (70% of 6061 MB)
[2019.03.12-05.40.35:261][  0]LogD3D11RHI: Async texture creation enabled
[2019.03.12-05.40.35:281][  0]LogD3D11RHI: GPU Timing Frequency: 1000.000000 (Debug: 2 1)
[2019.03.12-05.40.35:283][  0]LogShaderCompilers: Guid format shader working directory is 17 characters bigger than the processId version (../../../../../../GoTLegends/GoTLegends/Intermediate/Shaders/WorkingDirectory/10024/).
[2019.03.12-05.40.35:283][  0]LogShaderCompilers: Cleaned the shader compiler working directory 'C:/Users/Archlich Studios/AppData/Local/Temp/UnrealShaderWorkingDir/5324E7F9455F741D57AC029364A35DD3/'.
[2019.03.12-05.40.35:811][  0]LogTemp: Display: Loaded TP AllDesktopTargetPlatform
[2019.03.12-05.40.35:841][  0]LogTemp: Display: Loaded TP MacClientTargetPlatform
[2019.03.12-05.40.35:866][  0]LogTemp: Display: Loaded TP MacNoEditorTargetPlatform
[2019.03.12-05.40.35:892][  0]LogTemp: Display: Loaded TP MacServerTargetPlatform
[2019.03.12-05.40.35:926][  0]LogTemp: Display: Loaded TP MacTargetPlatform
[2019.03.12-05.40.35:953][  0]LogTemp: Display: Loaded TP WindowsClientTargetPlatform
[2019.03.12-05.40.35:978][  0]LogTemp: Display: Loaded TP WindowsNoEditorTargetPlatform
[2019.03.12-05.40.35:998][  0]LogTemp: Display: Loaded TP WindowsServerTargetPlatform
[2019.03.12-05.40.36:017][  0]LogTemp: Display: Loaded TP WindowsTargetPlatform
[2019.03.12-05.40.36:152][  0]LogTemp: Display: Loaded TP AndroidTargetPlatform
[2019.03.12-05.40.36:152][  0]LogTemp: Display: Loaded TP AndroidTargetPlatform
[2019.03.12-05.40.36:152][  0]LogTemp: Display: Loaded TP AndroidTargetPlatform
[2019.03.12-05.40.36:152][  0]LogTemp: Display: Loaded TP AndroidTargetPlatform
[2019.03.12-05.40.36:152][  0]LogTemp: Display: Loaded TP AndroidTargetPlatform
[2019.03.12-05.40.36:152][  0]LogTemp: Display: Loaded TP AndroidTargetPlatform
[2019.03.12-05.40.36:152][  0]LogTemp: Display: Loaded TP AndroidTargetPlatform
[2019.03.12-05.40.36:152][  0]LogTemp: Display: Loaded TP AndroidTargetPlatform
[2019.03.12-05.40.36:152][  0]LogTemp: Display: Loaded TP AndroidTargetPlatform
[2019.03.12-05.40.36:152][  0]LogTemp: Display: Loaded TP AndroidTargetPlatform
[2019.03.12-05.40.36:152][  0]LogTemp: Display: Loaded TP AndroidTargetPlatform
[2019.03.12-05.40.36:152][  0]LogTemp: Display: Loaded TP AndroidTargetPlatform
[2019.03.12-05.40.36:152][  0]LogTemp: Display: Loaded TP AndroidTargetPlatform
[2019.03.12-05.40.36:152][  0]LogTemp: Display: Loaded TP AndroidTargetPlatform
[2019.03.12-05.40.36:152][  0]LogTemp: Display: Loaded TP AndroidTargetPlatform
[2019.03.12-05.40.36:152][  0]LogTemp: Display: Loaded TP AndroidTargetPlatform
[2019.03.12-05.40.36:153][  0]LogTemp: Display: Loaded TP AndroidTargetPlatform
[2019.03.12-05.40.36:153][  0]LogTemp: Display: Loaded TP AndroidTargetPlatform
[2019.03.12-05.40.36:178][  0]LogTemp: Display: Loaded TP HTML5TargetPlatform
[2019.03.12-05.40.36:282][  0]LogTemp: Display: Loaded TP IOSTargetPlatform
[2019.03.12-05.40.36:282][  0]LogTemp: Display: Loaded TP IOSTargetPlatform
[2019.03.12-05.40.36:325][  0]LogTemp: Display: Loaded TP TVOSTargetPlatform
[2019.03.12-05.40.36:326][  0]LogTemp: Display: Loaded TP TVOSTargetPlatform
[2019.03.12-05.40.36:350][  0]LogTemp: Display: Loaded TP LinuxClientTargetPlatform
[2019.03.12-05.40.36:370][  0]LogTemp: Display: Loaded TP LinuxNoEditorTargetPlatform
[2019.03.12-05.40.36:390][  0]LogTemp: Display: Loaded TP LinuxServerTargetPlatform
[2019.03.12-05.40.36:421][  0]LogTemp: Display: Loaded TP LinuxTargetPlatform
[2019.03.12-05.40.36:448][  0]LogTemp: Display: Loaded TP LuminTargetPlatform
[2019.03.12-05.40.36:448][  0]LogTargetPlatformManager: Display: Building Assets For Windows
[2019.03.12-05.40.36:808][  0]LogXGEController: Cannot use XGE Controller as Incredibuild is not installed on this machine.
[2019.03.12-05.40.36:808][  0]LogShaderCompilers: Cannot use XGE Shader Compiler as Incredibuild is not installed on this machine.
[2019.03.12-05.40.36:808][  0]LogShaderCompilers: Display: Using Local Shader Compiler.
[2019.03.12-05.40.38:364][  0]LogDerivedDataCache: Display: Max Cache Size: 512 MB
[2019.03.12-05.40.38:543][  0]LogDerivedDataCache: Loaded boot cache 0.18s 71MB C:/Users/Archlich Studios/AppData/Local/UnrealEngine/4.20/DerivedDataCache/Boot.ddc.
[2019.03.12-05.40.38:543][  0]LogDerivedDataCache: Display: Loaded Boot cache: C:/Users/Archlich Studios/AppData/Local/UnrealEngine/4.20/DerivedDataCache/Boot.ddc
[2019.03.12-05.40.38:543][  0]LogDerivedDataCache: FDerivedDataBackendGraph:  Pak pak cache file ../../../../../../GoTLegends/GoTLegends/DerivedDataCache/DDC.ddp not found, will not use a pak cache.
[2019.03.12-05.40.38:543][  0]LogDerivedDataCache: Unable to find inner node Pak for hierarchical cache Hierarchy.
[2019.03.12-05.40.38:543][  0]LogDerivedDataCache: FDerivedDataBackendGraph:  CompressedPak pak cache file ../../../../../../GoTLegends/GoTLegends/DerivedDataCache/Compressed.ddp not found, will not use a pak cache.
[2019.03.12-05.40.38:543][  0]LogDerivedDataCache: Unable to find inner node CompressedPak for hierarchical cache Hierarchy.
[2019.03.12-05.40.38:583][  0]LogDerivedDataCache: Display: Pak cache opened for reading ../../../Engine/DerivedDataCache/Compressed.ddp.
[2019.03.12-05.40.38:596][  0]LogDerivedDataCache: Using Local data cache path C:/Users/Archlich Studios/AppData/Local/UnrealEngine/Common/DerivedDataCache: Writable
[2019.03.12-05.40.38:596][  0]LogDerivedDataCache: Shared data cache path not found in *engine.ini, will not use an Shared cache.
[2019.03.12-05.40.38:596][  0]LogDerivedDataCache: Unable to find inner node Shared for hierarchical cache Hierarchy.
[2019.03.12-05.40.38:622][  0]LogMaterial: Verifying Global Shaders for PCD3D_SM5
[2019.03.12-05.40.38:624][  0]LogSlate: Using FreeType 2.6.0
[2019.03.12-05.40.38:643][  0]LogSlate: SlateFontServices - WITH_FREETYPE: 1, WITH_HARFBUZZ: 1
[2019.03.12-05.40.38:969][  0]LogAssetRegistry: FAssetRegistry took 0.0282 seconds to start up
[2019.03.12-05.40.39:449][  0]LogInit: Selected Device Profile: [Windows]
[2019.03.12-05.40.40:045][  0]LogSimplygon: Simplygon DLL not present - disabling.
[2019.03.12-05.40.40:126][  0]LogMeshReduction: Using SimplygonSwarm for distributed automatic mesh merging
[2019.03.12-05.40.40:126][  0]LogMeshReduction: Using ProxyLODMeshReduction for automatic mesh merging
[2019.03.12-05.40.40:126][  0]LogMeshReduction: Using QuadricMeshReduction for automatic static mesh reduction
[2019.03.12-05.40.40:126][  0]LogMeshReduction: No automatic skeletal mesh reduction module available
[2019.03.12-05.40.40:152][  0]LogNetVersion: GoTLegends 1.0.0, NetCL: 4212847, EngineNetVer: 5, GameNetVer: 0 (Checksum: 3235657948)
[2019.03.12-05.40.40:876][  0]LogPackageLocalizationCache: Processed 12 localized package path(s) for 2 prioritized culture(s) in 0.111121 seconds
[2019.03.12-05.40.40:884][  0]LogUObjectArray: 38425 objects as part of root set at end of initial load.
[2019.03.12-05.40.40:884][  0]LogUObjectAllocator: 6690872 out of 0 bytes used by permanent object pool.
[2019.03.12-05.40.40:884][  0]LogUObjectArray: CloseDisregardForGC: 0/0 objects in disregard for GC pool
[2019.03.12-05.40.47:370][  0]UGameSparksModuleLog: Warning: GameSparks::StartupModule
[2019.03.12-05.40.47:396][  0]LogTcpMessaging: Initializing TcpMessaging bridge
[2019.03.12-05.40.47:428][  0]LogUdpMessaging: Initializing bridge on interface 0.0.0.0:0 to multicast group 230.0.0.1:6666.
[2019.03.12-05.40.47:868][  0]SourceControl: Source control is disabled
[2019.03.12-05.40.47:868][  0]SourceControl: Source control is disabled
[2019.03.12-05.40.47:901][  0]SourceControl: Source control is disabled
[2019.03.12-05.40.47:912][  0]SourceControl: Source control is disabled
[2019.03.12-05.40.48:621][  0]LogAndroidPermission: UAndroidPermissionCallbackProxy::GetInstance
[2019.03.12-05.40.48:730][  0]LogOcInput: OculusInput pre-init called
[2019.03.12-05.40.48:898][  0]LogEngine: Initializing Engine...
[2019.03.12-05.40.48:899][  0]LogHMD: Failed to initialize OpenVR with code 110
[2019.03.12-05.40.48:901][  0]LogStats: UGameplayTagsManager::ConstructGameplayTagTree: ImportINI prefixes -  0.000 s
[2019.03.12-05.40.48:901][  0]LogStats: UGameplayTagsManager::ConstructGameplayTagTree: Construct from data asset -  0.000 s
[2019.03.12-05.40.48:901][  0]LogStats: UGameplayTagsManager::ConstructGameplayTagTree: ImportINI -  0.000 s
[2019.03.12-05.40.48:901][  0]LogStats: UGameplayTagsManager::ConstructGameplayTagTree: GameplayTagTreeChangedEvent.Broadcast -  0.000 s
[2019.03.12-05.40.49:172][  0]LogInit: Initializing FReadOnlyCVARCache
[2019.03.12-05.40.49:244][  0]LogAIModule: Creating AISystem for world Untitled
[2019.03.12-05.40.49:252][  0]LogInit: XAudio2 using 'Speakers (Realtek High Definition Audio)' : 2 channels at 48 kHz using 32 bits per sample (channel mask 0x3)
[2019.03.12-05.40.49:276][  0]LogInit: FAudioDevice initialized.
[2019.03.12-05.40.49:276][  0]LogNetVersion: Set ProjectVersion to 1.0.0.0. Version Checksum will be recalculated on next use.
[2019.03.12-05.40.49:340][  0]LogDerivedDataCache: Saved boot cache 0.06s 71MB C:/Users/Archlich Studios/AppData/Local/UnrealEngine/4.20/DerivedDataCache/Boot.ddc.
[2019.03.12-05.40.49:340][  0]LogInit: Texture streaming: Enabled
[2019.03.12-05.40.49:397][  0]LogEngineSessionManager: EngineSessionManager initialized
[2019.03.12-05.40.49:452][  0]LogInit: Transaction tracking system initialized
[2019.03.12-05.40.49:825][  0]BlueprintLog: New page: Editor Load
[2019.03.12-05.40.50:278][  0]LocalizationService: Localization service is disabled
[2019.03.12-05.40.51:108][  0]LogCook: Display: Max memory allowance for cook 16384mb min free memory 0mb
[2019.03.12-05.40.51:109][  0]LogCook: Display: Mobile HDR setting 1
[2019.03.12-05.40.51:109][  0]LogGameplayTags: Display: UGameplayTagsManager::DoneAddingNativeTags. DelegateIsBound: 0
[2019.03.12-05.40.51:109][  0]LogStats: UGameplayTagsManager::ConstructGameplayTagTree: ImportINI prefixes -  0.000 s
[2019.03.12-05.40.51:109][  0]LogStats: UGameplayTagsManager::ConstructGameplayTagTree: Construct from data asset -  0.000 s
[2019.03.12-05.40.51:109][  0]LogStats: UGameplayTagsManager::ConstructGameplayTagTree: ImportINI -  0.000 s
[2019.03.12-05.40.51:109][  0]LogStats: UGameplayTagsManager::ConstructGameplayTagTree: GameplayTagTreeChangedEvent.Broadcast -  0.000 s
[2019.03.12-05.40.51:232][  0]LogFileCache: Scanning file cache for directory 'D:/GoTLegends/GoTLegends/Content/' took 0.01s
[2019.03.12-05.40.51:823][  0]SourceControl: Source control is disabled
[2019.03.12-05.40.51:823][  0]Cmd: MAP LOAD FILE="../../../../../../GoTLegends/GoTLegends/Content/Core/Maps/TopDownExampleMap.umap" TEMPLATE=0 SHOWPROGRESS=1 FEATURELEVEL=3
[2019.03.12-05.40.51:824][  0]LightingResults: New page: Lighting Build
[2019.03.12-05.40.51:840][  0]MapCheck: New page: Map Check
[2019.03.12-05.40.51:840][  0]LightingResults: New page: Lighting Build
[2019.03.12-05.40.53:448][  0]LogTexture: Display: Building textures: BackgroundImage (BGRA8, 2560X1565)
[2019.03.12-05.40.53:493][  0]LogAIModule: Creating AISystem for world TopDownExampleMap
[2019.03.12-05.40.53:552][  0]LogEditorServer: Finished looking for orphan Actors (0.000 secs)
[2019.03.12-05.40.53:648][  0]Cmd: MAP CHECKDEP NOCLEARLOG
[2019.03.12-05.40.53:734][  0]MapCheck: Map check complete: 0 Error(s), 0 Warning(s), took 86.018ms to complete.
[2019.03.12-05.40.53:734][  0]LogFileHelpers: Loading map 'TopDownExampleMap' took 1.911
[2019.03.12-05.40.53:899][  0]LogSlate: Updating window title bar state: overlay mode, drag disabled, window buttons hidden, title bar hidden
[2019.03.12-05.40.53:909][  0]LogSlate: Updating window title bar state: overlay mode, drag disabled, window buttons hidden, title bar hidden
[2019.03.12-05.40.53:920][  0]LogSlate: Updating window title bar state: overlay mode, drag disabled, window buttons hidden, title bar hidden
[2019.03.12-05.40.53:931][  0]LogSlate: Updating window title bar state: overlay mode, drag disabled, window buttons hidden, title bar hidden
[2019.03.12-05.40.53:952][  0]LogCollectionManager: Loaded 0 collections in 0.001141 seconds
[2019.03.12-05.40.54:025][  0]LogFileCache: Scanning file cache for directory 'D:/GoTLegends/GoTLegends/Saved/Collections/' took 0.01s
[2019.03.12-05.40.54:025][  0]LogFileCache: Scanning file cache for directory 'D:/GoTLegends/GoTLegends/Content/Developers/ArchlichStudios/Collections/' took 0.01s
[2019.03.12-05.40.54:025][  0]LogFileCache: Scanning file cache for directory 'D:/GoTLegends/GoTLegends/Content/Collections/' took 0.01s
[2019.03.12-05.40.54:025][  0]LogCollectionManager: Rebuilt the GUID cache for 0 collections in 0.000000 seconds
[2019.03.12-05.40.54:057][  0]LogContentBrowser: Native class hierarchy populated in 0.0308 seconds. Added 2672 classes and 607 folders.
[2019.03.12-05.40.54:083][  0]LogContentBrowser: Native class hierarchy updated for 'WidgetCarousel' in 0.0005 seconds. Added 0 classes and 0 folders.
[2019.03.12-05.40.54:796][  0]LogContentBrowser: Native class hierarchy updated for 'AddContentDialog' in 0.0004 seconds. Added 0 classes and 0 folders.
[2019.03.12-05.40.54:823][  0]LogContentBrowser: Native class hierarchy updated for 'SceneOutliner' in 0.0004 seconds. Added 1 classes and 2 folders.
[2019.03.12-05.40.54:878][  0]LogSlate: Took 0.015793 seconds to synchronously load lazily loaded font '../../../Engine/Content/Slate/Fonts/Roboto-Regular.ttf' (155K)
[2019.03.12-05.40.54:903][  0]LogSlate: Took 0.021881 seconds to synchronously load lazily loaded font '../../../Engine/Content/Slate/Fonts/Roboto-Bold.ttf' (160K)
[2019.03.12-05.40.54:919][  0]LogSlate: Took 0.008987 seconds to synchronously load lazily loaded font '../../../Engine/Content/Editor/Slate/Fonts/FontAwesome.ttf' (139K)
[2019.03.12-05.40.55:046][  0]LogRenderer: Reallocating scene render targets to support 964x436 Format 10 NumSamples 1 (Frame:1).
[2019.03.12-05.40.55:265][  0]LogContentBrowser: Native class hierarchy updated for 'HierarchicalLODOutliner' in 0.0004 seconds. Added 0 classes and 0 folders.
[2019.03.12-05.40.55:265][  0]LogLoad: (Engine Initialization) Total time: 29.21 seconds
[2019.03.12-05.40.55:265][  0]LogLoad: (Engine Initialization) Total Blueprint compile time: 0.00 seconds
[2019.03.12-05.40.55:320][  0]LogContentStreaming: Texture pool size now 1000 MB
[2019.03.12-05.40.55:522][  0]LogSlate: Took 0.002635 seconds to synchronously load lazily loaded font '../../../Engine/Content/Slate/Fonts/Roboto-Light.ttf' (167K)
[2019.03.12-05.40.55:569][  1]LogAssetRegistry: Asset discovery search completed in 16.6224 seconds
[2019.03.12-05.40.55:572][  1]LogCollectionManager: Rebuilt the object cache for 0 collections in 0.000000 seconds (found 0 objects)
[2019.03.12-05.40.55:572][  1]LogCollectionManager: Fixed up redirectors for 0 collections in 0.000065 seconds (updated 0 objects)
[2019.03.12-05.40.56:433][ 16]LogSlate: Took 0.000367 seconds to synchronously load lazily loaded font '../../../Engine/Content/Slate/Fonts/Roboto-Light.ttf' (167K)
[2019.03.12-05.40.58:855][ 59]LogSlate: FSceneViewport::OnFocusLost() reason 0
[2019.03.12-05.40.58:995][ 62]LogTemp: Repeating last play command: Selected Viewport
[2019.03.12-05.40.59:012][ 62]LogBlueprintUserMessages: Early PlayInEditor Detection: Level '/Game/Core/Maps/TopDownExampleMap.TopDownExampleMap:PersistentLevel' has LevelScriptBlueprint '/Game/Core/Maps/TopDownExampleMap.TopDownExampleMap:PersistentLevel.TopDownExampleMap' with GeneratedClass '/Game/Core/Maps/TopDownExampleMap.TopDownExampleMap_C' with ClassGeneratedBy '/Game/Core/Maps/TopDownExampleMap.TopDownExampleMap:PersistentLevel.TopDownExampleMap'
[2019.03.12-05.40.59:012][ 62]LogPlayLevel: PlayLevel: No blueprints needed recompiling
[2019.03.12-05.40.59:025][ 62]PIE: New page: PIE session: TopDownExampleMap (Mar 11, 2019, 9:40:59 PM)
[2019.03.12-05.40.59:026][ 62]LogPlayLevel: Creating play world package: /Game/Core/Maps/UEDPIE_0_TopDownExampleMap
[2019.03.12-05.40.59:053][ 62]LogPlayLevel: PIE: StaticDuplicateObject took: (0.027623s)
[2019.03.12-05.40.59:054][ 62]LogAIModule: Creating AISystem for world TopDownExampleMap
[2019.03.12-05.40.59:054][ 62]LogPlayLevel: PIE: World Init took: (0.001138s)
[2019.03.12-05.40.59:055][ 62]LogPlayLevel: PIE: Created PIE world by copying editor world from /Game/Core/Maps/TopDownExampleMap.TopDownExampleMap to /Game/Core/Maps/UEDPIE_0_TopDownExampleMap.TopDownExampleMap (0.029066s)
[2019.03.12-05.40.59:099][ 62]LogInit: XAudio2 using 'Speakers (Realtek High Definition Audio)' : 2 channels at 48 kHz using 32 bits per sample (channel mask 0x3)
[2019.03.12-05.40.59:118][ 62]LogInit: FAudioDevice initialized.
[2019.03.12-05.40.59:165][ 62]LogLoad: Game class is 'GOTGameMode_C'
[2019.03.12-05.40.59:169][ 62]LogWorld: Bringing World /Game/Core/Maps/UEDPIE_0_TopDownExampleMap.TopDownExampleMap up for play (max tick rate 60) at 2019.03.12-01.40.59
[2019.03.12-05.40.59:169][ 62]LogWorld: Bringing up level for play took: 0.002253
[2019.03.12-05.40.59:298][ 62]LogContentBrowser: Native class hierarchy updated for 'MovieSceneCapture' in 0.0005 seconds. Added 10 classes and 0 folders.
[2019.03.12-05.40.59:335][ 62]UGameSparksModuleLog: Warning: GameSparks::Initialize
[2019.03.12-05.40.59:378][ 62]UGameSparksModuleLog: Initialized
[2019.03.12-05.40.59:436][ 62]PIE: Play in editor start time for /Game/Core/Maps/UEDPIE_0_TopDownExampleMap 0.779
[2019.03.12-05.40.59:437][ 62]LogBlueprintUserMessages: Late PlayInEditor Detection: Level '/Game/Core/Maps/TopDownExampleMap.TopDownExampleMap:PersistentLevel' has LevelScriptBlueprint '/Game/Core/Maps/TopDownExampleMap.TopDownExampleMap:PersistentLevel.TopDownExampleMap' with GeneratedClass '/Game/Core/Maps/TopDownExampleMap.TopDownExampleMap_C' with ClassGeneratedBy '/Game/Core/Maps/TopDownExampleMap.TopDownExampleMap:PersistentLevel.TopDownExampleMap'
[2019.03.12-05.41.00:105][ 82]UGameSparksModuleLog: WebSocket callback: {"@class": ".AuthenticatedConnectResponse","connectUrl": "wss://gsp-auw000-se02.gamesparks.net/ws/device/p378145LFUDz","requestId": "0"}
[2019.03.12-05.41.00:105][ 82]UGameSparksModuleLog: Received new connection url from gamesparks backend. Establishing new connection now.
[2019.03.12-05.41.00:105][ 82]UGameSparksModuleLog: Create new connection
[2019.03.12-05.41.00:107][ 82]UGameSparksModuleLog: Handle authentication connect response with immediate handshake
[2019.03.12-05.41.00:107][ 82]UGameSparksModuleLog: Connection stopped, deleting it
[2019.03.12-05.41.00:107][ 82]UGameSparksModuleLog: WebSocket closed
[2019.03.12-05.41.00:838][104]UGameSparksModuleLog: WebSocket callback: {"@class":".AuthenticatedConnectResponse","nonce":"dbf29c12-bf9a-490e-b731-46be10dd28b4","requestId":"0"}
[2019.03.12-05.41.00:838][104]UGameSparksModuleLog: Handle authentication connect response with immediate handshake
[2019.03.12-05.41.00:847][104]UGameSparksModuleLog: Send immediate request: {
	"@class":	".AuthenticatedConnectRequest",
	"hmac":	"YLUH3FYZpYnSmj4qtiB6NMIamTmcijCbhGNIVB+4dS8=",
	"os":	"Windows",
	"platform":	"Windows",
	"deviceId":	"10c8b76bc0af36bde70500ccd4bde996",
	"deviceStats":	{
		"cpu.cores":	"12",
		"cpu.vendor":	"Intel(R) Core(TM) i7-8750H CPU @ 2.20GHz",
		"engine":	"Unreal Engine",
		"engine.version":	"4.20.0",
		"manufacturer":	"Microsoft",
		"memory":	"16226 MB",
		"model":	"PC",
		"os.name":	"Windows",
		"os.version":	"10.0.16299.431",
		"os.version.major":	"10",
		"os.version.major.minor":	"10.0",
		"resolution":	"1920x1080",
		"gssdk":	"1.1.23.0"
	},
	"authToken":	"8fc0eecf-f5ab-4f6a-924d-466bebddd1d5"
}
[2019.03.12-05.41.00:847][104]UGameSparksModuleLog: Handshake request sent
[2019.03.12-05.41.00:971][108]UGameSparksModuleLog: WebSocket callback: {"@class":".AuthenticatedConnectResponse","authToken":"7a8489ed-cf22-4003-8dae-18560d7d680a","requestId":"0","sessionId":"dbf29c12-bf9a-490e-b731-46be10dd28b4","userId":"5c7a2481e55a4b0529684f68"}
[2019.03.12-05.41.00:971][108]UGameSparksModuleLog: Received auth token
[2019.03.12-05.41.00:973][108]UGameSparksModuleLog: Handle authentication connect response with immediate handshake
[2019.03.12-05.41.00:973][108]UGameSparksModuleLog: Warning: GameSparks::GameSparksAvailable_Static
[2019.03.12-05.41.00:982][108]LogBlueprintUserMessages: [GOTGameMode_C_0] Server Status: Available
[2019.03.12-05.41.11:331][416]UGameSparksModuleLog: Send immediate request: {
	"@class":	".AuthenticationRequest",
	"password":	"Sweeps0508",
	"userName":	"tonymorgan92",
	"requestId":	"1552369271_0"
}
[2019.03.12-05.41.11:461][422]UGameSparksModuleLog: WebSocket callback: {"@class":".AuthenticationResponse","authToken":"921396d2-cccd-4a33-b1ba-4438da5c8b33","displayName":"tonymorgan92","newPlayer":false,"requestId":"1552369271_0","userId":"5c7a2481e55a4b0529684f68"}
[2019.03.12-05.41.11:461][422]UGameSparksModuleLog: Received auth token
[2019.03.12-05.41.11:479][422]LogBlueprintUserMessages: [GameSparksLogin_C_0] Welcome back tonymorgan92
[2019.03.12-05.41.16:415][564]Cmd: LevelEditor.ToggleImmersive
[2019.03.12-05.41.16:710][565]LogRenderer: Reallocating scene render targets to support 1540x828 Format 10 NumSamples 1 (Frame:503).
[2019.03.12-05.41.16:712][565]LogSlate: FSceneViewport::OnFocusLost() reason 2
[2019.03.12-05.41.40:568][281]LogSlate: FSceneViewport::OnFocusLost() reason 0
[2019.03.12-05.42.11:835][219]Cmd: LevelEditor.ToggleImmersive
[2019.03.12-05.42.12:065][223]LogSlate: FSceneViewport::OnFocusLost() reason 2
[2019.03.12-05.42.12:322][232]Cmd: LevelEditor.ToggleImmersive
[2019.03.12-05.42.12:511][235]LogSlate: FSceneViewport::OnFocusLost() reason 2
[2019.03.12-05.42.31:169][796]LogSlate: FSceneViewport::OnFocusLost() reason 0
[2019.03.12-05.42.34:704][902]LogBlueprintUserMessages: Early EndPlayMap Detection: Level '/Game/Core/Maps/TopDownExampleMap.TopDownExampleMap:PersistentLevel' has LevelScriptBlueprint '/Game/Core/Maps/TopDownExampleMap.TopDownExampleMap:PersistentLevel.TopDownExampleMap' with GeneratedClass '/Game/Core/Maps/TopDownExampleMap.TopDownExampleMap_C' with ClassGeneratedBy '/Game/Core/Maps/TopDownExampleMap.TopDownExampleMap:PersistentLevel.TopDownExampleMap'
[2019.03.12-05.42.34:704][902]LogSlate: Updating window title bar state: overlay mode, drag disabled, window buttons hidden, title bar hidden
[2019.03.12-05.42.34:821][902]LogPlayLevel: Display: Shutting down PIE online subsystems
[2019.03.12-05.42.34:822][902]LogBlueprintUserMessages: Late EndPlayMap Detection: Level '/Game/Core/Maps/TopDownExampleMap.TopDownExampleMap:PersistentLevel' has LevelScriptBlueprint '/Game/Core/Maps/TopDownExampleMap.TopDownExampleMap:PersistentLevel.TopDownExampleMap' with GeneratedClass '/Game/Core/Maps/TopDownExampleMap.TopDownExampleMap_C' with ClassGeneratedBy '/Game/Core/Maps/TopDownExampleMap.TopDownExampleMap:PersistentLevel.TopDownExampleMap'
[2019.03.12-05.42.34:864][902]LogSlate: Updating window title bar state: overlay mode, drag disabled, window buttons hidden, title bar hidden
[2019.03.12-05.42.34:874][903]LogPlayLevel: Display: Destroying online subsystem :Context_1
[2019.03.12-05.42.37:844][990]LogSlate: FSceneViewport::OnFocusLost() reason 0
[2019.03.12-05.42.38:110][993]LogSlate: Window 'GoTLegends - Unreal Editor' being destroyed
[2019.03.12-05.42.38:111][993]LogWindowsTextInputMethodSystem: Display: IME system now deactivated.
[2019.03.12-05.42.38:115][993]LogWindowsTextInputMethodSystem: Display: IME system now deactivated.
[2019.03.12-05.42.38:363][994]Cmd: QUIT_EDITOR
[2019.03.12-05.42.39:076][994]LogExit: Preparing to exit.
[2019.03.12-05.42.39:776][994]LogExit: Editor shut down
[2019.03.12-05.42.39:776][994]LogExit: Transaction tracking system shut down
[2019.03.12-05.42.40:781][994]LogExit: Object subsystem successfully closed.
[2019.03.12-05.42.40:944][994]LogShaderCompilers: Display: Shaders left to compile 0
[2019.03.12-05.42.40:967][994]LogD3D11RHI: Shutdown
[2019.03.12-05.42.40:967][994]LogD3D11RHI: CleanupD3DDevice
[2019.03.12-05.42.41:007][994]LogD3D11RHI: ~FD3D11DynamicRHI
[2019.03.12-05.42.41:826][994]LogModuleManager: Shutting down and abandoning module MovieSceneCapture (620)
[2019.03.12-05.42.41:826][994]LogModuleManager: Shutting down and abandoning module Voice (618)
[2019.03.12-05.42.41:833][994]LogModuleManager: Shutting down and abandoning module HierarchicalLODOutliner (616)
[2019.03.12-05.42.41:833][994]LogModuleManager: Shutting down and abandoning module SceneOutliner (614)
[2019.03.12-05.42.41:833][994]LogModuleManager: Shutting down and abandoning module AddContentDialog (612)
[2019.03.12-05.42.41:848][994]LogModuleManager: Shutting down and abandoning module WidgetCarousel (611)
[2019.03.12-05.42.41:848][994]LogModuleManager: Shutting down and abandoning module EditorWidgets (608)
[2019.03.12-05.42.41:848][994]LogModuleManager: Shutting down and abandoning module CollectionManager (606)
[2019.03.12-05.42.41:858][994]LogModuleManager: Shutting down and abandoning module StatsViewer (604)
[2019.03.12-05.42.41:866][994]LogModuleManager: Shutting down and abandoning module FoliageEdit (602)
[2019.03.12-05.42.41:867][994]LogModuleManager: Shutting down and abandoning module LandscapeEditor (600)
[2019.03.12-05.42.41:869][994]LogModuleManager: Shutting down and abandoning module MeshPaintMode (598)
[2019.03.12-05.42.41:870][994]LogModuleManager: Shutting down and abandoning module SceneDepthPickerMode (596)
[2019.03.12-05.42.41:870][994]LogModuleManager: Shutting down and abandoning module ActorPickerMode (594)
[2019.03.12-05.42.41:870][994]LogModuleManager: Shutting down and abandoning module GeometryMode (592)
[2019.03.12-05.42.41:870][994]LogModuleManager: Shutting down and abandoning module TextureAlignMode (590)
[2019.03.12-05.42.41:870][994]LogModuleManager: Shutting down and abandoning module BspMode (588)
[2019.03.12-05.42.41:870][994]LogModuleManager: Shutting down and abandoning module PIEPreviewDeviceProfileSelector (586)
[2019.03.12-05.42.41:870][994]LogModuleManager: Shutting down and abandoning module SequenceRecorderSections (584)
[2019.03.12-05.42.41:870][994]LogModuleManager: Shutting down and abandoning module AutomationWorker (582)
[2019.03.12-05.42.41:870][994]LogModuleManager: Shutting down and abandoning module AudioCaptureEditor (580)
[2019.03.12-05.42.41:870][994]LogModuleManager: Shutting down and abandoning module SequenceRecorder (579)
[2019.03.12-05.42.41:871][994]LogModuleManager: Shutting down and abandoning module MatineeToLevelSequence (576)
[2019.03.12-05.42.41:885][994]LogModuleManager: Shutting down and abandoning module LevelSequenceEditor (574)
[2019.03.12-05.42.41:901][994]LogModuleManager: Shutting down and abandoning module PlacementMode (573)
[2019.03.12-05.42.41:901][994]LogModuleManager: Shutting down and abandoning module MaterialEditor (572)
[2019.03.12-05.42.41:922][994]LogModuleManager: Shutting down and abandoning module WmfMediaFactory (568)
[2019.03.12-05.42.41:922][994]LogModuleManager: Shutting down and abandoning module WmfMediaEditor (566)
[2019.03.12-05.42.41:922][994]LogModuleManager: Shutting down and abandoning module MediaPlayerEditor (564)
[2019.03.12-05.42.41:937][994]LogModuleManager: Shutting down and abandoning module OpenExrWrapper (562)
[2019.03.12-05.42.41:937][994]LogModuleManager: Shutting down and abandoning module ImgMediaFactory (560)
[2019.03.12-05.42.41:937][994]LogModuleManager: Shutting down and abandoning module ImgMediaEditor (558)
[2019.03.12-05.42.41:937][994]LogModuleManager: Shutting down and abandoning module AvfMediaFactory (556)
[2019.03.12-05.42.41:937][994]LogModuleManager: Shutting down and abandoning module AvfMediaEditor (554)
[2019.03.12-05.42.41:937][994]LogModuleManager: Shutting down and abandoning module AndroidMediaFactory (552)
[2019.03.12-05.42.41:937][994]LogModuleManager: Shutting down and abandoning module AndroidMediaEditor (550)
[2019.03.12-05.42.41:937][994]LogModuleManager: Shutting down and abandoning module MagicLeapCameraPreviewFactory (548)
[2019.03.12-05.42.41:937][994]LogModuleManager: Shutting down and abandoning module MagicLeapMediaFactory (546)
[2019.03.12-05.42.41:937][994]LogModuleManager: Shutting down and abandoning module MagicLeapMediaEditor (544)
[2019.03.12-05.42.41:937][994]LogModuleManager: Shutting down and abandoning module CharacterAI (542)
[2019.03.12-05.42.41:937][994]LogModuleManager: Shutting down and abandoning module SmartSnapping (540)
[2019.03.12-05.42.41:937][994]LogModuleManager: Shutting down and abandoning module SessionServices (538)
[2019.03.12-05.42.41:937][994]LogModuleManager: Shutting down and abandoning module ViewportSnapping (536)
[2019.03.12-05.42.41:937][994]LogModuleManager: Shutting down and abandoning module ViewportInteraction (534)
[2019.03.12-05.42.41:938][994]LogModuleManager: Shutting down and abandoning module ClothPainter (532)
[2019.03.12-05.42.41:955][994]LogModuleManager: Shutting down and abandoning module SkeletalMeshEditor (531)
[2019.03.12-05.42.41:968][994]LogModuleManager: Shutting down and abandoning module LogVisualizer (528)
[2019.03.12-05.42.41:970][994]LogModuleManager: Shutting down and abandoning module IntroTutorials (526)
[2019.03.12-05.42.41:988][994]LogModuleManager: Shutting down and abandoning module GameProjectGeneration (525)
[2019.03.12-05.42.41:989][994]LogModuleManager: Shutting down and abandoning module LuminPlatformEditor (522)
[2019.03.12-05.42.41:989][994]LogModuleManager: Shutting down and abandoning module IOSPlatformEditor (520)
[2019.03.12-05.42.41:989][994]LogModuleManager: Shutting down and abandoning module HTML5PlatformEditor (518)
[2019.03.12-05.42.41:989][994]LogModuleManager: Shutting down and abandoning module AndroidPlatformEditor (516)
[2019.03.12-05.42.41:989][994]LogModuleManager: Shutting down and abandoning module AndroidDeviceDetection (515)
[2019.03.12-05.42.42:486][994]LogModuleManager: Shutting down and abandoning module WindowsPlatformEditor (512)
[2019.03.12-05.42.42:486][994]LogModuleManager: Shutting down and abandoning module LuminRuntimeSettings (510)
[2019.03.12-05.42.42:486][994]LogModuleManager: Shutting down and abandoning module IOSRuntimeSettings (508)
[2019.03.12-05.42.42:486][994]LogModuleManager: Shutting down and abandoning module AndroidRuntimeSettings (506)
[2019.03.12-05.42.42:486][994]LogModuleManager: Shutting down and abandoning module InputBindingEditor (504)
[2019.03.12-05.42.42:487][994]LogModuleManager: Shutting down and abandoning module MergeActors (502)
[2019.03.12-05.42.42:513][994]LogModuleManager: Shutting down and abandoning module LocalizationDashboard (500)
[2019.03.12-05.42.42:515][994]LogModuleManager: Shutting down and abandoning module LocalizationService (499)
[2019.03.12-05.42.42:515][994]LogModuleManager: Shutting down and abandoning module HardwareTargeting (496)
[2019.03.12-05.42.42:515][994]LogModuleManager: Shutting down and abandoning module DeviceProfileEditor (494)
[2019.03.12-05.42.42:515][994]LogModuleManager: Shutting down and abandoning module UndoHistory (492)
[2019.03.12-05.42.42:516][994]LogModuleManager: Shutting down and abandoning module XmlParser (490)
[2019.03.12-05.42.42:516][994]LogModuleManager: Shutting down and abandoning module Blutility (488)
[2019.03.12-05.42.42:516][994]LogModuleManager: Shutting down and abandoning module ProjectSettingsViewer (486)
[2019.03.12-05.42.42:516][994]LogModuleManager: Shutting down and abandoning module ProjectTargetPlatformEditor (485)
[2019.03.12-05.42.42:516][994]LogModuleManager: Shutting down and abandoning module EditorSettingsViewer (482)
[2019.03.12-05.42.42:516][994]LogModuleManager: Shutting down and abandoning module SettingsEditor (480)
[2019.03.12-05.42.42:539][994]LogModuleManager: Shutting down and abandoning module ProjectLauncher (478)
[2019.03.12-05.42.42:546][994]LogModuleManager: Shutting down and abandoning module SessionFrontend (476)
[2019.03.12-05.42.42:560][994]LogModuleManager: Shutting down and abandoning module ProfilerClient (474)
[2019.03.12-05.42.42:560][994]LogModuleManager: Shutting down and abandoning module DeviceManager (472)
[2019.03.12-05.42.42:561][994]LogModuleManager: Shutting down and abandoning module TargetDeviceServices (471)
[2019.03.12-05.42.42:624][994]LogModuleManager: Shutting down and abandoning module AutomationController (468)
[2019.03.12-05.42.42:639][994]LogModuleManager: Shutting down and abandoning module AutomationWindow (466)
[2019.03.12-05.42.42:640][994]LogModuleManager: Shutting down and abandoning module Layers (464)
[2019.03.12-05.42.42:665][994]LogModuleManager: Shutting down and abandoning module ComponentVisualizers (462)
[2019.03.12-05.42.42:665][994]LogModuleManager: Shutting down and abandoning module DetailCustomizations (460)
[2019.03.12-05.42.42:666][994]LogModuleManager: Shutting down and abandoning module PackagesDialog (458)
[2019.03.12-05.42.42:666][994]LogModuleManager: Shutting down and abandoning module Persona (456)
[2019.03.12-05.42.42:691][994]LogModuleManager: Shutting down and abandoning module AdvancedPreviewScene (455)
[2019.03.12-05.42.42:691][994]LogModuleManager: Shutting down and abandoning module AnimGraph (453)
[2019.03.12-05.42.42:705][994]LogModuleManager: Shutting down and abandoning module Kismet (450)
[2019.03.12-05.42.42:706][994]LogModuleManager: Shutting down and abandoning module GraphEditor (448)
[2019.03.12-05.42.42:706][994]LogModuleManager: Shutting down and abandoning module ClassViewer (446)
[2019.03.12-05.42.42:706][994]LogModuleManager: Shutting down and abandoning module Toolbox (444)
[2019.03.12-05.42.42:706][994]LogModuleManager: Shutting down and abandoning module DesktopPlatform (443)
[2019.03.12-05.42.42:706][994]LogModuleManager: Shutting down and abandoning module ModuleUI (440)
[2019.03.12-05.42.42:707][994]LogModuleManager: Shutting down and abandoning module MovieSceneTools (438)
[2019.03.12-05.42.42:719][994]LogModuleManager: Shutting down and abandoning module OutputLog (436)
[2019.03.12-05.42.42:719][994]LogModuleManager: Shutting down and abandoning module GammaUI (434)
[2019.03.12-05.42.42:728][994]LogModuleManager: Shutting down and abandoning module Documentation (432)
[2019.03.12-05.42.42:728][994]LogModuleManager: Shutting down and abandoning module MovieSceneTracks (430)
[2019.03.12-05.42.42:728][994]LogModuleManager: Shutting down and abandoning module MovieScene (428)
[2019.03.12-05.42.42:728][994]LogModuleManager: Shutting down and abandoning module StreamingPauseRendering (426)
[2019.03.12-05.42.42:728][994]LogModuleManager: Shutting down and abandoning module LauncherPlatform (424)
[2019.03.12-05.42.42:728][994]LogModuleManager: Shutting down and abandoning module AnalyticsET (422)
[2019.03.12-05.42.42:728][994]LogModuleManager: Shutting down and abandoning module PortalServices (420)
[2019.03.12-05.42.42:728][994]LogModuleManager: Shutting down and abandoning module PortalRpc (418)
[2019.03.12-05.42.42:728][994]LogModuleManager: Shutting down and abandoning module MessagingRpc (416)
[2019.03.12-05.42.42:728][994]LogModuleManager: Shutting down and abandoning module AIModule (414)
[2019.03.12-05.42.42:735][994]LogModuleManager: Shutting down and abandoning module GameplayDebugger (413)
[2019.03.12-05.42.42:736][994]LogModuleManager: Shutting down and abandoning module AITestSuite (411)
[2019.03.12-05.42.42:741][994]LogModuleManager: Shutting down and abandoning module NavigationSystem (409)
[2019.03.12-05.42.42:741][994]LogModuleManager: Shutting down and abandoning module ProfilerService (406)
[2019.03.12-05.42.42:751][994]LogModuleManager: Shutting down and abandoning module TaskGraph (404)
[2019.03.12-05.42.42:753][994]LogModuleManager: Shutting down and abandoning module SteamVRController (402)
[2019.03.12-05.42.42:753][994]LogModuleManager: Shutting down and abandoning module ProceduralMeshComponentEditor (400)
[2019.03.12-05.42.42:753][994]LogModuleManager: Shutting down and abandoning module ProceduralMeshComponent (398)
[2019.03.12-05.42.42:764][994]LogModuleManager: Shutting down and abandoning module OculusInput (396)
[2019.03.12-05.42.42:764][994]LogModuleManager: Shutting down and abandoning module MobilePatchingUtils (394)
[2019.03.12-05.42.42:764][994]LogModuleManager: Shutting down and abandoning module EditableMesh (392)
[2019.03.12-05.42.42:773][994]LogModuleManager: Shutting down and abandoning module CustomMeshComponent (390)
[2019.03.12-05.42.42:773][994]LogModuleManager: Shutting down and abandoning module CableComponent (388)
[2019.03.12-05.42.42:773][994]LogModuleManager: Shutting down and abandoning module AudioCapture (386)
[2019.03.12-05.42.42:773][994]LogModuleManager: Shutting down and abandoning module ArchVisCharacter (384)
[2019.03.12-05.42.42:773][994]LogModuleManager: Shutting down and abandoning module AndroidPermission (382)
[2019.03.12-05.42.42:773][994]LogModuleManager: Shutting down and abandoning module NUTUnrealEngine4 (380)
[2019.03.12-05.42.42:773][994]LogModuleManager: Shutting down and abandoning module NetcodeUnitTest (378)
[2019.03.12-05.42.42:806][994]LogModuleManager: Shutting down and abandoning module MediaCompositingEditor (376)
[2019.03.12-05.42.42:806][994]LogModuleManager: Shutting down and abandoning module MediaCompositing (374)
[2019.03.12-05.42.42:806][994]LogModuleManager: Shutting down and abandoning module LinearTimecode (372)
[2019.03.12-05.42.42:806][994]LogModuleManager: Shutting down and abandoning module ImgMedia (370)
[2019.03.12-05.42.42:812][994]LogModuleManager: Shutting down and abandoning module HTML5Networking (366)
[2019.03.12-05.42.42:812][994]LogModuleManager: Shutting down and abandoning module GeometryCacheTracks (364)
[2019.03.12-05.42.42:812][994]LogModuleManager: Shutting down and abandoning module GeometryCacheSequencer (362)
[2019.03.12-05.42.42:812][994]LogModuleManager: Shutting down and abandoning module BackChannel (360)
[2019.03.12-05.42.42:826][994]LogModuleManager: Shutting down and abandoning module AppleVision (358)
[2019.03.12-05.42.42:826][994]LogModuleManager: Shutting down and abandoning module AppleImageUtils (356)
[2019.03.12-05.42.42:826][994]LogModuleManager: Shutting down and abandoning module AlembicImporter (354)
[2019.03.12-05.42.42:826][994]LogModuleManager: Shutting down and abandoning module AlembicLibrary (353)
[2019.03.12-05.42.42:826][994]LogModuleManager: Shutting down and abandoning module GeometryCache (352)
[2019.03.12-05.42.42:826][994]LogModuleManager: Shutting down and abandoning module GeometryCacheEd (351)
[2019.03.12-05.42.42:826][994]LogModuleManager: Shutting down and abandoning module DatasmithContentEditor (346)
[2019.03.12-05.42.42:826][994]LogModuleManager: Shutting down and abandoning module DatasmithContent (344)
[2019.03.12-05.42.42:826][994]LogModuleManager: Shutting down and abandoning module SpeedTreeImporter (342)
[2019.03.12-05.42.42:826][994]LogModuleManager: Shutting down and abandoning module PluginBrowser (340)
[2019.03.12-05.42.42:838][994]LogModuleManager: Shutting down and abandoning module MobileLauncherProfileWizard (338)
[2019.03.12-05.42.42:838][994]LogModuleManager: Shutting down and abandoning module PolygonModeling (336)
[2019.03.12-05.42.42:838][994]LogModuleManager: Shutting down and abandoning module MeshEditor (334)
[2019.03.12-05.42.42:839][994]LogModuleManager: Shutting down and abandoning module CryptoKeysOpenSSL (332)
[2019.03.12-05.42.42:842][994]LogModuleManager: Shutting down and abandoning module CryptoKeys (330)
[2019.03.12-05.42.42:842][994]LogModuleManager: Shutting down and abandoning module VisualStudioSourceCodeAccess (328)
[2019.03.12-05.42.42:842][994]LogModuleManager: Shutting down and abandoning module VisualStudioCodeSourceCodeAccess (326)
[2019.03.12-05.42.42:842][994]LogModuleManager: Shutting down and abandoning module UObjectPlugin (324)
[2019.03.12-05.42.42:842][994]LogModuleManager: Shutting down and abandoning module SubversionSourceControl (322)
[2019.03.12-05.42.42:855][994]LogModuleManager: Shutting down and abandoning module PerforceSourceControl (320)
[2019.03.12-05.42.42:858][994]LogModuleManager: Shutting down and abandoning module GitSourceControl (318)
[2019.03.12-05.42.42:864][994]LogModuleManager: Shutting down and abandoning module SourceControl (317)
[2019.03.12-05.42.42:876][994]LogModuleManager: Shutting down and abandoning module CLionSourceCodeAccess (314)
[2019.03.12-05.42.42:876][994]LogModuleManager: Shutting down and abandoning module LightPropagationVolumeEditor (312)
[2019.03.12-05.42.42:876][994]LogModuleManager: Shutting down and abandoning module PaperTiledImporter (310)
[2019.03.12-05.42.42:876][994]LogModuleManager: Shutting down and abandoning module PaperSpriteSheetImporter (308)
[2019.03.12-05.42.42:876][994]LogModuleManager: Shutting down and abandoning module Paper2DEditor (306)
[2019.03.12-05.42.42:892][994]LogModuleManager: Shutting down and abandoning module MeshPaint (305)
[2019.03.12-05.42.42:892][994]LogModuleManager: Shutting down and abandoning module GoTLegends (302)
[2019.03.12-05.42.42:892][994]LogModuleManager: Shutting down and abandoning module RuntimePhysXCooking (300)
[2019.03.12-05.42.42:892][994]LogModuleManager: Shutting down and abandoning module PhysXVehiclesEditor (298)
[2019.03.12-05.42.42:892][994]LogModuleManager: Shutting down and abandoning module PhysXVehicles (296)
[2019.03.12-05.42.42:892][994]LogModuleManager: Shutting down and abandoning module OculusEditor (294)
[2019.03.12-05.42.42:898][994]LogModuleManager: Shutting down and abandoning module LocationServicesBPLibrary (292)
[2019.03.12-05.42.42:898][994]LogModuleManager: Shutting down and abandoning module ImmediatePhysicsEditor (290)
[2019.03.12-05.42.42:898][994]LogModuleManager: Shutting down and abandoning module ImmediatePhysics (288)
[2019.03.12-05.42.42:907][994]LogModuleManager: Shutting down and abandoning module ActorSequence (286)
[2019.03.12-05.42.42:907][994]LogModuleManager: Shutting down and abandoning module UdpMessaging (284)
[2019.03.12-05.42.43:007][994]LogModuleManager: Shutting down and abandoning module TcpMessaging (282)
[2019.03.12-05.42.43:119][994]LogModuleManager: Shutting down and abandoning module MagicLeapAudio (280)
[2019.03.12-05.42.43:119][994]LogModuleManager: Shutting down and abandoning module GameSparks (278)
[2019.03.12-05.42.43:119][994]UGameSparksModuleLog: Starting connection terminate
[2019.03.12-05.42.43:119][994]UGameSparksModuleLog: WebSocket closed
[2019.03.12-05.42.43:119][994]UGameSparksModuleLog: Connection terminated
[2019.03.12-05.42.43:119][994]UGameSparksModuleLog: Warning: GameSparks::GameSparksAvailable_Static
[2019.03.12-05.42.43:124][994]LogModuleManager: Shutting down and abandoning module GameplayTagsEditor (276)
[2019.03.12-05.42.43:130][994]LogModuleManager: Shutting down and abandoning module FacialAnimationEditor (274)
[2019.03.12-05.42.43:130][994]LogModuleManager: Shutting down and abandoning module FacialAnimation (272)
[2019.03.12-05.42.43:130][994]LogModuleManager: Shutting down and abandoning module DataValidation (270)
[2019.03.12-05.42.43:130][994]LogModuleManager: Shutting down and abandoning module AssetManagerEditor (268)
[2019.03.12-05.42.43:145][994]LogModuleManager: Shutting down and abandoning module LevelEditor (267)
[2019.03.12-05.42.43:155][994]LogModuleManager: Shutting down and abandoning module PixelInspectorModule (266)
[2019.03.12-05.42.43:156][994]LogModuleManager: Shutting down and abandoning module CommonMenuExtensions (264)
[2019.03.12-05.42.43:156][994]LogModuleManager: Shutting down and abandoning module MainFrame (262)
[2019.03.12-05.42.43:163][994]LogModuleManager: Shutting down and abandoning module HotReload (261)
[2019.03.12-05.42.43:164][994]LogModuleManager: Shutting down and abandoning module ContentBrowser (257)
[2019.03.12-05.42.43:165][994]LogModuleManager: Shutting down and abandoning module TreeMap (255)
[2019.03.12-05.42.43:169][994]LogModuleManager: Shutting down and abandoning module LightPropagationVolumeRuntime (252)
[2019.03.12-05.42.43:169][994]LogModuleManager: Shutting down and abandoning module AISupportModule (250)
[2019.03.12-05.42.43:169][994]LogModuleManager: Shutting down and abandoning module Paper2D (248)
[2019.03.12-05.42.43:179][994]LogModuleManager: Shutting down and abandoning module WindowsMoviePlayer (246)
[2019.03.12-05.42.43:190][994]LogModuleManager: Shutting down and abandoning module WmfMedia (244)
[2019.03.12-05.42.43:200][994]LogModuleManager: Shutting down and abandoning module Media (243)
[2019.03.12-05.42.43:206][994]LogModuleManager: Shutting down and abandoning module PacketHandler (240)
[2019.03.12-05.42.43:206][994]LogModuleManager: Shutting down and abandoning module ClothingSystemEditor (238)
[2019.03.12-05.42.43:206][994]LogModuleManager: Shutting down and abandoning module ClothingSystemRuntime (236)
[2019.03.12-05.42.43:219][994]LogModuleManager: Shutting down and abandoning module MediaAssets (234)
[2019.03.12-05.42.43:219][994]LogModuleManager: Shutting down and abandoning module Overlay (232)
[2019.03.12-05.42.43:219][994]LogModuleManager: Shutting down and abandoning module OverlayEditor (231)
[2019.03.12-05.42.43:219][994]LogModuleManager: Shutting down and abandoning module VREditor (228)
[2019.03.12-05.42.43:233][994]LogModuleManager: Shutting down and abandoning module StringTableEditor (226)
[2019.03.12-05.42.43:243][994]LogModuleManager: Shutting down and abandoning module GameplayTasksEditor (224)
[2019.03.12-05.42.43:243][994]LogModuleManager: Shutting down and abandoning module BehaviorTreeEditor (222)
[2019.03.12-05.42.43:281][994]LogModuleManager: Shutting down and abandoning module FunctionalTesting (220)
[2019.03.12-05.42.43:288][994]LogModuleManager: Shutting down and abandoning module CollisionAnalyzer (218)
[2019.03.12-05.42.43:312][994]LogModuleManager: Shutting down and abandoning module WorkspaceMenuStructure (217)
[2019.03.12-05.42.43:312][994]LogModuleManager: Shutting down and abandoning module UMG (214)
[2019.03.12-05.42.43:312][994]LogModuleManager: Shutting down and abandoning module UMGEditor (213)
[2019.03.12-05.42.43:312][994]LogModuleManager: Shutting down and abandoning module Sequencer (212)
[2019.03.12-05.42.43:331][994]LogModuleManager: Shutting down and abandoning module MessageLog (209)
[2019.03.12-05.42.43:331][994]LogModuleManager: Shutting down and abandoning module SlateReflector (204)
[2019.03.12-05.42.43:354][994]LogModuleManager: Shutting down and abandoning module Slate (202)
[2019.03.12-05.42.43:354][994]LogModuleManager: Shutting down and abandoning module EditorStyle (200)
[2019.03.12-05.42.43:356][994]LogModuleManager: Shutting down and abandoning module MRMesh (198)
[2019.03.12-05.42.43:356][994]LogModuleManager: Shutting down and abandoning module SourceCodeAccess (196)
[2019.03.12-05.42.43:356][994]LogModuleManager: Shutting down and abandoning module HeadMountedDisplay (194)
[2019.03.12-05.42.43:356][994]LogModuleManager: Shutting down and abandoning module XAudio2 (192)
[2019.03.12-05.42.43:356][994]LogModuleManager: Shutting down and abandoning module Networking (190)
[2019.03.12-05.42.43:356][994]LogModuleManager: Shutting down and abandoning module Core (188)
[2019.03.12-05.42.43:356][994]LogModuleManager: Shutting down and abandoning module LevelSequence (186)
[2019.03.12-05.42.43:356][994]LogModuleManager: Shutting down and abandoning module KismetCompiler (184)
[2019.03.12-05.42.43:356][994]LogModuleManager: Shutting down and abandoning module MeshUtilities (182)
[2019.03.12-05.42.43:368][994]LogModuleManager: Shutting down and abandoning module MeshMergeUtilities (181)
[2019.03.12-05.42.43:378][994]LogModuleManager: Shutting down and abandoning module MeshReductionInterface (180)
[2019.03.12-05.42.43:378][994]LogModuleManager: Shutting down and abandoning module SimplygonSwarm (179)
[2019.03.12-05.42.43:381][994]LogModuleManager: Shutting down and abandoning module ProxyLODMeshReduction (177)
[2019.03.12-05.42.43:391][994]LogModuleManager: Shutting down and abandoning module SimplygonMeshReduction (175)
[2019.03.12-05.42.43:391][994]LogModuleManager: Shutting down and abandoning module QuadricMeshReduction (173)
[2019.03.12-05.42.43:397][994]LogModuleManager: Shutting down and abandoning module MaterialBaking (169)
[2019.03.12-05.42.43:410][994]LogModuleManager: Shutting down and abandoning module DirectoryWatcher (165)
[2019.03.12-05.42.43:410][994]LogModuleManager: Shutting down and abandoning module DerivedDataCache (162)
[2019.03.12-05.42.43:461][994]LogDerivedDataCache: Shutdown
[2019.03.12-05.42.43:461][994]LogModuleManager: Shutting down and abandoning module XGEController (160)
[2019.03.12-05.42.43:461][994]LogModuleManager: Shutting down and abandoning module TargetPlatform (158)
[2019.03.12-05.42.43:461][994]LogModuleManager: Shutting down and abandoning module VulkanShaderFormat (157)
[2019.03.12-05.42.43:475][994]LogModuleManager: Shutting down and abandoning module ShaderFormatVectorVM (155)
[2019.03.12-05.42.43:475][994]LogModuleManager: Shutting down and abandoning module ShaderFormatOpenGL (153)
[2019.03.12-05.42.43:482][994]LogModuleManager: Shutting down and abandoning module ShaderFormatD3D (151)
[2019.03.12-05.42.43:482][994]LogModuleManager: Shutting down and abandoning module MetalShaderFormat (149)
[2019.03.12-05.42.43:483][994]LogModuleManager: Shutting down and abandoning module TextureFormatUncompressed (147)
[2019.03.12-05.42.43:483][994]LogModuleManager: Shutting down and abandoning module TextureFormatPVR (145)
[2019.03.12-05.42.43:483][994]LogModuleManager: Shutting down and abandoning module TextureFormatDXT (143)
[2019.03.12-05.42.43:483][994]LogModuleManager: Shutting down and abandoning module TextureFormatIntelISPCTexComp (141)
[2019.03.12-05.42.43:483][994]LogModuleManager: Shutting down and abandoning module TextureFormatASTC (139)
[2019.03.12-05.42.43:483][994]LogModuleManager: Shutting down and abandoning module ImageWrapper (138)
[2019.03.12-05.42.43:483][994]LogModuleManager: Shutting down and abandoning module TextureFormatAndroid (135)
[2019.03.12-05.42.43:483][994]LogModuleManager: Shutting down and abandoning module AudioFormatOpus (133)
[2019.03.12-05.42.43:483][994]LogModuleManager: Shutting down and abandoning module AudioFormatOgg (131)
[2019.03.12-05.42.43:483][994]LogModuleManager: Shutting down and abandoning module AudioFormatADPCM (129)
[2019.03.12-05.42.43:483][994]LogModuleManager: Shutting down and abandoning module LuminTargetPlatform (127)
[2019.03.12-05.42.43:483][994]LogModuleManager: Shutting down and abandoning module LinuxTargetPlatform (125)
[2019.03.12-05.42.43:483][994]LogModuleManager: Shutting down and abandoning module LinuxServerTargetPlatform (123)
[2019.03.12-05.42.43:483][994]LogModuleManager: Shutting down and abandoning module LinuxNoEditorTargetPlatform (121)
[2019.03.12-05.42.43:483][994]LogModuleManager: Shutting down and abandoning module LinuxClientTargetPlatform (119)
[2019.03.12-05.42.43:483][994]LogModuleManager: Shutting down and abandoning module TVOSTargetPlatform (117)
[2019.03.12-05.42.43:484][994]LogModuleManager: Shutting down and abandoning module Messaging (115)
[2019.03.12-05.42.43:484][994]LogModuleManager: Shutting down and abandoning module IOSTargetPlatform (113)
[2019.03.12-05.42.43:485][994]LogModuleManager: Shutting down and abandoning module HTML5TargetPlatform (111)
[2019.03.12-05.42.43:485][994]LogModuleManager: Shutting down and abandoning module AndroidTargetPlatform (109)
[2019.03.12-05.42.43:493][994]LogModuleManager: Shutting down and abandoning module WindowsTargetPlatform (107)
[2019.03.12-05.42.43:493][994]LogModuleManager: Shutting down and abandoning module WindowsServerTargetPlatform (105)
[2019.03.12-05.42.43:493][994]LogModuleManager: Shutting down and abandoning module WindowsNoEditorTargetPlatform (103)
[2019.03.12-05.42.43:493][994]LogModuleManager: Shutting down and abandoning module WindowsClientTargetPlatform (101)
[2019.03.12-05.42.43:493][994]LogModuleManager: Shutting down and abandoning module MacTargetPlatform (99)
[2019.03.12-05.42.43:494][994]LogModuleManager: Shutting down and abandoning module MacServerTargetPlatform (97)
[2019.03.12-05.42.43:494][994]LogModuleManager: Shutting down and abandoning module MacNoEditorTargetPlatform (95)
[2019.03.12-05.42.43:494][994]LogModuleManager: Shutting down and abandoning module MacClientTargetPlatform (93)
[2019.03.12-05.42.43:494][994]LogModuleManager: Shutting down and abandoning module AllDesktopTargetPlatform (91)
[2019.03.12-05.42.43:494][994]LogModuleManager: Shutting down and abandoning module InputCore (88)
[2019.03.12-05.42.43:494][994]LogModuleManager: Shutting down and abandoning module Settings (86)
[2019.03.12-05.42.43:494][994]LogModuleManager: Shutting down and abandoning module PhysXCooking (84)
[2019.03.12-05.42.43:494][994]LogModuleManager: Shutting down and abandoning module SteamVR (82)
[2019.03.12-05.42.43:494][994]LogModuleManager: Shutting down and abandoning module OculusHMD (80)
[2019.03.12-05.42.43:494][994]LogModuleManager: Shutting down and abandoning module ExampleDeviceProfileSelector (78)
[2019.03.12-05.42.43:494][994]LogModuleManager: Shutting down and abandoning module LauncherChunkInstaller (76)
[2019.03.12-05.42.43:494][994]LogModuleManager: Shutting down and abandoning module OnlineBlueprintSupport (74)
[2019.03.12-05.42.43:494][994]LogModuleManager: Shutting down and abandoning module OnlineSubsystem (70)
[2019.03.12-05.42.43:504][994]LogModuleManager: Shutting down and abandoning module XMPP (65)
[2019.03.12-05.42.43:520][994]LogModuleManager: Shutting down and abandoning module WebSockets (64)
[2019.03.12-05.42.43:552][994]LogModuleManager: Shutting down and abandoning module HTTP (61)
[2019.03.12-05.42.43:560][994]LogHttp: Display: Http module shutting down, but needs to wait on 1 outstanding Http requests:
[2019.03.12-05.42.43:560][994]LogHttp: Display: 	verb=[POST] url=[https://datarouter.ol.epicgames.com/datarouter/api/v1/public/data?SessionID=%7B05B81122-4B08-8B2E-9322-579B78E1D141%7D&AppID=UEEditor.Rocket.Release&AppVersion=4.20.3-4369336%2B%2B%2BUE4%2BRelease-4.20&UserID=23a9945d4cf4aa7026ea519349c83a46%7C1b0d1587ca424623a9633c812948354e%7C2f4f4ce3-b2b0-40c5-bd3e-13c83a2fb140&AppEnvironment=datacollector-binary&UploadType=eteventstream] status=Processing
[2019.03.12-05.42.43:588][994]LogModuleManager: Shutting down and abandoning module SSL (60)
[2019.03.12-05.42.43:600][994]LogModuleManager: Shutting down and abandoning module MagicLeapEmulator (56)
[2019.03.12-05.42.43:600][994]LogModuleManager: Shutting down and abandoning module MagicLeapPrivileges (54)
[2019.03.12-05.42.43:600][994]LogModuleManager: Shutting down and abandoning module MagicLeapIdentity (52)
[2019.03.12-05.42.43:600][994]LogModuleManager: Shutting down and abandoning module MagicLeapHelperVulkan (50)
[2019.03.12-05.42.43:600][994]LogModuleManager: Shutting down and abandoning module MagicLeapHelperOpenGL (48)
[2019.03.12-05.42.43:600][994]LogModuleManager: Shutting down and abandoning module MagicLeapSecureStorage (46)
[2019.03.12-05.42.43:600][994]LogModuleManager: Shutting down and abandoning module MagicLeapGestures (44)
[2019.03.12-05.42.43:600][994]LogModuleManager: Shutting down and abandoning module MagicLeapEyeTracker (42)
[2019.03.12-05.42.43:600][994]LogModuleManager: Shutting down and abandoning module MagicLeapController (40)
[2019.03.12-05.42.43:600][994]LogSlate: Slate User Destroyed.  User Index 0, Is Virtual User: 0
[2019.03.12-05.42.43:600][994]LogModuleManager: Shutting down and abandoning module MagicLeap (38)
[2019.03.12-05.42.43:600][994]LogModuleManager: Shutting down and abandoning module AnimationModifiers (36)
[2019.03.12-05.42.43:615][994]LogModuleManager: Shutting down and abandoning module PropertyEditor (35)
[2019.03.12-05.42.43:615][994]LogModuleManager: Shutting down and abandoning module AudioEditor (32)
[2019.03.12-05.42.43:636][994]LogModuleManager: Shutting down and abandoning module TextureCompressor (30)
[2019.03.12-05.42.43:639][994]LogModuleManager: Shutting down and abandoning module ShaderCore (28)
[2019.03.12-05.42.43:639][994]LogModuleManager: Shutting down and abandoning module Landscape (26)
[2019.03.12-05.42.43:639][994]LogModuleManager: Shutting down and abandoning module SlateRHIRenderer (24)
[2019.03.12-05.42.43:654][994]LogModuleManager: Shutting down and abandoning module OpenGLDrv (22)
[2019.03.12-05.42.43:657][994]LogModuleManager: Shutting down and abandoning module D3D11RHI (20)
[2019.03.12-05.42.43:657][994]LogModuleManager: Shutting down and abandoning module AnimGraphRuntime (18)
[2019.03.12-05.42.43:670][994]LogModuleManager: Shutting down and abandoning module Renderer (16)
[2019.03.12-05.42.43:670][994]LogModuleManager: Shutting down and abandoning module Engine (14)
[2019.03.12-05.42.43:670][994]LogModuleManager: Shutting down and abandoning module CoreUObject (12)
[2019.03.12-05.42.43:670][994]LogModuleManager: Shutting down and abandoning module NetworkFile (10)
[2019.03.12-05.42.43:670][994]LogModuleManager: Shutting down and abandoning module CookedIterativeFile (8)
[2019.03.12-05.42.43:670][994]LogModuleManager: Shutting down and abandoning module StreamingFile (6)
[2019.03.12-05.42.43:670][994]LogModuleManager: Shutting down and abandoning module SandboxFile (4)
[2019.03.12-05.42.43:670][994]LogModuleManager: Shutting down and abandoning module PakFile (2)
[2019.03.12-05.42.43:695][994]LogExit: Exiting.
[2019.03.12-05.42.43:708][994]Log file closed, 03/12/19 01:42:43
